<?xml version="1.0" encoding="UTF-8"?>
<coverage generated="1789884634419" clover="3.2.0">
  <project timestamp="1789884634419" name="All files">
    <metrics statements="793" coveredstatements="710" conditionals="475" coveredconditionals="386" methods="117" coveredmethods="103" elements="1385" coveredelements="1199" complexity="0" loc="793" ncloc="793" packages="1" files="6" classes="6"/>
    <file name="controller.js" path="/Users/fortunm/projects/maxfortun/k8s-scale0/app/controller.js">
      <metrics statements="268" coveredstatements="252" conditionals="177" coveredconditionals="147" methods="25" coveredmethods="23"/>
      <line num="3" count="60" type="stmt"/>
      <line num="4" count="60" type="stmt"/>
      <line num="5" count="60" type="stmt"/>
      <line num="6" count="60" type="stmt"/>
      <line num="7" count="60" type="cond" truecount="2" falsecount="0"/>
      <line num="8" count="60" type="cond" truecount="2" falsecount="0"/>
      <line num="9" count="60" type="cond" truecount="2" falsecount="0"/>
      <line num="10" count="60" type="cond" truecount="2" falsecount="0"/>
      <line num="11" count="60" type="cond" truecount="2" falsecount="0"/>
      <line num="12" count="60" type="stmt"/>
      <line num="13" count="60" type="stmt"/>
      <line num="14" count="60" type="stmt"/>
      <line num="15" count="60" type="stmt"/>
      <line num="19" count="7" type="stmt"/>
      <line num="23" count="77" type="cond" truecount="2" falsecount="0"/>
      <line num="25" count="55" type="cond" truecount="2" falsecount="0"/>
      <line num="26" count="1" type="stmt"/>
      <line num="28" count="55" type="stmt"/>
      <line num="29" count="55" type="stmt"/>
      <line num="33" count="2" type="stmt"/>
      <line num="34" count="2" type="stmt"/>
      <line num="35" count="2" type="stmt"/>
      <line num="36" count="2" type="stmt"/>
      <line num="40" count="16" type="cond" truecount="2" falsecount="0"/>
      <line num="41" count="2" type="stmt"/>
      <line num="42" count="2" type="stmt"/>
      <line num="46" count="16" type="stmt"/>
      <line num="47" count="3" type="stmt"/>
      <line num="48" count="3" type="stmt"/>
      <line num="49" count="3" type="stmt"/>
      <line num="50" count="2" type="stmt"/>
      <line num="52" count="1" type="stmt"/>
      <line num="55" count="16" type="stmt"/>
      <line num="57" count="16" type="stmt"/>
      <line num="61" count="23" type="stmt"/>
      <line num="62" count="23" type="stmt"/>
      <line num="63" count="23" type="stmt"/>
      <line num="66" count="22" type="stmt"/>
      <line num="67" count="21" type="stmt"/>
      <line num="70" count="22" type="stmt"/>
      <line num="71" count="21" type="stmt"/>
      <line num="75" count="22" type="stmt"/>
      <line num="77" count="1" type="stmt"/>
      <line num="82" count="37" type="stmt"/>
      <line num="83" count="37" type="cond" truecount="1" falsecount="1"/>
      <line num="84" count="37" type="cond" truecount="1" falsecount="1"/>
      <line num="86" count="37" type="stmt"/>
      <line num="92" count="37" type="cond" truecount="4" falsecount="0"/>
      <line num="93" count="2" type="stmt"/>
      <line num="97" count="37" type="stmt"/>
      <line num="98" count="37" type="cond" truecount="2" falsecount="0"/>
      <line num="99" count="2" type="stmt"/>
      <line num="101" count="37" type="stmt"/>
      <line num="103" count="37" type="cond" truecount="2" falsecount="0"/>
      <line num="106" count="37" type="cond" truecount="2" falsecount="0"/>
      <line num="109" count="37" type="cond" truecount="1" falsecount="1"/>
      <line num="112" count="37" type="stmt"/>
      <line num="113" count="37" type="stmt"/>
      <line num="116" count="37" type="cond" truecount="2" falsecount="0"/>
      <line num="117" count="1" type="stmt"/>
      <line num="118" count="1" type="stmt"/>
      <line num="120" count="36" type="stmt"/>
      <line num="121" count="36" type="cond" truecount="2" falsecount="0"/>
      <line num="122" count="30" type="stmt"/>
      <line num="123" count="30" type="stmt"/>
      <line num="124" count="30" type="cond" truecount="2" falsecount="0"/>
      <line num="125" count="21" type="stmt"/>
      <line num="131" count="37" type="cond" truecount="2" falsecount="0"/>
      <line num="132" count="6" type="stmt"/>
      <line num="133" count="6" type="cond" truecount="2" falsecount="0"/>
      <line num="134" count="3" type="stmt"/>
      <line num="135" count="3" type="stmt"/>
      <line num="136" count="3" type="cond" truecount="2" falsecount="0"/>
      <line num="137" count="2" type="stmt"/>
      <line num="143" count="37" type="cond" truecount="4" falsecount="0"/>
      <line num="144" count="1" type="stmt"/>
      <line num="145" count="1" type="stmt"/>
      <line num="146" count="1" type="cond" truecount="1" falsecount="1"/>
      <line num="147" count="1" type="stmt"/>
      <line num="148" count="2" type="stmt"/>
      <line num="149" count="1" type="cond" truecount="1" falsecount="1"/>
      <line num="150" count="1" type="stmt"/>
      <line num="155" count="37" type="cond" truecount="2" falsecount="0"/>
      <line num="156" count="2" type="stmt"/>
      <line num="157" count="2" type="stmt"/>
      <line num="161" count="35" type="cond" truecount="2" falsecount="0"/>
      <line num="164" count="35" type="stmt"/>
      <line num="165" count="35" type="stmt"/>
      <line num="167" count="35" type="cond" truecount="2" falsecount="0"/>
      <line num="168" count="1" type="stmt"/>
      <line num="170" count="34" type="stmt"/>
      <line num="171" count="34" type="cond" truecount="2" falsecount="0"/>
      <line num="172" count="33" type="stmt"/>
      <line num="173" count="30" type="cond" truecount="2" falsecount="0"/>
      <line num="174" count="21" type="stmt"/>
      <line num="179" count="35" type="cond" truecount="1" falsecount="1"/>
      <line num="180" count="0" type="stmt"/>
      <line num="182" count="35" type="stmt"/>
      <line num="183" count="35" type="cond" truecount="2" falsecount="0"/>
      <line num="184" count="5" type="stmt"/>
      <line num="185" count="5" type="cond" truecount="2" falsecount="0"/>
      <line num="186" count="3" type="stmt"/>
      <line num="191" count="35" type="cond" truecount="4" falsecount="0"/>
      <line num="192" count="1" type="stmt"/>
      <line num="193" count="1" type="stmt"/>
      <line num="197" count="34" type="cond" truecount="2" falsecount="0"/>
      <line num="198" count="21" type="stmt"/>
      <line num="199" count="21" type="stmt"/>
      <line num="202" count="34" type="stmt"/>
      <line num="203" count="34" type="stmt"/>
      <line num="204" count="34" type="stmt"/>
      <line num="206" count="34" type="cond" truecount="2" falsecount="0"/>
      <line num="208" count="1" type="stmt"/>
      <line num="211" count="33" type="cond" truecount="2" falsecount="0"/>
      <line num="212" count="8" type="stmt"/>
      <line num="213" count="8" type="stmt"/>
      <line num="218" count="14" type="stmt"/>
      <line num="219" count="14" type="cond" truecount="1" falsecount="1"/>
      <line num="220" count="0" type="stmt"/>
      <line num="221" count="0" type="stmt"/>
      <line num="225" count="14" type="stmt"/>
      <line num="226" count="14" type="stmt"/>
      <line num="227" count="14" type="cond" truecount="1" falsecount="1"/>
      <line num="228" count="0" type="stmt"/>
      <line num="229" count="0" type="stmt"/>
      <line num="231" count="14" type="stmt"/>
      <line num="233" count="14" type="stmt"/>
      <line num="235" count="14" type="stmt"/>
      <line num="237" count="14" type="stmt"/>
      <line num="238" count="14" type="stmt"/>
      <line num="239" count="13" type="stmt"/>
      <line num="240" count="13" type="cond" truecount="1" falsecount="1"/>
      <line num="241" count="13" type="stmt"/>
      <line num="243" count="0" type="stmt"/>
      <line num="248" count="14" type="stmt"/>
      <line num="249" count="14" type="stmt"/>
      <line num="250" count="3" type="stmt"/>
      <line num="251" count="3" type="cond" truecount="1" falsecount="1"/>
      <line num="252" count="3" type="stmt"/>
      <line num="254" count="0" type="stmt"/>
      <line num="258" count="14" type="cond" truecount="3" falsecount="1"/>
      <line num="259" count="0" type="stmt"/>
      <line num="260" count="0" type="stmt"/>
      <line num="264" count="14" type="stmt"/>
      <line num="269" count="14" type="stmt"/>
      <line num="275" count="14" type="stmt"/>
      <line num="284" count="14" type="stmt"/>
      <line num="285" count="14" type="cond" truecount="2" falsecount="0"/>
      <line num="286" count="11" type="stmt"/>
      <line num="287" count="11" type="cond" truecount="2" falsecount="0"/>
      <line num="288" count="1" type="stmt"/>
      <line num="289" count="1" type="stmt"/>
      <line num="291" count="10" type="stmt"/>
      <line num="292" count="10" type="stmt"/>
      <line num="293" count="10" type="cond" truecount="1" falsecount="1"/>
      <line num="295" count="10" type="stmt"/>
      <line num="300" count="10" type="stmt"/>
      <line num="306" count="10" type="stmt"/>
      <line num="308" count="3" type="cond" truecount="2" falsecount="0"/>
      <line num="309" count="2" type="stmt"/>
      <line num="314" count="2" type="stmt"/>
      <line num="316" count="1" type="cond" truecount="1" falsecount="1"/>
      <line num="317" count="2" type="stmt"/>
      <line num="325" count="13" type="stmt"/>
      <line num="326" count="12" type="stmt"/>
      <line num="327" count="12" type="stmt"/>
      <line num="328" count="12" type="stmt"/>
      <line num="332" count="13" type="stmt"/>
      <line num="333" count="3" type="stmt"/>
      <line num="334" count="3" type="stmt"/>
      <line num="335" count="3" type="stmt"/>
      <line num="339" count="13" type="cond" truecount="4" falsecount="0"/>
      <line num="340" count="12" type="stmt"/>
      <line num="341" count="12" type="cond" truecount="2" falsecount="0"/>
      <line num="342" count="12" type="stmt"/>
      <line num="343" count="1" type="cond" truecount="1" falsecount="1"/>
      <line num="344" count="1" type="stmt"/>
      <line num="345" count="2" type="stmt"/>
      <line num="346" count="2" type="stmt"/>
      <line num="351" count="13" type="stmt"/>
      <line num="352" count="13" type="cond" truecount="2" falsecount="0"/>
      <line num="353" count="13" type="stmt"/>
      <line num="355" count="0" type="stmt"/>
      <line num="356" count="0" type="cond" truecount="0" falsecount="2"/>
      <line num="357" count="0" type="stmt"/>
      <line num="360" count="14" type="stmt"/>
      <line num="361" count="14" type="stmt"/>
      <line num="362" count="14" type="stmt"/>
      <line num="367" count="13" type="stmt"/>
      <line num="370" count="13" type="cond" truecount="1" falsecount="1"/>
      <line num="371" count="13" type="stmt"/>
      <line num="373" count="13" type="stmt"/>
      <line num="389" count="13" type="stmt"/>
      <line num="396" count="13" type="stmt"/>
      <line num="400" count="4" type="stmt"/>
      <line num="403" count="4" type="cond" truecount="1" falsecount="1"/>
      <line num="404" count="4" type="stmt"/>
      <line num="405" count="4" type="stmt"/>
      <line num="430" count="4" type="stmt"/>
      <line num="434" count="15" type="stmt"/>
      <line num="436" count="15" type="cond" truecount="1" falsecount="1"/>
      <line num="437" count="0" type="stmt"/>
      <line num="438" count="0" type="stmt"/>
      <line num="442" count="15" type="stmt"/>
      <line num="443" count="15" type="cond" truecount="2" falsecount="0"/>
      <line num="444" count="1" type="stmt"/>
      <line num="445" count="1" type="stmt"/>
      <line num="449" count="14" type="stmt"/>
      <line num="450" count="14" type="stmt"/>
      <line num="451" count="14" type="cond" truecount="1" falsecount="1"/>
      <line num="452" count="0" type="stmt"/>
      <line num="453" count="0" type="stmt"/>
      <line num="455" count="14" type="stmt"/>
      <line num="457" count="14" type="stmt"/>
      <line num="459" count="14" type="stmt"/>
      <line num="460" count="14" type="cond" truecount="1" falsecount="1"/>
      <line num="462" count="14" type="cond" truecount="4" falsecount="0"/>
      <line num="464" count="8" type="cond" truecount="1" falsecount="2"/>
      <line num="465" count="8" type="stmt"/>
      <line num="471" count="7" type="stmt"/>
      <line num="473" count="6" type="cond" truecount="4" falsecount="0"/>
      <line num="474" count="2" type="stmt"/>
      <line num="480" count="2" type="stmt"/>
      <line num="482" count="4" type="cond" truecount="4" falsecount="0"/>
      <line num="483" count="1" type="stmt"/>
      <line num="485" count="1" type="stmt"/>
      <line num="486" count="1" type="stmt"/>
      <line num="487" count="1" type="stmt"/>
      <line num="488" count="1" type="stmt"/>
      <line num="489" count="1" type="stmt"/>
      <line num="490" count="1" type="cond" truecount="1" falsecount="1"/>
      <line num="491" count="1" type="stmt"/>
      <line num="494" count="1" type="stmt"/>
      <line num="495" count="1" type="stmt"/>
      <line num="500" count="13" type="cond" truecount="3" falsecount="1"/>
      <line num="501" count="13" type="stmt"/>
      <line num="502" count="11" type="stmt"/>
      <line num="503" count="11" type="cond" truecount="1" falsecount="1"/>
      <line num="505" count="11" type="cond" truecount="2" falsecount="0"/>
      <line num="506" count="5" type="stmt"/>
      <line num="507" count="6" type="cond" truecount="1" falsecount="1"/>
      <line num="508" count="6" type="stmt"/>
      <line num="510" count="11" type="stmt"/>
      <line num="511" count="11" type="stmt"/>
      <line num="516" count="13" type="cond" truecount="2" falsecount="0"/>
      <line num="517" count="13" type="stmt"/>
      <line num="518" count="4" type="stmt"/>
      <line num="519" count="4" type="cond" truecount="1" falsecount="1"/>
      <line num="521" count="4" type="cond" truecount="2" falsecount="0"/>
      <line num="522" count="1" type="stmt"/>
      <line num="523" count="3" type="cond" truecount="1" falsecount="1"/>
      <line num="524" count="3" type="stmt"/>
      <line num="526" count="4" type="stmt"/>
      <line num="527" count="4" type="stmt"/>
      <line num="532" count="13" type="stmt"/>
      <line num="533" count="13" type="stmt"/>
      <line num="535" count="13" type="stmt"/>
      <line num="536" count="13" type="cond" truecount="2" falsecount="0"/>
      <line num="537" count="9" type="stmt"/>
      <line num="538" count="4" type="cond" truecount="2" falsecount="0"/>
      <line num="539" count="1" type="stmt"/>
      <line num="541" count="13" type="stmt"/>
      <line num="542" count="13" type="stmt"/>
      <line num="544" count="1" type="stmt"/>
      <line num="545" count="1" type="stmt"/>
      <line num="547" count="14" type="stmt"/>
      <line num="548" count="14" type="stmt"/>
      <line num="549" count="14" type="stmt"/>
    </file>
    <file name="index.js" path="/Users/fortunm/projects/maxfortun/k8s-scale0/app/index.js">
      <metrics statements="45" coveredstatements="0" conditionals="23" coveredconditionals="0" methods="10" coveredmethods="0"/>
      <line num="7" count="0" type="cond" truecount="0" falsecount="5"/>
      <line num="8" count="0" type="stmt"/>
      <line num="10" count="0" type="stmt"/>
      <line num="11" count="0" type="cond" truecount="0" falsecount="4"/>
      <line num="12" count="0" type="stmt"/>
      <line num="13" count="0" type="stmt"/>
      <line num="15" count="0" type="stmt"/>
      <line num="19" count="0" type="cond" truecount="0" falsecount="2"/>
      <line num="20" count="0" type="stmt"/>
      <line num="23" count="0" type="stmt"/>
      <line num="55" count="0" type="stmt"/>
      <line num="56" count="0" type="stmt"/>
      <line num="60" count="0" type="stmt"/>
      <line num="62" count="0" type="stmt"/>
      <line num="63" count="0" type="stmt"/>
      <line num="65" count="0" type="stmt"/>
      <line num="68" count="0" type="stmt"/>
      <line num="69" count="0" type="cond" truecount="0" falsecount="2"/>
      <line num="70" count="0" type="stmt"/>
      <line num="73" count="0" type="stmt"/>
      <line num="74" count="0" type="stmt"/>
      <line num="75" count="0" type="stmt"/>
      <line num="77" count="0" type="stmt"/>
      <line num="78" count="0" type="stmt"/>
      <line num="80" count="0" type="stmt"/>
      <line num="81" count="0" type="stmt"/>
      <line num="82" count="0" type="stmt"/>
      <line num="83" count="0" type="stmt"/>
      <line num="84" count="0" type="stmt"/>
      <line num="87" count="0" type="stmt"/>
      <line num="88" count="0" type="stmt"/>
      <line num="89" count="0" type="stmt"/>
      <line num="90" count="0" type="stmt"/>
      <line num="91" count="0" type="stmt"/>
      <line num="93" count="0" type="stmt"/>
      <line num="94" count="0" type="stmt"/>
      <line num="95" count="0" type="stmt"/>
      <line num="99" count="0" type="stmt"/>
      <line num="100" count="0" type="stmt"/>
      <line num="101" count="0" type="stmt"/>
      <line num="102" count="0" type="stmt"/>
      <line num="103" count="0" type="stmt"/>
      <line num="107" count="0" type="stmt"/>
      <line num="108" count="0" type="stmt"/>
      <line num="109" count="0" type="stmt"/>
    </file>
    <file name="k8s.js" path="/Users/fortunm/projects/maxfortun/k8s-scale0/app/k8s.js">
      <metrics statements="203" coveredstatements="182" conditionals="107" coveredconditionals="80" methods="32" coveredmethods="30"/>
      <line num="6" count="59" type="stmt"/>
      <line num="7" count="59" type="stmt"/>
      <line num="8" count="59" type="stmt"/>
      <line num="9" count="59" type="stmt"/>
      <line num="10" count="59" type="stmt"/>
      <line num="11" count="59" type="stmt"/>
      <line num="12" count="59" type="cond" truecount="2" falsecount="0"/>
      <line num="16" count="59" type="stmt"/>
      <line num="17" count="59" type="cond" truecount="2" falsecount="0"/>
      <line num="18" count="1" type="stmt"/>
      <line num="19" count="1" type="stmt"/>
      <line num="21" count="58" type="stmt"/>
      <line num="22" count="58" type="stmt"/>
      <line num="25" count="59" type="stmt"/>
      <line num="26" count="59" type="stmt"/>
      <line num="27" count="59" type="stmt"/>
      <line num="28" count="59" type="stmt"/>
      <line num="29" count="59" type="stmt"/>
      <line num="33" count="5" type="stmt"/>
      <line num="34" count="5" type="stmt"/>
      <line num="47" count="5" type="stmt"/>
      <line num="48" count="5" type="stmt"/>
      <line num="49" count="5" type="cond" truecount="2" falsecount="0"/>
      <line num="50" count="3" type="stmt"/>
      <line num="51" count="3" type="stmt"/>
      <line num="53" count="3" type="cond" truecount="2" falsecount="0"/>
      <line num="55" count="1" type="stmt"/>
      <line num="56" count="1" type="stmt"/>
      <line num="57" count="1" type="stmt"/>
      <line num="58" count="2" type="cond" truecount="2" falsecount="0"/>
      <line num="60" count="1" type="stmt"/>
      <line num="61" count="1" type="stmt"/>
      <line num="62" count="1" type="stmt"/>
      <line num="63" count="1" type="stmt"/>
      <line num="64" count="1" type="stmt"/>
      <line num="65" count="1" type="stmt"/>
      <line num="68" count="1" type="stmt"/>
      <line num="71" count="2" type="stmt"/>
      <line num="72" count="1" type="stmt"/>
      <line num="74" count="1" type="cond" truecount="1" falsecount="1"/>
      <line num="76" count="1" type="stmt"/>
      <line num="79" count="0" type="stmt"/>
      <line num="80" count="0" type="stmt"/>
      <line num="85" count="3" type="stmt"/>
      <line num="86" count="3" type="stmt"/>
      <line num="87" count="3" type="cond" truecount="4" falsecount="0"/>
      <line num="88" count="1" type="stmt"/>
      <line num="91" count="0" type="cond" truecount="0" falsecount="2"/>
      <line num="92" count="0" type="stmt"/>
      <line num="98" count="10" type="stmt"/>
      <line num="99" count="10" type="stmt"/>
      <line num="100" count="6" type="stmt"/>
      <line num="102" count="4" type="cond" truecount="1" falsecount="1"/>
      <line num="103" count="0" type="stmt"/>
      <line num="108" count="1" type="stmt"/>
      <line num="109" count="1" type="stmt"/>
      <line num="113" count="3" type="stmt"/>
      <line num="114" count="3" type="stmt"/>
      <line num="115" count="1" type="stmt"/>
      <line num="117" count="2" type="cond" truecount="2" falsecount="0"/>
      <line num="118" count="1" type="stmt"/>
      <line num="123" count="1" type="stmt"/>
      <line num="134" count="1" type="stmt"/>
      <line num="138" count="7" type="stmt"/>
      <line num="139" count="7" type="stmt"/>
      <line num="140" count="2" type="stmt"/>
      <line num="142" count="5" type="cond" truecount="2" falsecount="0"/>
      <line num="143" count="1" type="stmt"/>
      <line num="148" count="1" type="stmt"/>
      <line num="159" count="1" type="stmt"/>
      <line num="163" count="2" type="stmt"/>
      <line num="164" count="2" type="stmt"/>
      <line num="171" count="1" type="stmt"/>
      <line num="173" count="1" type="cond" truecount="1" falsecount="1"/>
      <line num="174" count="0" type="stmt"/>
      <line num="179" count="0" type="stmt"/>
      <line num="191" count="0" type="stmt"/>
      <line num="195" count="1" type="stmt"/>
      <line num="203" count="1" type="stmt"/>
      <line num="207" count="10" type="stmt"/>
      <line num="209" count="10" type="cond" truecount="5" falsecount="0"/>
      <line num="211" count="6" type="stmt"/>
      <line num="212" count="3" type="stmt"/>
      <line num="214" count="1" type="stmt"/>
      <line num="215" count="1" type="stmt"/>
      <line num="217" count="1" type="stmt"/>
      <line num="218" count="1" type="stmt"/>
      <line num="220" count="1" type="stmt"/>
      <line num="221" count="1" type="stmt"/>
      <line num="223" count="1" type="stmt"/>
      <line num="224" count="1" type="stmt"/>
      <line num="226" count="6" type="stmt"/>
      <line num="228" count="3" type="cond" truecount="2" falsecount="0"/>
      <line num="229" count="1" type="stmt"/>
      <line num="234" count="2" type="stmt"/>
      <line num="235" count="2" type="cond" truecount="2" falsecount="0"/>
      <line num="236" count="1" type="cond" truecount="1" falsecount="1"/>
      <line num="240" count="5" type="stmt"/>
      <line num="241" count="5" type="stmt"/>
      <line num="243" count="5" type="cond" truecount="5" falsecount="0"/>
      <line num="245" count="1" type="stmt"/>
      <line num="246" count="1" type="stmt"/>
      <line num="248" count="1" type="stmt"/>
      <line num="249" count="1" type="stmt"/>
      <line num="251" count="1" type="stmt"/>
      <line num="252" count="1" type="stmt"/>
      <line num="254" count="1" type="stmt"/>
      <line num="255" count="1" type="stmt"/>
      <line num="257" count="1" type="stmt"/>
      <line num="262" count="4" type="cond" truecount="4" falsecount="0"/>
      <line num="263" count="2" type="stmt"/>
      <line num="266" count="2" type="stmt"/>
      <line num="267" count="2" type="stmt"/>
      <line num="268" count="3" type="stmt"/>
      <line num="269" count="3" type="stmt"/>
      <line num="270" count="3" type="cond" truecount="2" falsecount="1"/>
      <line num="272" count="2" type="stmt"/>
      <line num="273" count="2" type="stmt"/>
      <line num="275" count="1" type="stmt"/>
      <line num="276" count="1" type="stmt"/>
      <line num="278" count="0" type="stmt"/>
      <line num="279" count="0" type="stmt"/>
      <line num="282" count="3" type="stmt"/>
      <line num="283" count="3" type="cond" truecount="1" falsecount="1"/>
      <line num="284" count="3" type="stmt"/>
      <line num="285" count="3" type="stmt"/>
      <line num="287" count="3" type="cond" truecount="2" falsecount="0"/>
      <line num="288" count="2" type="cond" truecount="1" falsecount="1"/>
      <line num="292" count="0" type="stmt"/>
      <line num="296" count="0" type="stmt"/>
      <line num="300" count="1" type="stmt"/>
      <line num="301" count="1" type="stmt"/>
      <line num="302" count="1" type="stmt"/>
      <line num="304" count="0" type="cond" truecount="0" falsecount="2"/>
      <line num="305" count="0" type="stmt"/>
      <line num="310" count="1" type="stmt"/>
      <line num="311" count="1" type="stmt"/>
      <line num="315" count="1" type="stmt"/>
      <line num="319" count="1" type="stmt"/>
      <line num="320" count="1" type="stmt"/>
      <line num="324" count="4" type="stmt"/>
      <line num="325" count="4" type="stmt"/>
      <line num="330" count="1" type="stmt"/>
      <line num="331" count="1" type="stmt"/>
      <line num="338" count="1" type="stmt"/>
      <line num="340" count="0" type="cond" truecount="0" falsecount="2"/>
      <line num="341" count="0" type="stmt"/>
      <line num="346" count="3" type="stmt"/>
      <line num="347" count="3" type="stmt"/>
      <line num="353" count="2" type="cond" truecount="1" falsecount="1"/>
      <line num="355" count="1" type="cond" truecount="1" falsecount="1"/>
      <line num="356" count="0" type="stmt"/>
      <line num="361" count="0" type="stmt"/>
      <line num="369" count="0" type="stmt"/>
      <line num="373" count="2" type="stmt"/>
      <line num="374" count="2" type="stmt"/>
      <line num="376" count="2" type="stmt"/>
      <line num="377" count="2" type="cond" truecount="1" falsecount="1"/>
      <line num="378" count="2" type="stmt"/>
      <line num="379" count="2" type="cond" truecount="1" falsecount="1"/>
      <line num="380" count="2" type="stmt"/>
      <line num="382" count="2" type="cond" truecount="5" falsecount="0"/>
      <line num="383" count="1" type="stmt"/>
      <line num="384" count="1" type="stmt"/>
      <line num="387" count="2" type="cond" truecount="2" falsecount="0"/>
      <line num="391" count="2" type="stmt"/>
      <line num="395" count="4" type="stmt"/>
      <line num="396" count="4" type="stmt"/>
      <line num="402" count="4" type="cond" truecount="1" falsecount="1"/>
      <line num="404" count="0" type="cond" truecount="0" falsecount="2"/>
      <line num="405" count="0" type="stmt"/>
      <line num="410" count="3" type="stmt"/>
      <line num="411" count="3" type="stmt"/>
      <line num="413" count="3" type="stmt"/>
      <line num="414" count="3" type="cond" truecount="1" falsecount="1"/>
      <line num="415" count="3" type="stmt"/>
      <line num="416" count="3" type="cond" truecount="1" falsecount="1"/>
      <line num="417" count="3" type="stmt"/>
      <line num="418" count="3" type="stmt"/>
      <line num="419" count="3" type="cond" truecount="6" falsecount="0"/>
      <line num="423" count="2" type="stmt"/>
      <line num="424" count="2" type="stmt"/>
      <line num="427" count="3" type="cond" truecount="2" falsecount="0"/>
      <line num="431" count="3" type="stmt"/>
      <line num="436" count="4" type="stmt"/>
      <line num="437" count="4" type="cond" truecount="2" falsecount="0"/>
      <line num="438" count="1" type="stmt"/>
      <line num="442" count="3" type="stmt"/>
      <line num="443" count="3" type="stmt"/>
      <line num="444" count="3" type="cond" truecount="2" falsecount="0"/>
      <line num="445" count="1" type="stmt"/>
      <line num="449" count="2" type="cond" truecount="4" falsecount="0"/>
      <line num="450" count="1" type="stmt"/>
      <line num="451" count="1" type="stmt"/>
      <line num="452" count="1" type="cond" truecount="1" falsecount="1"/>
      <line num="454" count="1" type="stmt"/>
      <line num="455" count="1" type="cond" truecount="1" falsecount="1"/>
      <line num="457" count="1" type="cond" truecount="1" falsecount="1"/>
      <line num="458" count="1" type="stmt"/>
      <line num="459" count="2" type="stmt"/>
      <line num="462" count="1" type="cond" truecount="1" falsecount="1"/>
      <line num="463" count="1" type="stmt"/>
      <line num="468" count="1" type="stmt"/>
    </file>
    <file name="store.js" path="/Users/fortunm/projects/maxfortun/k8s-scale0/app/store.js">
      <metrics statements="97" coveredstatements="97" conditionals="42" coveredconditionals="41" methods="23" coveredmethods="23"/>
      <line num="1" count="4" type="stmt"/>
      <line num="2" count="4" type="stmt"/>
      <line num="6" count="164" type="stmt"/>
      <line num="7" count="164" type="stmt"/>
      <line num="8" count="164" type="stmt"/>
      <line num="9" count="164" type="stmt"/>
      <line num="13" count="1" type="stmt"/>
      <line num="17" count="407" type="stmt"/>
      <line num="21" count="17" type="stmt"/>
      <line num="22" count="17" type="cond" truecount="2" falsecount="0"/>
      <line num="23" count="2" type="stmt"/>
      <line num="24" count="2" type="cond" truecount="2" falsecount="0"/>
      <line num="25" count="1" type="stmt"/>
      <line num="27" count="15" type="stmt"/>
      <line num="31" count="58" type="stmt"/>
      <line num="35" count="90" type="stmt"/>
      <line num="39" count="1" type="stmt"/>
      <line num="44" count="23" type="stmt"/>
      <line num="45" count="23" type="stmt"/>
      <line num="46" count="22" type="cond" truecount="2" falsecount="0"/>
      <line num="47" count="2" type="stmt"/>
      <line num="53" count="60" type="stmt"/>
      <line num="57" count="37" type="cond" truecount="2" falsecount="0"/>
      <line num="58" count="28" type="stmt"/>
      <line num="61" count="9" type="cond" truecount="2" falsecount="0"/>
      <line num="62" count="4" type="stmt"/>
      <line num="63" count="4" type="stmt"/>
      <line num="64" count="3" type="cond" truecount="2" falsecount="0"/>
      <line num="65" count="1" type="stmt"/>
      <line num="66" count="1" type="stmt"/>
      <line num="72" count="8" type="stmt"/>
      <line num="76" count="9" type="stmt"/>
      <line num="77" count="8" type="cond" truecount="2" falsecount="0"/>
      <line num="78" count="5" type="stmt"/>
      <line num="79" count="5" type="cond" truecount="2" falsecount="0"/>
      <line num="80" count="3" type="stmt"/>
      <line num="81" count="3" type="stmt"/>
      <line num="83" count="1" type="stmt"/>
      <line num="84" count="1" type="stmt"/>
      <line num="89" count="66" type="stmt"/>
      <line num="94" count="66" type="stmt"/>
      <line num="96" count="66" type="cond" truecount="2" falsecount="0"/>
      <line num="97" count="7" type="stmt"/>
      <line num="98" count="7" type="stmt"/>
      <line num="100" count="7" type="cond" truecount="2" falsecount="0"/>
      <line num="101" count="1" type="stmt"/>
      <line num="103" count="7" type="stmt"/>
      <line num="107" count="1" type="stmt"/>
      <line num="113" count="42" type="stmt"/>
      <line num="117" count="18" type="stmt"/>
      <line num="118" count="18" type="cond" truecount="2" falsecount="0"/>
      <line num="121" count="3" type="cond" truecount="2" falsecount="0"/>
      <line num="122" count="2" type="stmt"/>
      <line num="123" count="2" type="cond" truecount="2" falsecount="0"/>
      <line num="124" count="1" type="stmt"/>
      <line num="127" count="3" type="stmt"/>
      <line num="131" count="17" type="stmt"/>
      <line num="133" count="17" type="cond" truecount="2" falsecount="0"/>
      <line num="134" count="2" type="stmt"/>
      <line num="135" count="2" type="stmt"/>
      <line num="139" count="1" type="stmt"/>
      <line num="145" count="4" type="cond" truecount="2" falsecount="0"/>
      <line num="146" count="1" type="stmt"/>
      <line num="147" count="1" type="stmt"/>
      <line num="150" count="3" type="stmt"/>
      <line num="151" count="3" type="stmt"/>
      <line num="152" count="3" type="stmt"/>
      <line num="153" count="2" type="stmt"/>
      <line num="155" count="2" type="stmt"/>
      <line num="156" count="3" type="stmt"/>
      <line num="157" count="3" type="cond" truecount="1" falsecount="1"/>
      <line num="158" count="3" type="stmt"/>
      <line num="160" count="3" type="cond" truecount="2" falsecount="0"/>
      <line num="161" count="2" type="stmt"/>
      <line num="162" count="2" type="stmt"/>
      <line num="163" count="1" type="stmt"/>
      <line num="164" count="1" type="stmt"/>
      <line num="165" count="1" type="stmt"/>
      <line num="167" count="1" type="stmt"/>
      <line num="172" count="2" type="cond" truecount="2" falsecount="0"/>
      <line num="173" count="1" type="stmt"/>
      <line num="176" count="2" type="stmt"/>
      <line num="178" count="1" type="stmt"/>
      <line num="179" count="1" type="stmt"/>
      <line num="184" count="7" type="stmt"/>
      <line num="185" count="6" type="stmt"/>
      <line num="186" count="6" type="stmt"/>
      <line num="191" count="8" type="stmt"/>
      <line num="192" count="7" type="stmt"/>
      <line num="193" count="7" type="stmt"/>
      <line num="198" count="1" type="stmt"/>
      <line num="199" count="1" type="stmt"/>
      <line num="203" count="1" type="stmt"/>
      <line num="210" count="3" type="cond" truecount="2" falsecount="0"/>
      <line num="211" count="2" type="stmt"/>
      <line num="213" count="3" type="cond" truecount="2" falsecount="0"/>
      <line num="214" count="1" type="stmt"/>
    </file>
    <file name="tarpit.js" path="/Users/fortunm/projects/maxfortun/k8s-scale0/app/tarpit.js">
      <metrics statements="48" coveredstatements="48" conditionals="35" coveredconditionals="34" methods="7" coveredmethods="7"/>
      <line num="5" count="92" type="cond" truecount="2" falsecount="0"/>
      <line num="6" count="92" type="cond" truecount="2" falsecount="0"/>
      <line num="7" count="1" type="stmt"/>
      <line num="12" count="1" type="stmt"/>
      <line num="13" count="1" type="stmt"/>
      <line num="15" count="91" type="stmt"/>
      <line num="16" count="91" type="stmt"/>
      <line num="18" count="92" type="cond" truecount="2" falsecount="0"/>
      <line num="19" count="92" type="cond" truecount="2" falsecount="0"/>
      <line num="20" count="92" type="cond" truecount="2" falsecount="0"/>
      <line num="21" count="92" type="cond" truecount="2" falsecount="0"/>
      <line num="25" count="38" type="stmt"/>
      <line num="26" count="38" type="cond" truecount="2" falsecount="0"/>
      <line num="28" count="21" type="stmt"/>
      <line num="29" count="25" type="stmt"/>
      <line num="30" count="25" type="cond" truecount="1" falsecount="1"/>
      <line num="32" count="21" type="stmt"/>
      <line num="36" count="42" type="stmt"/>
      <line num="41" count="42" type="stmt"/>
      <line num="42" count="42" type="stmt"/>
      <line num="44" count="42" type="stmt"/>
      <line num="45" count="42" type="stmt"/>
      <line num="49" count="29" type="cond" truecount="2" falsecount="0"/>
      <line num="51" count="26" type="stmt"/>
      <line num="52" count="26" type="stmt"/>
      <line num="53" count="22" type="stmt"/>
      <line num="55" count="22" type="cond" truecount="4" falsecount="0"/>
      <line num="56" count="2" type="stmt"/>
      <line num="59" count="20" type="stmt"/>
      <line num="60" count="20" type="stmt"/>
      <line num="62" count="20" type="stmt"/>
      <line num="63" count="20" type="stmt"/>
      <line num="65" count="20" type="cond" truecount="4" falsecount="0"/>
      <line num="66" count="4" type="stmt"/>
      <line num="69" count="16" type="stmt"/>
      <line num="70" count="16" type="cond" truecount="2" falsecount="0"/>
      <line num="71" count="4" type="stmt"/>
      <line num="72" count="4" type="stmt"/>
      <line num="75" count="12" type="cond" truecount="2" falsecount="0"/>
      <line num="76" count="1" type="stmt"/>
      <line num="79" count="11" type="stmt"/>
      <line num="81" count="4" type="stmt"/>
      <line num="87" count="31" type="cond" truecount="2" falsecount="0"/>
      <line num="88" count="31" type="stmt"/>
      <line num="89" count="31" type="stmt"/>
      <line num="93" count="15" type="cond" truecount="2" falsecount="0"/>
      <line num="94" count="2" type="stmt"/>
      <line num="97" count="13" type="stmt"/>
    </file>
    <file name="wakeup-server.js" path="/Users/fortunm/projects/maxfortun/k8s-scale0/app/wakeup-server.js">
      <metrics statements="132" coveredstatements="131" conditionals="91" coveredconditionals="84" methods="20" coveredmethods="20"/>
      <line num="6" count="44" type="stmt"/>
      <line num="7" count="44" type="stmt"/>
      <line num="8" count="44" type="stmt"/>
      <line num="9" count="44" type="stmt"/>
      <line num="10" count="44" type="stmt"/>
      <line num="11" count="44" type="stmt"/>
      <line num="15" count="42" type="stmt"/>
      <line num="19" count="43" type="stmt"/>
      <line num="20" count="43" type="stmt"/>
      <line num="21" count="43" type="cond" truecount="2" falsecount="0"/>
      <line num="22" count="43" type="cond" truecount="2" falsecount="0"/>
      <line num="23" count="43" type="cond" truecount="2" falsecount="0"/>
      <line num="25" count="43" type="stmt"/>
      <line num="26" count="43" type="stmt"/>
      <line num="27" count="43" type="stmt"/>
      <line num="33" count="46" type="stmt"/>
      <line num="34" count="46" type="cond" truecount="2" falsecount="0"/>
      <line num="35" count="45" type="stmt"/>
      <line num="36" count="45" type="stmt"/>
      <line num="37" count="45" type="stmt"/>
      <line num="40" count="1" type="stmt"/>
      <line num="46" count="34" type="cond" truecount="1" falsecount="1"/>
      <line num="50" count="34" type="cond" truecount="2" falsecount="0"/>
      <line num="51" count="34" type="cond" truecount="2" falsecount="0"/>
      <line num="52" count="8" type="stmt"/>
      <line num="57" count="13" type="cond" truecount="3" falsecount="1"/>
      <line num="59" count="13" type="stmt"/>
      <line num="60" count="13" type="cond" truecount="1" falsecount="1"/>
      <line num="61" count="13" type="stmt"/>
      <line num="65" count="35" type="stmt"/>
      <line num="68" count="35" type="cond" truecount="2" falsecount="0"/>
      <line num="69" count="35" type="cond" truecount="3" falsecount="0"/>
      <line num="71" count="35" type="cond" truecount="4" falsecount="0"/>
      <line num="73" count="3" type="cond" truecount="4" falsecount="0"/>
      <line num="74" count="2" type="stmt"/>
      <line num="75" count="2" type="stmt"/>
      <line num="78" count="1" type="stmt"/>
      <line num="80" count="32" type="cond" truecount="4" falsecount="0"/>
      <line num="82" count="1" type="stmt"/>
      <line num="83" count="1" type="stmt"/>
      <line num="86" count="31" type="stmt"/>
      <line num="89" count="35" type="stmt"/>
      <line num="90" count="35" type="stmt"/>
      <line num="91" count="35" type="stmt"/>
      <line num="92" count="35" type="stmt"/>
      <line num="96" count="32" type="stmt"/>
      <line num="97" count="32" type="cond" truecount="4" falsecount="0"/>
      <line num="98" count="31" type="stmt"/>
      <line num="100" count="1" type="stmt"/>
      <line num="107" count="34" type="stmt"/>
      <line num="108" count="34" type="stmt"/>
      <line num="110" count="34" type="stmt"/>
      <line num="115" count="34" type="cond" truecount="2" falsecount="0"/>
      <line num="116" count="13" type="stmt"/>
      <line num="119" count="34" type="cond" truecount="2" falsecount="0"/>
      <line num="120" count="23" type="stmt"/>
      <line num="121" count="23" type="stmt"/>
      <line num="124" count="34" type="stmt"/>
      <line num="125" count="34" type="stmt"/>
      <line num="127" count="34" type="cond" truecount="2" falsecount="0"/>
      <line num="128" count="26" type="stmt"/>
      <line num="130" count="8" type="stmt"/>
      <line num="135" count="28" type="stmt"/>
      <line num="144" count="9" type="cond" truecount="1" falsecount="1"/>
      <line num="145" count="9" type="cond" truecount="1" falsecount="1"/>
      <line num="146" count="9" type="stmt"/>
      <line num="147" count="9" type="cond" truecount="2" falsecount="0"/>
      <line num="149" count="9" type="cond" truecount="2" falsecount="0"/>
      <line num="150" count="1" type="stmt"/>
      <line num="163" count="8" type="cond" truecount="2" falsecount="0"/>
      <line num="166" count="8" type="stmt"/>
      <line num="181" count="40" type="cond" truecount="2" falsecount="0"/>
      <line num="182" count="1" type="stmt"/>
      <line num="183" count="1" type="stmt"/>
      <line num="184" count="1" type="stmt"/>
      <line num="185" count="1" type="stmt"/>
      <line num="186" count="1" type="stmt"/>
      <line num="189" count="39" type="cond" truecount="4" falsecount="0"/>
      <line num="190" count="2" type="stmt"/>
      <line num="191" count="2" type="stmt"/>
      <line num="192" count="2" type="stmt"/>
      <line num="195" count="37" type="cond" truecount="2" falsecount="0"/>
      <line num="196" count="3" type="stmt"/>
      <line num="200" count="3" type="stmt"/>
      <line num="201" count="3" type="stmt"/>
      <line num="202" count="3" type="stmt"/>
      <line num="205" count="34" type="stmt"/>
      <line num="206" count="34" type="stmt"/>
      <line num="208" count="34" type="cond" truecount="4" falsecount="0"/>
      <line num="209" count="2" type="stmt"/>
      <line num="210" count="2" type="stmt"/>
      <line num="213" count="2" type="stmt"/>
      <line num="216" count="32" type="stmt"/>
      <line num="219" count="32" type="stmt"/>
      <line num="222" count="32" type="stmt"/>
      <line num="223" count="32" type="cond" truecount="2" falsecount="0"/>
      <line num="224" count="5" type="stmt"/>
      <line num="225" count="5" type="stmt"/>
      <line num="229" count="5" type="stmt"/>
      <line num="232" count="27" type="stmt"/>
      <line num="233" count="27" type="cond" truecount="1" falsecount="1"/>
      <line num="234" count="27" type="stmt"/>
      <line num="236" count="27" type="cond" truecount="2" falsecount="0"/>
      <line num="237" count="13" type="stmt"/>
      <line num="238" count="13" type="stmt"/>
      <line num="239" count="13" type="stmt"/>
      <line num="240" count="13" type="stmt"/>
      <line num="245" count="13" type="stmt"/>
      <line num="248" count="14" type="stmt"/>
      <line num="250" count="14" type="cond" truecount="2" falsecount="0"/>
      <line num="251" count="5" type="stmt"/>
      <line num="253" count="5" type="cond" truecount="2" falsecount="0"/>
      <line num="254" count="2" type="stmt"/>
      <line num="255" count="2" type="stmt"/>
      <line num="261" count="2" type="stmt"/>
      <line num="264" count="3" type="stmt"/>
      <line num="270" count="3" type="stmt"/>
      <line num="273" count="9" type="stmt"/>
      <line num="275" count="9" type="cond" truecount="2" falsecount="0"/>
      <line num="276" count="1" type="stmt"/>
      <line num="280" count="1" type="stmt"/>
      <line num="284" count="8" type="cond" truecount="2" falsecount="0"/>
      <line num="285" count="1" type="stmt"/>
      <line num="286" count="1" type="stmt"/>
      <line num="291" count="1" type="stmt"/>
      <line num="295" count="7" type="stmt"/>
      <line num="297" count="6" type="cond" truecount="1" falsecount="1"/>
      <line num="298" count="6" type="stmt"/>
      <line num="300" count="0" type="stmt"/>
      <line num="304" count="1" type="stmt"/>
      <line num="308" count="7" type="stmt"/>
      <line num="313" count="7" type="stmt"/>
    </file>
  </project>
</coverage>
