{"/Users/fortunm/projects/maxfortun/k8s-scale0/app/controller.js": {"path":"/Users/fortunm/projects/maxfortun/k8s-scale0/app/controller.js","statementMap":{"0":{"start":{"line":1,"column":31},"end":{"line":1,"column":33}},"1":{"start":{"line":2,"column":20},"end":{"line":2,"column":24}},"2":{"start":{"line":3,"column":31},"end":{"line":3,"column":35}},"3":{"start":{"line":7,"column":4},"end":{"line":7,"column":19}},"4":{"start":{"line":8,"column":4},"end":{"line":8,"column":23}},"5":{"start":{"line":9,"column":4},"end":{"line":9,"column":25}},"6":{"start":{"line":10,"column":4},"end":{"line":10,"column":27}},"7":{"start":{"line":11,"column":4},"end":{"line":11,"column":73}},"8":{"start":{"line":12,"column":4},"end":{"line":12,"column":83}},"9":{"start":{"line":13,"column":4},"end":{"line":13,"column":30}},"10":{"start":{"line":14,"column":4},"end":{"line":14,"column":33}},"11":{"start":{"line":15,"column":4},"end":{"line":15,"column":39}},"12":{"start":{"line":16,"column":4},"end":{"line":16,"column":34}},"13":{"start":{"line":20,"column":4},"end":{"line":20,"column":60}},"14":{"start":{"line":24,"column":4},"end":{"line":24,"column":54}},"15":{"start":{"line":24,"column":41},"end":{"line":24,"column":54}},"16":{"start":{"line":26,"column":4},"end":{"line":28,"column":5}},"17":{"start":{"line":27,"column":6},"end":{"line":27,"column":37}},"18":{"start":{"line":29,"column":4},"end":{"line":29,"column":36}},"19":{"start":{"line":30,"column":4},"end":{"line":30,"column":16}},"20":{"start":{"line":34,"column":4},"end":{"line":34,"column":42}},"21":{"start":{"line":35,"column":4},"end":{"line":35,"column":27}},"22":{"start":{"line":36,"column":4},"end":{"line":36,"column":87}},"23":{"start":{"line":36,"column":40},"end":{"line":36,"column":56}},"24":{"start":{"line":37,"column":4},"end":{"line":37,"column":87}},"25":{"start":{"line":41,"column":4},"end":{"line":44,"column":5}},"26":{"start":{"line":42,"column":6},"end":{"line":42,"column":37}},"27":{"start":{"line":43,"column":6},"end":{"line":43,"column":29}},"28":{"start":{"line":47,"column":4},"end":{"line":55,"column":5}},"29":{"start":{"line":48,"column":37},"end":{"line":48,"column":51}},"30":{"start":{"line":49,"column":6},"end":{"line":54,"column":7}},"31":{"start":{"line":50,"column":8},"end":{"line":50,"column":58}},"32":{"start":{"line":51,"column":8},"end":{"line":51,"column":80}},"33":{"start":{"line":53,"column":8},"end":{"line":53,"column":88}},"34":{"start":{"line":56,"column":4},"end":{"line":56,"column":30}},"35":{"start":{"line":58,"column":4},"end":{"line":58,"column":38}},"36":{"start":{"line":62,"column":4},"end":{"line":71,"column":5}},"37":{"start":{"line":63,"column":28},"end":{"line":63,"column":69}},"38":{"start":{"line":64,"column":23},"end":{"line":64,"column":74}},"39":{"start":{"line":66,"column":6},"end":{"line":68,"column":7}},"40":{"start":{"line":67,"column":8},"end":{"line":67,"column":39}},"41":{"start":{"line":70,"column":6},"end":{"line":70,"column":53}},"42":{"start":{"line":75,"column":32},"end":{"line":75,"column":44}},"43":{"start":{"line":76,"column":19},"end":{"line":76,"column":44}},"44":{"start":{"line":77,"column":24},"end":{"line":77,"column":54}},"45":{"start":{"line":79,"column":30},"end":{"line":84,"column":5}},"46":{"start":{"line":85,"column":4},"end":{"line":87,"column":5}},"47":{"start":{"line":86,"column":6},"end":{"line":86,"column":60}},"48":{"start":{"line":90,"column":27},"end":{"line":90,"column":81}},"49":{"start":{"line":91,"column":24},"end":{"line":93,"column":12}},"50":{"start":{"line":92,"column":43},"end":{"line":92,"column":51}},"51":{"start":{"line":94,"column":28},"end":{"line":94,"column":97}},"52":{"start":{"line":96,"column":26},"end":{"line":97,"column":51}},"53":{"start":{"line":99,"column":25},"end":{"line":100,"column":62}},"54":{"start":{"line":102,"column":28},"end":{"line":102,"column":52}},"55":{"start":{"line":105,"column":20},"end":{"line":105,"column":24}},"56":{"start":{"line":106,"column":22},"end":{"line":106,"column":26}},"57":{"start":{"line":109,"column":4},"end":{"line":121,"column":5}},"58":{"start":{"line":110,"column":6},"end":{"line":110,"column":24}},"59":{"start":{"line":111,"column":6},"end":{"line":111,"column":44}},"60":{"start":{"line":113,"column":28},"end":{"line":113,"column":94}},"61":{"start":{"line":114,"column":6},"end":{"line":120,"column":7}},"62":{"start":{"line":115,"column":8},"end":{"line":115,"column":26}},"63":{"start":{"line":116,"column":8},"end":{"line":116,"column":60}},"64":{"start":{"line":117,"column":8},"end":{"line":119,"column":9}},"65":{"start":{"line":118,"column":10},"end":{"line":118,"column":98}},"66":{"start":{"line":124,"column":4},"end":{"line":133,"column":5}},"67":{"start":{"line":125,"column":23},"end":{"line":125,"column":88}},"68":{"start":{"line":126,"column":6},"end":{"line":132,"column":7}},"69":{"start":{"line":127,"column":8},"end":{"line":127,"column":31}},"70":{"start":{"line":128,"column":8},"end":{"line":128,"column":31}},"71":{"start":{"line":129,"column":8},"end":{"line":131,"column":9}},"72":{"start":{"line":130,"column":10},"end":{"line":130,"column":117}},"73":{"start":{"line":136,"column":4},"end":{"line":146,"column":5}},"74":{"start":{"line":137,"column":26},"end":{"line":137,"column":96}},"75":{"start":{"line":137,"column":74},"end":{"line":137,"column":85}},"76":{"start":{"line":138,"column":19},"end":{"line":138,"column":78}},"77":{"start":{"line":139,"column":6},"end":{"line":145,"column":7}},"78":{"start":{"line":140,"column":8},"end":{"line":140,"column":26}},"79":{"start":{"line":141,"column":8},"end":{"line":141,"column":83}},"80":{"start":{"line":141,"column":45},"end":{"line":141,"column":78}},"81":{"start":{"line":142,"column":8},"end":{"line":144,"column":9}},"82":{"start":{"line":143,"column":10},"end":{"line":143,"column":84}},"83":{"start":{"line":148,"column":4},"end":{"line":151,"column":5}},"84":{"start":{"line":149,"column":6},"end":{"line":149,"column":92}},"85":{"start":{"line":150,"column":6},"end":{"line":150,"column":13}},"86":{"start":{"line":154,"column":28},"end":{"line":155,"column":57}},"87":{"start":{"line":157,"column":18},"end":{"line":157,"column":20}},"88":{"start":{"line":158,"column":25},"end":{"line":158,"column":27}},"89":{"start":{"line":160,"column":4},"end":{"line":170,"column":5}},"90":{"start":{"line":161,"column":6},"end":{"line":161,"column":59}},"91":{"start":{"line":161,"column":49},"end":{"line":161,"column":57}},"92":{"start":{"line":163,"column":31},"end":{"line":163,"column":92}},"93":{"start":{"line":164,"column":6},"end":{"line":169,"column":7}},"94":{"start":{"line":165,"column":8},"end":{"line":165,"column":63}},"95":{"start":{"line":165,"column":45},"end":{"line":165,"column":61}},"96":{"start":{"line":166,"column":8},"end":{"line":168,"column":9}},"97":{"start":{"line":167,"column":10},"end":{"line":167,"column":120}},"98":{"start":{"line":172,"column":4},"end":{"line":182,"column":5}},"99":{"start":{"line":173,"column":6},"end":{"line":173,"column":69}},"100":{"start":{"line":173,"column":59},"end":{"line":173,"column":67}},"101":{"start":{"line":175,"column":31},"end":{"line":175,"column":87}},"102":{"start":{"line":176,"column":6},"end":{"line":181,"column":7}},"103":{"start":{"line":177,"column":8},"end":{"line":177,"column":68}},"104":{"start":{"line":177,"column":51},"end":{"line":177,"column":66}},"105":{"start":{"line":178,"column":8},"end":{"line":180,"column":9}},"106":{"start":{"line":179,"column":10},"end":{"line":179,"column":129}},"107":{"start":{"line":184,"column":4},"end":{"line":187,"column":5}},"108":{"start":{"line":185,"column":6},"end":{"line":185,"column":102}},"109":{"start":{"line":186,"column":6},"end":{"line":186,"column":13}},"110":{"start":{"line":190,"column":4},"end":{"line":193,"column":5}},"111":{"start":{"line":191,"column":6},"end":{"line":191,"column":49}},"112":{"start":{"line":192,"column":6},"end":{"line":192,"column":59}},"113":{"start":{"line":195,"column":25},"end":{"line":195,"column":68}},"114":{"start":{"line":196,"column":19},"end":{"line":196,"column":44}},"115":{"start":{"line":197,"column":31},"end":{"line":197,"column":57}},"116":{"start":{"line":199,"column":4},"end":{"line":202,"column":5}},"117":{"start":{"line":201,"column":6},"end":{"line":201,"column":13}},"118":{"start":{"line":204,"column":4},"end":{"line":207,"column":5}},"119":{"start":{"line":205,"column":6},"end":{"line":205,"column":106}},"120":{"start":{"line":206,"column":6},"end":{"line":206,"column":127}},"121":{"start":{"line":211,"column":20},"end":{"line":211,"column":49}},"122":{"start":{"line":212,"column":4},"end":{"line":215,"column":5}},"123":{"start":{"line":213,"column":6},"end":{"line":213,"column":77}},"124":{"start":{"line":214,"column":6},"end":{"line":214,"column":13}},"125":{"start":{"line":218,"column":22},"end":{"line":218,"column":48}},"126":{"start":{"line":219,"column":26},"end":{"line":219,"column":99}},"127":{"start":{"line":220,"column":4},"end":{"line":223,"column":5}},"128":{"start":{"line":221,"column":6},"end":{"line":221,"column":104}},"129":{"start":{"line":222,"column":6},"end":{"line":222,"column":13}},"130":{"start":{"line":224,"column":4},"end":{"line":224,"column":61}},"131":{"start":{"line":226,"column":4},"end":{"line":226,"column":34}},"132":{"start":{"line":228,"column":4},"end":{"line":353,"column":5}},"133":{"start":{"line":230,"column":37},"end":{"line":230,"column":39}},"134":{"start":{"line":231,"column":6},"end":{"line":238,"column":7}},"135":{"start":{"line":232,"column":19},"end":{"line":232,"column":70}},"136":{"start":{"line":233,"column":8},"end":{"line":237,"column":9}},"137":{"start":{"line":234,"column":10},"end":{"line":234,"column":42}},"138":{"start":{"line":236,"column":10},"end":{"line":236,"column":84}},"139":{"start":{"line":241,"column":32},"end":{"line":241,"column":34}},"140":{"start":{"line":242,"column":6},"end":{"line":249,"column":7}},"141":{"start":{"line":243,"column":22},"end":{"line":243,"column":71}},"142":{"start":{"line":244,"column":8},"end":{"line":248,"column":9}},"143":{"start":{"line":245,"column":10},"end":{"line":245,"column":40}},"144":{"start":{"line":247,"column":10},"end":{"line":247,"column":82}},"145":{"start":{"line":251,"column":6},"end":{"line":254,"column":7}},"146":{"start":{"line":252,"column":8},"end":{"line":252,"column":112}},"147":{"start":{"line":253,"column":8},"end":{"line":253,"column":15}},"148":{"start":{"line":257,"column":30},"end":{"line":260,"column":9}},"149":{"start":{"line":257,"column":64},"end":{"line":260,"column":7}},"150":{"start":{"line":262,"column":25},"end":{"line":265,"column":9}},"151":{"start":{"line":262,"column":57},"end":{"line":265,"column":7}},"152":{"start":{"line":268,"column":28},"end":{"line":274,"column":7}},"153":{"start":{"line":276,"column":6},"end":{"line":324,"column":7}},"154":{"start":{"line":277,"column":20},"end":{"line":277,"column":70}},"155":{"start":{"line":278,"column":8},"end":{"line":281,"column":9}},"156":{"start":{"line":279,"column":10},"end":{"line":279,"column":94}},"157":{"start":{"line":280,"column":10},"end":{"line":280,"column":17}},"158":{"start":{"line":282,"column":31},"end":{"line":282,"column":54}},"159":{"start":{"line":283,"column":25},"end":{"line":283,"column":104}},"160":{"start":{"line":284,"column":32},"end":{"line":284,"column":61}},"161":{"start":{"line":286,"column":8},"end":{"line":290,"column":10}},"162":{"start":{"line":291,"column":8},"end":{"line":296,"column":10}},"163":{"start":{"line":299,"column":8},"end":{"line":299,"column":93}},"164":{"start":{"line":300,"column":8},"end":{"line":300,"column":121}},"165":{"start":{"line":302,"column":13},"end":{"line":324,"column":7}},"166":{"start":{"line":303,"column":8},"end":{"line":307,"column":10}},"167":{"start":{"line":310,"column":8},"end":{"line":310,"column":87}},"168":{"start":{"line":311,"column":8},"end":{"line":311,"column":88}},"169":{"start":{"line":313,"column":13},"end":{"line":324,"column":7}},"170":{"start":{"line":314,"column":8},"end":{"line":317,"column":12}},"171":{"start":{"line":314,"column":56},"end":{"line":317,"column":9}},"172":{"start":{"line":320,"column":8},"end":{"line":323,"column":9}},"173":{"start":{"line":321,"column":10},"end":{"line":321,"column":56}},"174":{"start":{"line":322,"column":10},"end":{"line":322,"column":62}},"175":{"start":{"line":327,"column":6},"end":{"line":331,"column":7}},"176":{"start":{"line":328,"column":27},"end":{"line":328,"column":75}},"177":{"start":{"line":329,"column":8},"end":{"line":329,"column":86}},"178":{"start":{"line":330,"column":8},"end":{"line":330,"column":92}},"179":{"start":{"line":334,"column":6},"end":{"line":338,"column":7}},"180":{"start":{"line":335,"column":30},"end":{"line":335,"column":76}},"181":{"start":{"line":336,"column":8},"end":{"line":336,"column":87}},"182":{"start":{"line":337,"column":8},"end":{"line":337,"column":90}},"183":{"start":{"line":341,"column":6},"end":{"line":341,"column":82}},"184":{"start":{"line":342,"column":25},"end":{"line":342,"column":150}},"185":{"start":{"line":343,"column":6},"end":{"line":343,"column":98}},"186":{"start":{"line":345,"column":6},"end":{"line":345,"column":86}},"187":{"start":{"line":346,"column":6},"end":{"line":348,"column":7}},"188":{"start":{"line":347,"column":8},"end":{"line":347,"column":75}},"189":{"start":{"line":350,"column":6},"end":{"line":350,"column":61}},"190":{"start":{"line":351,"column":6},"end":{"line":351,"column":56}},"191":{"start":{"line":352,"column":6},"end":{"line":352,"column":60}},"192":{"start":{"line":357,"column":21},"end":{"line":357,"column":51}},"193":{"start":{"line":360,"column":4},"end":{"line":384,"column":5}},"194":{"start":{"line":361,"column":6},"end":{"line":383,"column":9}},"195":{"start":{"line":363,"column":28},"end":{"line":377,"column":9}},"196":{"start":{"line":379,"column":8},"end":{"line":382,"column":10}},"197":{"start":{"line":386,"column":4},"end":{"line":386,"column":20}},"198":{"start":{"line":390,"column":21},"end":{"line":390,"column":54}},"199":{"start":{"line":393,"column":4},"end":{"line":418,"column":5}},"200":{"start":{"line":394,"column":6},"end":{"line":417,"column":9}},"201":{"start":{"line":395,"column":8},"end":{"line":416,"column":10}},"202":{"start":{"line":420,"column":4},"end":{"line":420,"column":20}},"203":{"start":{"line":424,"column":20},"end":{"line":424,"column":49}},"204":{"start":{"line":426,"column":4},"end":{"line":429,"column":5}},"205":{"start":{"line":427,"column":6},"end":{"line":427,"column":63}},"206":{"start":{"line":428,"column":6},"end":{"line":428,"column":19}},"207":{"start":{"line":432,"column":18},"end":{"line":432,"column":82}},"208":{"start":{"line":433,"column":4},"end":{"line":436,"column":5}},"209":{"start":{"line":434,"column":6},"end":{"line":434,"column":69}},"210":{"start":{"line":435,"column":6},"end":{"line":435,"column":19}},"211":{"start":{"line":439,"column":22},"end":{"line":439,"column":45}},"212":{"start":{"line":440,"column":26},"end":{"line":440,"column":99}},"213":{"start":{"line":441,"column":4},"end":{"line":444,"column":5}},"214":{"start":{"line":442,"column":6},"end":{"line":442,"column":100}},"215":{"start":{"line":443,"column":6},"end":{"line":443,"column":19}},"216":{"start":{"line":445,"column":4},"end":{"line":445,"column":61}},"217":{"start":{"line":447,"column":4},"end":{"line":447,"column":31}},"218":{"start":{"line":449,"column":4},"end":{"line":540,"column":5}},"219":{"start":{"line":450,"column":24},"end":{"line":450,"column":48}},"220":{"start":{"line":452,"column":6},"end":{"line":487,"column":7}},"221":{"start":{"line":454,"column":31},"end":{"line":454,"column":85}},"222":{"start":{"line":455,"column":8},"end":{"line":460,"column":10}},"223":{"start":{"line":461,"column":8},"end":{"line":461,"column":147}},"224":{"start":{"line":463,"column":13},"end":{"line":487,"column":7}},"225":{"start":{"line":464,"column":8},"end":{"line":469,"column":10}},"226":{"start":{"line":470,"column":8},"end":{"line":470,"column":130}},"227":{"start":{"line":472,"column":13},"end":{"line":487,"column":7}},"228":{"start":{"line":473,"column":8},"end":{"line":486,"column":9}},"229":{"start":{"line":475,"column":25},"end":{"line":475,"column":66}},"230":{"start":{"line":476,"column":10},"end":{"line":476,"column":49}},"231":{"start":{"line":477,"column":10},"end":{"line":477,"column":37}},"232":{"start":{"line":478,"column":10},"end":{"line":478,"column":51}},"233":{"start":{"line":479,"column":10},"end":{"line":479,"column":31}},"234":{"start":{"line":480,"column":10},"end":{"line":482,"column":11}},"235":{"start":{"line":481,"column":12},"end":{"line":481,"column":99}},"236":{"start":{"line":484,"column":10},"end":{"line":484,"column":54}},"237":{"start":{"line":485,"column":10},"end":{"line":485,"column":69}},"238":{"start":{"line":490,"column":30},"end":{"line":490,"column":107}},"239":{"start":{"line":491,"column":6},"end":{"line":503,"column":7}},"240":{"start":{"line":492,"column":26},"end":{"line":492,"column":83}},"241":{"start":{"line":493,"column":8},"end":{"line":502,"column":9}},"242":{"start":{"line":495,"column":10},"end":{"line":499,"column":11}},"243":{"start":{"line":496,"column":12},"end":{"line":496,"column":42}},"244":{"start":{"line":497,"column":17},"end":{"line":499,"column":11}},"245":{"start":{"line":498,"column":12},"end":{"line":498,"column":47}},"246":{"start":{"line":500,"column":10},"end":{"line":500,"column":83}},"247":{"start":{"line":501,"column":10},"end":{"line":501,"column":78}},"248":{"start":{"line":506,"column":25},"end":{"line":506,"column":47}},"249":{"start":{"line":507,"column":6},"end":{"line":519,"column":7}},"250":{"start":{"line":508,"column":29},"end":{"line":508,"column":84}},"251":{"start":{"line":509,"column":8},"end":{"line":518,"column":9}},"252":{"start":{"line":511,"column":10},"end":{"line":515,"column":11}},"253":{"start":{"line":512,"column":12},"end":{"line":512,"column":48}},"254":{"start":{"line":513,"column":17},"end":{"line":515,"column":11}},"255":{"start":{"line":514,"column":12},"end":{"line":514,"column":55}},"256":{"start":{"line":516,"column":10},"end":{"line":516,"column":84}},"257":{"start":{"line":517,"column":10},"end":{"line":517,"column":76}},"258":{"start":{"line":522,"column":6},"end":{"line":522,"column":56}},"259":{"start":{"line":523,"column":6},"end":{"line":523,"column":69}},"260":{"start":{"line":525,"column":23},"end":{"line":525,"column":25}},"261":{"start":{"line":526,"column":6},"end":{"line":530,"column":7}},"262":{"start":{"line":527,"column":8},"end":{"line":527,"column":72}},"263":{"start":{"line":528,"column":13},"end":{"line":530,"column":7}},"264":{"start":{"line":529,"column":8},"end":{"line":529,"column":54}},"265":{"start":{"line":531,"column":6},"end":{"line":531,"column":92}},"266":{"start":{"line":532,"column":6},"end":{"line":532,"column":18}},"267":{"start":{"line":534,"column":6},"end":{"line":534,"column":83}},"268":{"start":{"line":535,"column":6},"end":{"line":535,"column":19}},"269":{"start":{"line":537,"column":6},"end":{"line":537,"column":58}},"270":{"start":{"line":538,"column":6},"end":{"line":538,"column":56}},"271":{"start":{"line":539,"column":6},"end":{"line":539,"column":60}}},"fnMap":{"0":{"name":"(anonymous_0)","decl":{"start":{"line":6,"column":2},"end":{"line":6,"column":3}},"loc":{"start":{"line":6,"column":34},"end":{"line":17,"column":3}},"line":6},"1":{"name":"(anonymous_1)","decl":{"start":{"line":19,"column":2},"end":{"line":19,"column":3}},"loc":{"start":{"line":19,"column":37},"end":{"line":21,"column":3}},"line":19},"2":{"name":"(anonymous_2)","decl":{"start":{"line":23,"column":2},"end":{"line":23,"column":3}},"loc":{"start":{"line":23,"column":22},"end":{"line":31,"column":3}},"line":23},"3":{"name":"(anonymous_3)","decl":{"start":{"line":33,"column":2},"end":{"line":33,"column":3}},"loc":{"start":{"line":33,"column":16},"end":{"line":38,"column":3}},"line":33},"4":{"name":"(anonymous_4)","decl":{"start":{"line":36,"column":34},"end":{"line":36,"column":35}},"loc":{"start":{"line":36,"column":40},"end":{"line":36,"column":56}},"line":36},"5":{"name":"(anonymous_5)","decl":{"start":{"line":40,"column":2},"end":{"line":40,"column":3}},"loc":{"start":{"line":40,"column":15},"end":{"line":59,"column":3}},"line":40},"6":{"name":"(anonymous_6)","decl":{"start":{"line":61,"column":2},"end":{"line":61,"column":3}},"loc":{"start":{"line":61,"column":20},"end":{"line":72,"column":3}},"line":61},"7":{"name":"(anonymous_7)","decl":{"start":{"line":74,"column":2},"end":{"line":74,"column":3}},"loc":{"start":{"line":74,"column":28},"end":{"line":208,"column":3}},"line":74},"8":{"name":"(anonymous_8)","decl":{"start":{"line":92,"column":38},"end":{"line":92,"column":39}},"loc":{"start":{"line":92,"column":43},"end":{"line":92,"column":51}},"line":92},"9":{"name":"(anonymous_9)","decl":{"start":{"line":137,"column":62},"end":{"line":137,"column":63}},"loc":{"start":{"line":137,"column":74},"end":{"line":137,"column":85}},"line":137},"10":{"name":"(anonymous_10)","decl":{"start":{"line":141,"column":39},"end":{"line":141,"column":40}},"loc":{"start":{"line":141,"column":45},"end":{"line":141,"column":78}},"line":141},"11":{"name":"(anonymous_11)","decl":{"start":{"line":161,"column":44},"end":{"line":161,"column":45}},"loc":{"start":{"line":161,"column":49},"end":{"line":161,"column":57}},"line":161},"12":{"name":"(anonymous_12)","decl":{"start":{"line":165,"column":39},"end":{"line":165,"column":40}},"loc":{"start":{"line":165,"column":45},"end":{"line":165,"column":61}},"line":165},"13":{"name":"(anonymous_13)","decl":{"start":{"line":173,"column":54},"end":{"line":173,"column":55}},"loc":{"start":{"line":173,"column":59},"end":{"line":173,"column":67}},"line":173},"14":{"name":"(anonymous_14)","decl":{"start":{"line":177,"column":46},"end":{"line":177,"column":47}},"loc":{"start":{"line":177,"column":51},"end":{"line":177,"column":66}},"line":177},"15":{"name":"(anonymous_15)","decl":{"start":{"line":210,"column":2},"end":{"line":210,"column":3}},"loc":{"start":{"line":210,"column":108},"end":{"line":354,"column":3}},"line":210},"16":{"name":"(anonymous_16)","decl":{"start":{"line":257,"column":57},"end":{"line":257,"column":58}},"loc":{"start":{"line":257,"column":64},"end":{"line":260,"column":7}},"line":257},"17":{"name":"(anonymous_17)","decl":{"start":{"line":262,"column":47},"end":{"line":262,"column":48}},"loc":{"start":{"line":262,"column":57},"end":{"line":265,"column":7}},"line":262},"18":{"name":"(anonymous_18)","decl":{"start":{"line":314,"column":50},"end":{"line":314,"column":51}},"loc":{"start":{"line":314,"column":56},"end":{"line":317,"column":9}},"line":314},"19":{"name":"(anonymous_19)","decl":{"start":{"line":356,"column":2},"end":{"line":356,"column":3}},"loc":{"start":{"line":356,"column":54},"end":{"line":387,"column":3}},"line":356},"20":{"name":"(anonymous_20)","decl":{"start":{"line":361,"column":50},"end":{"line":361,"column":51}},"loc":{"start":{"line":361,"column":61},"end":{"line":383,"column":7}},"line":361},"21":{"name":"(anonymous_21)","decl":{"start":{"line":389,"column":2},"end":{"line":389,"column":3}},"loc":{"start":{"line":389,"column":52},"end":{"line":421,"column":3}},"line":389},"22":{"name":"(anonymous_22)","decl":{"start":{"line":394,"column":52},"end":{"line":394,"column":53}},"loc":{"start":{"line":394,"column":62},"end":{"line":417,"column":7}},"line":394},"23":{"name":"(anonymous_23)","decl":{"start":{"line":423,"column":2},"end":{"line":423,"column":3}},"loc":{"start":{"line":423,"column":39},"end":{"line":541,"column":3}},"line":423}},"branchMap":{"0":{"loc":{"start":{"line":11,"column":29},"end":{"line":11,"column":72}},"type":"binary-expr","locations":[{"start":{"line":11,"column":29},"end":{"line":11,"column":60}},{"start":{"line":11,"column":64},"end":{"line":11,"column":72}}],"line":11},"1":{"loc":{"start":{"line":12,"column":34},"end":{"line":12,"column":82}},"type":"binary-expr","locations":[{"start":{"line":12,"column":34},"end":{"line":12,"column":70}},{"start":{"line":12,"column":74},"end":{"line":12,"column":82}}],"line":12},"2":{"loc":{"start":{"line":24,"column":4},"end":{"line":24,"column":54}},"type":"if","locations":[{"start":{"line":24,"column":4},"end":{"line":24,"column":54}},{"start":{},"end":{}}],"line":24},"3":{"loc":{"start":{"line":26,"column":4},"end":{"line":28,"column":5}},"type":"if","locations":[{"start":{"line":26,"column":4},"end":{"line":28,"column":5}},{"start":{},"end":{}}],"line":26},"4":{"loc":{"start":{"line":41,"column":4},"end":{"line":44,"column":5}},"type":"if","locations":[{"start":{"line":41,"column":4},"end":{"line":44,"column":5}},{"start":{},"end":{}}],"line":41},"5":{"loc":{"start":{"line":76,"column":19},"end":{"line":76,"column":44}},"type":"binary-expr","locations":[{"start":{"line":76,"column":19},"end":{"line":76,"column":38}},{"start":{"line":76,"column":42},"end":{"line":76,"column":44}}],"line":76},"6":{"loc":{"start":{"line":77,"column":24},"end":{"line":77,"column":54}},"type":"binary-expr","locations":[{"start":{"line":77,"column":24},"end":{"line":77,"column":48}},{"start":{"line":77,"column":52},"end":{"line":77,"column":54}}],"line":77},"7":{"loc":{"start":{"line":80,"column":6},"end":{"line":82,"column":37}},"type":"binary-expr","locations":[{"start":{"line":80,"column":6},"end":{"line":80,"column":57}},{"start":{"line":81,"column":6},"end":{"line":81,"column":62}},{"start":{"line":82,"column":6},"end":{"line":82,"column":37}}],"line":80},"8":{"loc":{"start":{"line":85,"column":4},"end":{"line":87,"column":5}},"type":"if","locations":[{"start":{"line":85,"column":4},"end":{"line":87,"column":5}},{"start":{},"end":{}}],"line":85},"9":{"loc":{"start":{"line":85,"column":8},"end":{"line":85,"column":69}},"type":"binary-expr","locations":[{"start":{"line":85,"column":8},"end":{"line":85,"column":41}},{"start":{"line":85,"column":45},"end":{"line":85,"column":69}}],"line":85},"10":{"loc":{"start":{"line":91,"column":24},"end":{"line":93,"column":12}},"type":"cond-expr","locations":[{"start":{"line":92,"column":8},"end":{"line":92,"column":68}},{"start":{"line":93,"column":8},"end":{"line":93,"column":12}}],"line":91},"11":{"loc":{"start":{"line":96,"column":26},"end":{"line":97,"column":51}},"type":"binary-expr","locations":[{"start":{"line":96,"column":26},"end":{"line":96,"column":66}},{"start":{"line":97,"column":6},"end":{"line":97,"column":51}}],"line":96},"12":{"loc":{"start":{"line":99,"column":25},"end":{"line":100,"column":62}},"type":"binary-expr","locations":[{"start":{"line":99,"column":25},"end":{"line":99,"column":76}},{"start":{"line":100,"column":6},"end":{"line":100,"column":62}}],"line":99},"13":{"loc":{"start":{"line":102,"column":28},"end":{"line":102,"column":52}},"type":"binary-expr","locations":[{"start":{"line":102,"column":28},"end":{"line":102,"column":46}},{"start":{"line":102,"column":50},"end":{"line":102,"column":52}}],"line":102},"14":{"loc":{"start":{"line":109,"column":4},"end":{"line":121,"column":5}},"type":"if","locations":[{"start":{"line":109,"column":4},"end":{"line":121,"column":5}},{"start":{"line":112,"column":11},"end":{"line":121,"column":5}}],"line":109},"15":{"loc":{"start":{"line":114,"column":6},"end":{"line":120,"column":7}},"type":"if","locations":[{"start":{"line":114,"column":6},"end":{"line":120,"column":7}},{"start":{},"end":{}}],"line":114},"16":{"loc":{"start":{"line":117,"column":8},"end":{"line":119,"column":9}},"type":"if","locations":[{"start":{"line":117,"column":8},"end":{"line":119,"column":9}},{"start":{},"end":{}}],"line":117},"17":{"loc":{"start":{"line":124,"column":4},"end":{"line":133,"column":5}},"type":"if","locations":[{"start":{"line":124,"column":4},"end":{"line":133,"column":5}},{"start":{},"end":{}}],"line":124},"18":{"loc":{"start":{"line":126,"column":6},"end":{"line":132,"column":7}},"type":"if","locations":[{"start":{"line":126,"column":6},"end":{"line":132,"column":7}},{"start":{},"end":{}}],"line":126},"19":{"loc":{"start":{"line":129,"column":8},"end":{"line":131,"column":9}},"type":"if","locations":[{"start":{"line":129,"column":8},"end":{"line":131,"column":9}},{"start":{},"end":{}}],"line":129},"20":{"loc":{"start":{"line":136,"column":4},"end":{"line":146,"column":5}},"type":"if","locations":[{"start":{"line":136,"column":4},"end":{"line":146,"column":5}},{"start":{},"end":{}}],"line":136},"21":{"loc":{"start":{"line":136,"column":8},"end":{"line":136,"column":61}},"type":"binary-expr","locations":[{"start":{"line":136,"column":8},"end":{"line":136,"column":18}},{"start":{"line":136,"column":22},"end":{"line":136,"column":61}}],"line":136},"22":{"loc":{"start":{"line":139,"column":6},"end":{"line":145,"column":7}},"type":"if","locations":[{"start":{"line":139,"column":6},"end":{"line":145,"column":7}},{"start":{},"end":{}}],"line":139},"23":{"loc":{"start":{"line":142,"column":8},"end":{"line":144,"column":9}},"type":"if","locations":[{"start":{"line":142,"column":8},"end":{"line":144,"column":9}},{"start":{},"end":{}}],"line":142},"24":{"loc":{"start":{"line":148,"column":4},"end":{"line":151,"column":5}},"type":"if","locations":[{"start":{"line":148,"column":4},"end":{"line":151,"column":5}},{"start":{},"end":{}}],"line":148},"25":{"loc":{"start":{"line":154,"column":28},"end":{"line":155,"column":57}},"type":"binary-expr","locations":[{"start":{"line":154,"column":28},"end":{"line":154,"column":74}},{"start":{"line":155,"column":6},"end":{"line":155,"column":57}}],"line":154},"26":{"loc":{"start":{"line":160,"column":4},"end":{"line":170,"column":5}},"type":"if","locations":[{"start":{"line":160,"column":4},"end":{"line":170,"column":5}},{"start":{"line":162,"column":11},"end":{"line":170,"column":5}}],"line":160},"27":{"loc":{"start":{"line":164,"column":6},"end":{"line":169,"column":7}},"type":"if","locations":[{"start":{"line":164,"column":6},"end":{"line":169,"column":7}},{"start":{},"end":{}}],"line":164},"28":{"loc":{"start":{"line":166,"column":8},"end":{"line":168,"column":9}},"type":"if","locations":[{"start":{"line":166,"column":8},"end":{"line":168,"column":9}},{"start":{},"end":{}}],"line":166},"29":{"loc":{"start":{"line":172,"column":4},"end":{"line":182,"column":5}},"type":"if","locations":[{"start":{"line":172,"column":4},"end":{"line":182,"column":5}},{"start":{"line":174,"column":11},"end":{"line":182,"column":5}}],"line":172},"30":{"loc":{"start":{"line":176,"column":6},"end":{"line":181,"column":7}},"type":"if","locations":[{"start":{"line":176,"column":6},"end":{"line":181,"column":7}},{"start":{},"end":{}}],"line":176},"31":{"loc":{"start":{"line":178,"column":8},"end":{"line":180,"column":9}},"type":"if","locations":[{"start":{"line":178,"column":8},"end":{"line":180,"column":9}},{"start":{},"end":{}}],"line":178},"32":{"loc":{"start":{"line":184,"column":4},"end":{"line":187,"column":5}},"type":"if","locations":[{"start":{"line":184,"column":4},"end":{"line":187,"column":5}},{"start":{},"end":{}}],"line":184},"33":{"loc":{"start":{"line":184,"column":8},"end":{"line":184,"column":59}},"type":"binary-expr","locations":[{"start":{"line":184,"column":8},"end":{"line":184,"column":28}},{"start":{"line":184,"column":32},"end":{"line":184,"column":59}}],"line":184},"34":{"loc":{"start":{"line":190,"column":4},"end":{"line":193,"column":5}},"type":"if","locations":[{"start":{"line":190,"column":4},"end":{"line":193,"column":5}},{"start":{},"end":{}}],"line":190},"35":{"loc":{"start":{"line":199,"column":4},"end":{"line":202,"column":5}},"type":"if","locations":[{"start":{"line":199,"column":4},"end":{"line":202,"column":5}},{"start":{},"end":{}}],"line":199},"36":{"loc":{"start":{"line":204,"column":4},"end":{"line":207,"column":5}},"type":"if","locations":[{"start":{"line":204,"column":4},"end":{"line":207,"column":5}},{"start":{},"end":{}}],"line":204},"37":{"loc":{"start":{"line":210,"column":91},"end":{"line":210,"column":106}},"type":"default-arg","locations":[{"start":{"line":210,"column":104},"end":{"line":210,"column":106}}],"line":210},"38":{"loc":{"start":{"line":212,"column":4},"end":{"line":215,"column":5}},"type":"if","locations":[{"start":{"line":212,"column":4},"end":{"line":215,"column":5}},{"start":{},"end":{}}],"line":212},"39":{"loc":{"start":{"line":220,"column":4},"end":{"line":223,"column":5}},"type":"if","locations":[{"start":{"line":220,"column":4},"end":{"line":223,"column":5}},{"start":{},"end":{}}],"line":220},"40":{"loc":{"start":{"line":233,"column":8},"end":{"line":237,"column":9}},"type":"if","locations":[{"start":{"line":233,"column":8},"end":{"line":237,"column":9}},{"start":{"line":235,"column":15},"end":{"line":237,"column":9}}],"line":233},"41":{"loc":{"start":{"line":244,"column":8},"end":{"line":248,"column":9}},"type":"if","locations":[{"start":{"line":244,"column":8},"end":{"line":248,"column":9}},{"start":{"line":246,"column":15},"end":{"line":248,"column":9}}],"line":244},"42":{"loc":{"start":{"line":251,"column":6},"end":{"line":254,"column":7}},"type":"if","locations":[{"start":{"line":251,"column":6},"end":{"line":254,"column":7}},{"start":{},"end":{}}],"line":251},"43":{"loc":{"start":{"line":251,"column":10},"end":{"line":251,"column":79}},"type":"binary-expr","locations":[{"start":{"line":251,"column":10},"end":{"line":251,"column":45}},{"start":{"line":251,"column":49},"end":{"line":251,"column":79}}],"line":251},"44":{"loc":{"start":{"line":259,"column":14},"end":{"line":259,"column":75}},"type":"cond-expr","locations":[{"start":{"line":259,"column":30},"end":{"line":259,"column":70}},{"start":{"line":259,"column":73},"end":{"line":259,"column":75}}],"line":259},"45":{"loc":{"start":{"line":264,"column":15},"end":{"line":264,"column":84}},"type":"cond-expr","locations":[{"start":{"line":264,"column":35},"end":{"line":264,"column":79}},{"start":{"line":264,"column":82},"end":{"line":264,"column":84}}],"line":264},"46":{"loc":{"start":{"line":272,"column":21},"end":{"line":272,"column":51}},"type":"binary-expr","locations":[{"start":{"line":272,"column":21},"end":{"line":272,"column":43}},{"start":{"line":272,"column":47},"end":{"line":272,"column":51}}],"line":272},"47":{"loc":{"start":{"line":273,"column":25},"end":{"line":273,"column":60}},"type":"binary-expr","locations":[{"start":{"line":273,"column":25},"end":{"line":273,"column":51}},{"start":{"line":273,"column":55},"end":{"line":273,"column":60}}],"line":273},"48":{"loc":{"start":{"line":276,"column":6},"end":{"line":324,"column":7}},"type":"if","locations":[{"start":{"line":276,"column":6},"end":{"line":324,"column":7}},{"start":{"line":302,"column":13},"end":{"line":324,"column":7}}],"line":276},"49":{"loc":{"start":{"line":278,"column":8},"end":{"line":281,"column":9}},"type":"if","locations":[{"start":{"line":278,"column":8},"end":{"line":281,"column":9}},{"start":{},"end":{}}],"line":278},"50":{"loc":{"start":{"line":284,"column":32},"end":{"line":284,"column":61}},"type":"binary-expr","locations":[{"start":{"line":284,"column":32},"end":{"line":284,"column":56}},{"start":{"line":284,"column":60},"end":{"line":284,"column":61}}],"line":284},"51":{"loc":{"start":{"line":302,"column":13},"end":{"line":324,"column":7}},"type":"if","locations":[{"start":{"line":302,"column":13},"end":{"line":324,"column":7}},{"start":{"line":313,"column":13},"end":{"line":324,"column":7}}],"line":302},"52":{"loc":{"start":{"line":313,"column":13},"end":{"line":324,"column":7}},"type":"if","locations":[{"start":{"line":313,"column":13},"end":{"line":324,"column":7}},{"start":{},"end":{}}],"line":313},"53":{"loc":{"start":{"line":342,"column":25},"end":{"line":342,"column":150}},"type":"cond-expr","locations":[{"start":{"line":342,"column":47},"end":{"line":342,"column":84}},{"start":{"line":342,"column":87},"end":{"line":342,"column":150}}],"line":342},"54":{"loc":{"start":{"line":346,"column":6},"end":{"line":348,"column":7}},"type":"if","locations":[{"start":{"line":346,"column":6},"end":{"line":348,"column":7}},{"start":{},"end":{}}],"line":346},"55":{"loc":{"start":{"line":360,"column":4},"end":{"line":384,"column":5}},"type":"if","locations":[{"start":{"line":360,"column":4},"end":{"line":384,"column":5}},{"start":{},"end":{}}],"line":360},"56":{"loc":{"start":{"line":393,"column":4},"end":{"line":418,"column":5}},"type":"if","locations":[{"start":{"line":393,"column":4},"end":{"line":418,"column":5}},{"start":{},"end":{}}],"line":393},"57":{"loc":{"start":{"line":405,"column":16},"end":{"line":405,"column":34}},"type":"binary-expr","locations":[{"start":{"line":405,"column":16},"end":{"line":405,"column":28}},{"start":{"line":405,"column":32},"end":{"line":405,"column":34}}],"line":405},"58":{"loc":{"start":{"line":426,"column":4},"end":{"line":429,"column":5}},"type":"if","locations":[{"start":{"line":426,"column":4},"end":{"line":429,"column":5}},{"start":{},"end":{}}],"line":426},"59":{"loc":{"start":{"line":433,"column":4},"end":{"line":436,"column":5}},"type":"if","locations":[{"start":{"line":433,"column":4},"end":{"line":436,"column":5}},{"start":{},"end":{}}],"line":433},"60":{"loc":{"start":{"line":441,"column":4},"end":{"line":444,"column":5}},"type":"if","locations":[{"start":{"line":441,"column":4},"end":{"line":444,"column":5}},{"start":{},"end":{}}],"line":441},"61":{"loc":{"start":{"line":450,"column":24},"end":{"line":450,"column":48}},"type":"binary-expr","locations":[{"start":{"line":450,"column":24},"end":{"line":450,"column":39}},{"start":{"line":450,"column":43},"end":{"line":450,"column":48}}],"line":450},"62":{"loc":{"start":{"line":452,"column":6},"end":{"line":487,"column":7}},"type":"if","locations":[{"start":{"line":452,"column":6},"end":{"line":487,"column":7}},{"start":{"line":463,"column":13},"end":{"line":487,"column":7}}],"line":452},"63":{"loc":{"start":{"line":452,"column":10},"end":{"line":452,"column":47}},"type":"binary-expr","locations":[{"start":{"line":452,"column":10},"end":{"line":452,"column":29}},{"start":{"line":452,"column":33},"end":{"line":452,"column":47}}],"line":452},"64":{"loc":{"start":{"line":454,"column":31},"end":{"line":454,"column":85}},"type":"binary-expr","locations":[{"start":{"line":454,"column":31},"end":{"line":454,"column":54}},{"start":{"line":454,"column":58},"end":{"line":454,"column":80}},{"start":{"line":454,"column":84},"end":{"line":454,"column":85}}],"line":454},"65":{"loc":{"start":{"line":463,"column":13},"end":{"line":487,"column":7}},"type":"if","locations":[{"start":{"line":463,"column":13},"end":{"line":487,"column":7}},{"start":{"line":472,"column":13},"end":{"line":487,"column":7}}],"line":463},"66":{"loc":{"start":{"line":463,"column":17},"end":{"line":463,"column":59}},"type":"binary-expr","locations":[{"start":{"line":463,"column":17},"end":{"line":463,"column":41}},{"start":{"line":463,"column":45},"end":{"line":463,"column":59}}],"line":463},"67":{"loc":{"start":{"line":472,"column":13},"end":{"line":487,"column":7}},"type":"if","locations":[{"start":{"line":472,"column":13},"end":{"line":487,"column":7}},{"start":{},"end":{}}],"line":472},"68":{"loc":{"start":{"line":472,"column":17},"end":{"line":472,"column":50}},"type":"binary-expr","locations":[{"start":{"line":472,"column":17},"end":{"line":472,"column":36}},{"start":{"line":472,"column":40},"end":{"line":472,"column":50}}],"line":472},"69":{"loc":{"start":{"line":480,"column":10},"end":{"line":482,"column":11}},"type":"if","locations":[{"start":{"line":480,"column":10},"end":{"line":482,"column":11}},{"start":{},"end":{}}],"line":480},"70":{"loc":{"start":{"line":490,"column":30},"end":{"line":490,"column":107}},"type":"binary-expr","locations":[{"start":{"line":490,"column":30},"end":{"line":490,"column":51}},{"start":{"line":490,"column":56},"end":{"line":490,"column":106}}],"line":490},"71":{"loc":{"start":{"line":490,"column":56},"end":{"line":490,"column":106}},"type":"cond-expr","locations":[{"start":{"line":490,"column":79},"end":{"line":490,"column":101}},{"start":{"line":490,"column":104},"end":{"line":490,"column":106}}],"line":490},"72":{"loc":{"start":{"line":493,"column":8},"end":{"line":502,"column":9}},"type":"if","locations":[{"start":{"line":493,"column":8},"end":{"line":502,"column":9}},{"start":{},"end":{}}],"line":493},"73":{"loc":{"start":{"line":495,"column":10},"end":{"line":499,"column":11}},"type":"if","locations":[{"start":{"line":495,"column":10},"end":{"line":499,"column":11}},{"start":{"line":497,"column":17},"end":{"line":499,"column":11}}],"line":495},"74":{"loc":{"start":{"line":497,"column":17},"end":{"line":499,"column":11}},"type":"if","locations":[{"start":{"line":497,"column":17},"end":{"line":499,"column":11}},{"start":{},"end":{}}],"line":497},"75":{"loc":{"start":{"line":506,"column":25},"end":{"line":506,"column":47}},"type":"binary-expr","locations":[{"start":{"line":506,"column":25},"end":{"line":506,"column":41}},{"start":{"line":506,"column":45},"end":{"line":506,"column":47}}],"line":506},"76":{"loc":{"start":{"line":509,"column":8},"end":{"line":518,"column":9}},"type":"if","locations":[{"start":{"line":509,"column":8},"end":{"line":518,"column":9}},{"start":{},"end":{}}],"line":509},"77":{"loc":{"start":{"line":511,"column":10},"end":{"line":515,"column":11}},"type":"if","locations":[{"start":{"line":511,"column":10},"end":{"line":515,"column":11}},{"start":{"line":513,"column":17},"end":{"line":515,"column":11}}],"line":511},"78":{"loc":{"start":{"line":513,"column":17},"end":{"line":515,"column":11}},"type":"if","locations":[{"start":{"line":513,"column":17},"end":{"line":515,"column":11}},{"start":{},"end":{}}],"line":513},"79":{"loc":{"start":{"line":526,"column":6},"end":{"line":530,"column":7}},"type":"if","locations":[{"start":{"line":526,"column":6},"end":{"line":530,"column":7}},{"start":{"line":528,"column":13},"end":{"line":530,"column":7}}],"line":526},"80":{"loc":{"start":{"line":528,"column":13},"end":{"line":530,"column":7}},"type":"if","locations":[{"start":{"line":528,"column":13},"end":{"line":530,"column":7}},{"start":{},"end":{}}],"line":528}},"s":{"0":2,"1":2,"2":2,"3":54,"4":54,"5":54,"6":54,"7":54,"8":54,"9":54,"10":54,"11":54,"12":54,"13":7,"14":63,"15":21,"16":42,"17":0,"18":42,"19":42,"20":2,"21":2,"22":2,"23":0,"24":2,"25":16,"26":2,"27":2,"28":16,"29":3,"30":3,"31":3,"32":2,"33":1,"34":16,"35":16,"36":23,"37":23,"38":23,"39":22,"40":21,"41":1,"42":34,"43":34,"44":34,"45":34,"46":34,"47":0,"48":34,"49":34,"50":0,"51":34,"52":34,"53":34,"54":34,"55":34,"56":34,"57":34,"58":1,"59":1,"60":33,"61":33,"62":27,"63":27,"64":27,"65":18,"66":34,"67":6,"68":6,"69":3,"70":3,"71":3,"72":2,"73":34,"74":1,"75":1,"76":1,"77":1,"78":1,"79":1,"80":2,"81":1,"82":1,"83":34,"84":2,"85":2,"86":32,"87":32,"88":32,"89":32,"90":1,"91":1,"92":31,"93":31,"94":27,"95":30,"96":27,"97":18,"98":32,"99":0,"100":0,"101":32,"102":32,"103":5,"104":5,"105":5,"106":3,"107":32,"108":1,"109":1,"110":31,"111":18,"112":18,"113":31,"114":31,"115":31,"116":31,"117":1,"118":30,"119":8,"120":8,"121":14,"122":14,"123":0,"124":0,"125":14,"126":14,"127":14,"128":0,"129":0,"130":14,"131":14,"132":14,"133":14,"134":14,"135":13,"136":13,"137":13,"138":0,"139":14,"140":14,"141":3,"142":3,"143":3,"144":0,"145":14,"146":0,"147":0,"148":14,"149":13,"150":14,"151":3,"152":14,"153":14,"154":11,"155":11,"156":1,"157":1,"158":10,"159":10,"160":10,"161":10,"162":10,"163":10,"164":10,"165":3,"166":2,"167":2,"168":2,"169":1,"170":1,"171":2,"172":1,"173":2,"174":2,"175":13,"176":12,"177":12,"178":12,"179":13,"180":3,"181":3,"182":3,"183":13,"184":13,"185":13,"186":0,"187":0,"188":0,"189":14,"190":14,"191":14,"192":13,"193":13,"194":13,"195":13,"196":13,"197":13,"198":4,"199":4,"200":4,"201":4,"202":4,"203":15,"204":15,"205":0,"206":0,"207":15,"208":15,"209":1,"210":1,"211":14,"212":14,"213":14,"214":0,"215":0,"216":14,"217":14,"218":14,"219":14,"220":14,"221":8,"222":8,"223":7,"224":6,"225":2,"226":2,"227":4,"228":1,"229":1,"230":1,"231":1,"232":1,"233":1,"234":1,"235":1,"236":1,"237":1,"238":13,"239":13,"240":11,"241":11,"242":11,"243":5,"244":6,"245":6,"246":11,"247":11,"248":13,"249":13,"250":4,"251":4,"252":4,"253":1,"254":3,"255":3,"256":4,"257":4,"258":13,"259":13,"260":13,"261":13,"262":9,"263":4,"264":1,"265":13,"266":13,"267":1,"268":1,"269":14,"270":14,"271":14},"f":{"0":54,"1":7,"2":63,"3":2,"4":0,"5":16,"6":23,"7":34,"8":0,"9":1,"10":2,"11":1,"12":30,"13":0,"14":5,"15":14,"16":13,"17":3,"18":2,"19":13,"20":13,"21":4,"22":4,"23":15},"b":{"0":[54,54],"1":[54,54],"2":[21,42],"3":[0,42],"4":[2,14],"5":[34,0],"6":[34,0],"7":[34,31,30],"8":[0,34],"9":[34,34],"10":[0,34],"11":[34,33],"12":[34,33],"13":[34,0],"14":[1,33],"15":[27,6],"16":[18,9],"17":[6,28],"18":[3,3],"19":[2,1],"20":[1,33],"21":[34,3],"22":[1,0],"23":[1,0],"24":[2,32],"25":[32,32],"26":[1,31],"27":[27,4],"28":[18,9],"29":[0,32],"30":[5,27],"31":[3,2],"32":[1,31],"33":[32,4],"34":[18,13],"35":[1,30],"36":[8,22],"37":[6],"38":[0,14],"39":[0,14],"40":[13,0],"41":[3,0],"42":[0,14],"43":[14,2],"44":[12,1],"45":[3,0],"46":[14,14],"47":[14,14],"48":[11,3],"49":[1,10],"50":[10,0],"51":[2,1],"52":[1,0],"53":[1,12],"54":[0,0],"55":[13,0],"56":[4,0],"57":[4,3],"58":[0,15],"59":[1,14],"60":[0,14],"61":[14,0],"62":[8,6],"63":[14,11],"64":[8,0,0],"65":[2,4],"66":[6,2],"67":[1,3],"68":[4,1],"69":[1,0],"70":[13,1],"71":[1,0],"72":[11,0],"73":[5,6],"74":[6,0],"75":[13,6],"76":[4,0],"77":[1,3],"78":[3,0],"79":[9,4],"80":[1,3]},"inputSourceMap":null,"_coverageSchema":"1a1c01bbd47fc00a2c39e90264f33305004495a9","hash":"e79a0eba95a27fb19da384f843f09ab84a363ad6"}
,"/Users/fortunm/projects/maxfortun/k8s-scale0/app/index.js": {"path":"/Users/fortunm/projects/maxfortun/k8s-scale0/app/index.js","statementMap":{"0":{"start":{"line":7,"column":2},"end":{"line":9,"column":3}},"1":{"start":{"line":8,"column":4},"end":{"line":8,"column":24}},"2":{"start":{"line":10,"column":17},"end":{"line":10,"column":36}},"3":{"start":{"line":11,"column":2},"end":{"line":14,"column":3}},"4":{"start":{"line":12,"column":4},"end":{"line":12,"column":90}},"5":{"start":{"line":13,"column":4},"end":{"line":13,"column":24}},"6":{"start":{"line":15,"column":2},"end":{"line":15,"column":16}},"7":{"start":{"line":19,"column":2},"end":{"line":19,"column":26}},"8":{"start":{"line":19,"column":14},"end":{"line":19,"column":26}},"9":{"start":{"line":20,"column":2},"end":{"line":20,"column":61}},"10":{"start":{"line":20,"column":35},"end":{"line":20,"column":43}},"11":{"start":{"line":23,"column":15},"end":{"line":35,"column":1}},"12":{"start":{"line":38,"column":2},"end":{"line":38,"column":51}},"13":{"start":{"line":39,"column":21},"end":{"line":42,"column":3}},"14":{"start":{"line":43,"column":2},"end":{"line":43,"column":62}},"15":{"start":{"line":45,"column":14},"end":{"line":45,"column":29}},"16":{"start":{"line":46,"column":2},"end":{"line":46,"column":19}},"17":{"start":{"line":48,"column":16},"end":{"line":48,"column":50}},"18":{"start":{"line":51,"column":20},"end":{"line":51,"column":58}},"19":{"start":{"line":52,"column":2},"end":{"line":54,"column":3}},"20":{"start":{"line":53,"column":4},"end":{"line":53,"column":82}},"21":{"start":{"line":56,"column":21},"end":{"line":56,"column":55}},"22":{"start":{"line":57,"column":23},"end":{"line":57,"column":59}},"23":{"start":{"line":58,"column":2},"end":{"line":58,"column":41}},"24":{"start":{"line":60,"column":2},"end":{"line":60,"column":27}},"25":{"start":{"line":61,"column":2},"end":{"line":61,"column":29}},"26":{"start":{"line":63,"column":19},"end":{"line":80,"column":3}},"27":{"start":{"line":64,"column":4},"end":{"line":64,"column":56}},"28":{"start":{"line":65,"column":29},"end":{"line":68,"column":13}},"29":{"start":{"line":66,"column":6},"end":{"line":66,"column":72}},"30":{"start":{"line":67,"column":6},"end":{"line":67,"column":22}},"31":{"start":{"line":70,"column":4},"end":{"line":79,"column":5}},"32":{"start":{"line":71,"column":6},"end":{"line":71,"column":30}},"33":{"start":{"line":72,"column":6},"end":{"line":72,"column":32}},"34":{"start":{"line":73,"column":6},"end":{"line":73,"column":37}},"35":{"start":{"line":74,"column":6},"end":{"line":74,"column":22}},"36":{"start":{"line":76,"column":6},"end":{"line":76,"column":59}},"37":{"start":{"line":77,"column":6},"end":{"line":77,"column":37}},"38":{"start":{"line":78,"column":6},"end":{"line":78,"column":22}},"39":{"start":{"line":82,"column":2},"end":{"line":82,"column":51}},"40":{"start":{"line":82,"column":30},"end":{"line":82,"column":49}},"41":{"start":{"line":83,"column":2},"end":{"line":83,"column":49}},"42":{"start":{"line":83,"column":29},"end":{"line":83,"column":47}},"43":{"start":{"line":84,"column":2},"end":{"line":87,"column":5}},"44":{"start":{"line":85,"column":4},"end":{"line":85,"column":47}},"45":{"start":{"line":86,"column":4},"end":{"line":86,"column":20}},"46":{"start":{"line":90,"column":0},"end":{"line":93,"column":3}},"47":{"start":{"line":91,"column":2},"end":{"line":91,"column":37}},"48":{"start":{"line":92,"column":2},"end":{"line":92,"column":18}}},"fnMap":{"0":{"name":"parseIntSafe","decl":{"start":{"line":6,"column":9},"end":{"line":6,"column":21}},"loc":{"start":{"line":6,"column":49},"end":{"line":16,"column":1}},"line":6},"1":{"name":"parseOriginAllowlist","decl":{"start":{"line":18,"column":9},"end":{"line":18,"column":29}},"loc":{"start":{"line":18,"column":37},"end":{"line":21,"column":1}},"line":18},"2":{"name":"(anonymous_2)","decl":{"start":{"line":20,"column":30},"end":{"line":20,"column":31}},"loc":{"start":{"line":20,"column":35},"end":{"line":20,"column":43}},"line":20},"3":{"name":"main","decl":{"start":{"line":37,"column":15},"end":{"line":37,"column":19}},"loc":{"start":{"line":37,"column":22},"end":{"line":88,"column":1}},"line":37},"4":{"name":"(anonymous_4)","decl":{"start":{"line":63,"column":19},"end":{"line":63,"column":20}},"loc":{"start":{"line":63,"column":37},"end":{"line":80,"column":3}},"line":63},"5":{"name":"(anonymous_5)","decl":{"start":{"line":65,"column":40},"end":{"line":65,"column":41}},"loc":{"start":{"line":65,"column":46},"end":{"line":68,"column":5}},"line":65},"6":{"name":"(anonymous_6)","decl":{"start":{"line":82,"column":24},"end":{"line":82,"column":25}},"loc":{"start":{"line":82,"column":30},"end":{"line":82,"column":49}},"line":82},"7":{"name":"(anonymous_7)","decl":{"start":{"line":83,"column":23},"end":{"line":83,"column":24}},"loc":{"start":{"line":83,"column":29},"end":{"line":83,"column":47}},"line":83},"8":{"name":"(anonymous_8)","decl":{"start":{"line":84,"column":35},"end":{"line":84,"column":36}},"loc":{"start":{"line":84,"column":44},"end":{"line":87,"column":3}},"line":84},"9":{"name":"(anonymous_9)","decl":{"start":{"line":90,"column":13},"end":{"line":90,"column":14}},"loc":{"start":{"line":90,"column":22},"end":{"line":93,"column":1}},"line":90}},"branchMap":{"0":{"loc":{"start":{"line":7,"column":2},"end":{"line":9,"column":3}},"type":"if","locations":[{"start":{"line":7,"column":2},"end":{"line":9,"column":3}},{"start":{},"end":{}}],"line":7},"1":{"loc":{"start":{"line":7,"column":6},"end":{"line":7,"column":59}},"type":"binary-expr","locations":[{"start":{"line":7,"column":6},"end":{"line":7,"column":25}},{"start":{"line":7,"column":29},"end":{"line":7,"column":43}},{"start":{"line":7,"column":47},"end":{"line":7,"column":59}}],"line":7},"2":{"loc":{"start":{"line":11,"column":2},"end":{"line":14,"column":3}},"type":"if","locations":[{"start":{"line":11,"column":2},"end":{"line":14,"column":3}},{"start":{},"end":{}}],"line":11},"3":{"loc":{"start":{"line":11,"column":6},"end":{"line":11,"column":40}},"type":"binary-expr","locations":[{"start":{"line":11,"column":6},"end":{"line":11,"column":26}},{"start":{"line":11,"column":30},"end":{"line":11,"column":40}}],"line":11},"4":{"loc":{"start":{"line":19,"column":2},"end":{"line":19,"column":26}},"type":"if","locations":[{"start":{"line":19,"column":2},"end":{"line":19,"column":26}},{"start":{},"end":{}}],"line":19},"5":{"loc":{"start":{"line":28,"column":15},"end":{"line":28,"column":51}},"type":"binary-expr","locations":[{"start":{"line":28,"column":15},"end":{"line":28,"column":39}},{"start":{"line":28,"column":43},"end":{"line":28,"column":51}}],"line":28},"6":{"loc":{"start":{"line":31,"column":20},"end":{"line":31,"column":69}},"type":"binary-expr","locations":[{"start":{"line":31,"column":20},"end":{"line":31,"column":50}},{"start":{"line":31,"column":54},"end":{"line":31,"column":69}}],"line":31},"7":{"loc":{"start":{"line":41,"column":18},"end":{"line":41,"column":87}},"type":"cond-expr","locations":[{"start":{"line":41,"column":40},"end":{"line":41,"column":52}},{"start":{"line":41,"column":55},"end":{"line":41,"column":87}}],"line":41},"8":{"loc":{"start":{"line":52,"column":2},"end":{"line":54,"column":3}},"type":"if","locations":[{"start":{"line":52,"column":2},"end":{"line":54,"column":3}},{"start":{},"end":{}}],"line":52}},"s":{"0":0,"1":0,"2":0,"3":0,"4":0,"5":0,"6":0,"7":0,"8":0,"9":0,"10":0,"11":0,"12":0,"13":0,"14":0,"15":0,"16":0,"17":0,"18":0,"19":0,"20":0,"21":0,"22":0,"23":0,"24":0,"25":0,"26":0,"27":0,"28":0,"29":0,"30":0,"31":0,"32":0,"33":0,"34":0,"35":0,"36":0,"37":0,"38":0,"39":0,"40":0,"41":0,"42":0,"43":0,"44":0,"45":0,"46":0,"47":0,"48":0},"f":{"0":0,"1":0,"2":0,"3":0,"4":0,"5":0,"6":0,"7":0,"8":0,"9":0},"b":{"0":[0,0],"1":[0,0,0],"2":[0,0],"3":[0,0],"4":[0,0],"5":[0,0],"6":[0,0],"7":[0,0],"8":[0,0]},"inputSourceMap":null}
,"/Users/fortunm/projects/maxfortun/k8s-scale0/app/k8s.js": {"path":"/Users/fortunm/projects/maxfortun/k8s-scale0/app/k8s.js","statementMap":{"0":{"start":{"line":6,"column":4},"end":{"line":6,"column":35}},"1":{"start":{"line":7,"column":4},"end":{"line":7,"column":24}},"2":{"start":{"line":8,"column":4},"end":{"line":8,"column":31}},"3":{"start":{"line":9,"column":4},"end":{"line":9,"column":24}},"4":{"start":{"line":10,"column":4},"end":{"line":10,"column":26}},"5":{"start":{"line":11,"column":4},"end":{"line":11,"column":32}},"6":{"start":{"line":12,"column":4},"end":{"line":12,"column":88}},"7":{"start":{"line":16,"column":31},"end":{"line":16,"column":84}},"8":{"start":{"line":17,"column":4},"end":{"line":23,"column":5}},"9":{"start":{"line":18,"column":6},"end":{"line":18,"column":32}},"10":{"start":{"line":19,"column":6},"end":{"line":19,"column":46}},"11":{"start":{"line":21,"column":6},"end":{"line":21,"column":32}},"12":{"start":{"line":22,"column":6},"end":{"line":22,"column":47}},"13":{"start":{"line":25,"column":4},"end":{"line":25,"column":56}},"14":{"start":{"line":26,"column":4},"end":{"line":26,"column":70}},"15":{"start":{"line":27,"column":4},"end":{"line":27,"column":56}},"16":{"start":{"line":28,"column":4},"end":{"line":28,"column":65}},"17":{"start":{"line":29,"column":4},"end":{"line":29,"column":72}},"18":{"start":{"line":33,"column":16},"end":{"line":33,"column":26}},"19":{"start":{"line":34,"column":18},"end":{"line":45,"column":5}},"20":{"start":{"line":47,"column":4},"end":{"line":81,"column":5}},"21":{"start":{"line":48,"column":23},"end":{"line":48,"column":59}},"22":{"start":{"line":49,"column":6},"end":{"line":69,"column":7}},"23":{"start":{"line":50,"column":26},"end":{"line":50,"column":59}},"24":{"start":{"line":51,"column":26},"end":{"line":51,"column":101}},"25":{"start":{"line":53,"column":8},"end":{"line":66,"column":9}},"26":{"start":{"line":55,"column":10},"end":{"line":55,"column":54}},"27":{"start":{"line":56,"column":10},"end":{"line":56,"column":87}},"28":{"start":{"line":57,"column":10},"end":{"line":57,"column":22}},"29":{"start":{"line":58,"column":15},"end":{"line":66,"column":9}},"30":{"start":{"line":60,"column":10},"end":{"line":60,"column":61}},"31":{"start":{"line":61,"column":10},"end":{"line":61,"column":56}},"32":{"start":{"line":62,"column":10},"end":{"line":62,"column":54}},"33":{"start":{"line":63,"column":10},"end":{"line":63,"column":63}},"34":{"start":{"line":64,"column":10},"end":{"line":64,"column":87}},"35":{"start":{"line":65,"column":10},"end":{"line":65,"column":22}},"36":{"start":{"line":68,"column":8},"end":{"line":68,"column":21}},"37":{"start":{"line":71,"column":6},"end":{"line":71,"column":73}},"38":{"start":{"line":72,"column":6},"end":{"line":72,"column":18}},"39":{"start":{"line":74,"column":6},"end":{"line":77,"column":7}},"40":{"start":{"line":76,"column":8},"end":{"line":76,"column":21}},"41":{"start":{"line":79,"column":6},"end":{"line":79,"column":126}},"42":{"start":{"line":80,"column":6},"end":{"line":80,"column":18}},"43":{"start":{"line":85,"column":4},"end":{"line":94,"column":5}},"44":{"start":{"line":86,"column":23},"end":{"line":86,"column":59}},"45":{"start":{"line":87,"column":6},"end":{"line":89,"column":7}},"46":{"start":{"line":88,"column":8},"end":{"line":88,"column":74}},"47":{"start":{"line":91,"column":6},"end":{"line":93,"column":7}},"48":{"start":{"line":92,"column":8},"end":{"line":92,"column":83}},"49":{"start":{"line":98,"column":4},"end":{"line":104,"column":5}},"50":{"start":{"line":99,"column":23},"end":{"line":99,"column":86}},"51":{"start":{"line":100,"column":6},"end":{"line":100,"column":18}},"52":{"start":{"line":102,"column":6},"end":{"line":102,"column":56}},"53":{"start":{"line":102,"column":44},"end":{"line":102,"column":56}},"54":{"start":{"line":103,"column":6},"end":{"line":103,"column":16}},"55":{"start":{"line":108,"column":21},"end":{"line":108,"column":115}},"56":{"start":{"line":109,"column":4},"end":{"line":109,"column":22}},"57":{"start":{"line":113,"column":4},"end":{"line":119,"column":5}},"58":{"start":{"line":114,"column":23},"end":{"line":114,"column":80}},"59":{"start":{"line":115,"column":6},"end":{"line":115,"column":18}},"60":{"start":{"line":117,"column":6},"end":{"line":117,"column":56}},"61":{"start":{"line":117,"column":44},"end":{"line":117,"column":56}},"62":{"start":{"line":118,"column":6},"end":{"line":118,"column":16}},"63":{"start":{"line":123,"column":21},"end":{"line":133,"column":5}},"64":{"start":{"line":134,"column":4},"end":{"line":134,"column":16}},"65":{"start":{"line":138,"column":4},"end":{"line":144,"column":5}},"66":{"start":{"line":139,"column":23},"end":{"line":139,"column":103}},"67":{"start":{"line":140,"column":6},"end":{"line":140,"column":18}},"68":{"start":{"line":142,"column":6},"end":{"line":142,"column":56}},"69":{"start":{"line":142,"column":44},"end":{"line":142,"column":56}},"70":{"start":{"line":143,"column":6},"end":{"line":143,"column":16}},"71":{"start":{"line":148,"column":21},"end":{"line":158,"column":5}},"72":{"start":{"line":159,"column":4},"end":{"line":159,"column":16}},"73":{"start":{"line":163,"column":4},"end":{"line":175,"column":5}},"74":{"start":{"line":164,"column":23},"end":{"line":170,"column":7}},"75":{"start":{"line":171,"column":6},"end":{"line":171,"column":18}},"76":{"start":{"line":173,"column":6},"end":{"line":173,"column":56}},"77":{"start":{"line":173,"column":44},"end":{"line":173,"column":56}},"78":{"start":{"line":174,"column":6},"end":{"line":174,"column":16}},"79":{"start":{"line":179,"column":21},"end":{"line":190,"column":5}},"80":{"start":{"line":191,"column":4},"end":{"line":191,"column":16}},"81":{"start":{"line":195,"column":21},"end":{"line":202,"column":5}},"82":{"start":{"line":203,"column":4},"end":{"line":203,"column":16}},"83":{"start":{"line":207,"column":4},"end":{"line":230,"column":5}},"84":{"start":{"line":209,"column":6},"end":{"line":225,"column":7}},"85":{"start":{"line":211,"column":10},"end":{"line":211,"column":84}},"86":{"start":{"line":212,"column":10},"end":{"line":212,"column":16}},"87":{"start":{"line":214,"column":10},"end":{"line":214,"column":85}},"88":{"start":{"line":215,"column":10},"end":{"line":215,"column":16}},"89":{"start":{"line":217,"column":10},"end":{"line":217,"column":84}},"90":{"start":{"line":218,"column":10},"end":{"line":218,"column":16}},"91":{"start":{"line":220,"column":10},"end":{"line":220,"column":95}},"92":{"start":{"line":221,"column":10},"end":{"line":221,"column":16}},"93":{"start":{"line":223,"column":10},"end":{"line":223,"column":57}},"94":{"start":{"line":224,"column":10},"end":{"line":224,"column":22}},"95":{"start":{"line":226,"column":6},"end":{"line":226,"column":18}},"96":{"start":{"line":228,"column":6},"end":{"line":228,"column":56}},"97":{"start":{"line":228,"column":44},"end":{"line":228,"column":56}},"98":{"start":{"line":229,"column":6},"end":{"line":229,"column":16}},"99":{"start":{"line":234,"column":21},"end":{"line":234,"column":66}},"100":{"start":{"line":235,"column":4},"end":{"line":235,"column":28}},"101":{"start":{"line":235,"column":19},"end":{"line":235,"column":28}},"102":{"start":{"line":236,"column":4},"end":{"line":236,"column":47}},"103":{"start":{"line":240,"column":18},"end":{"line":240,"column":40}},"104":{"start":{"line":241,"column":17},"end":{"line":241,"column":80}},"105":{"start":{"line":243,"column":4},"end":{"line":258,"column":5}},"106":{"start":{"line":245,"column":8},"end":{"line":245,"column":138}},"107":{"start":{"line":246,"column":8},"end":{"line":246,"column":14}},"108":{"start":{"line":248,"column":8},"end":{"line":248,"column":139}},"109":{"start":{"line":249,"column":8},"end":{"line":249,"column":14}},"110":{"start":{"line":251,"column":8},"end":{"line":251,"column":138}},"111":{"start":{"line":252,"column":8},"end":{"line":252,"column":14}},"112":{"start":{"line":254,"column":8},"end":{"line":254,"column":149}},"113":{"start":{"line":255,"column":8},"end":{"line":255,"column":14}},"114":{"start":{"line":257,"column":8},"end":{"line":257,"column":63}},"115":{"start":{"line":262,"column":4},"end":{"line":264,"column":5}},"116":{"start":{"line":263,"column":6},"end":{"line":263,"column":18}},"117":{"start":{"line":266,"column":18},"end":{"line":266,"column":61}},"118":{"start":{"line":267,"column":4},"end":{"line":294,"column":5}},"119":{"start":{"line":268,"column":6},"end":{"line":293,"column":7}},"120":{"start":{"line":269,"column":20},"end":{"line":269,"column":22}},"121":{"start":{"line":270,"column":8},"end":{"line":280,"column":9}},"122":{"start":{"line":272,"column":12},"end":{"line":272,"column":88}},"123":{"start":{"line":273,"column":12},"end":{"line":273,"column":18}},"124":{"start":{"line":275,"column":12},"end":{"line":275,"column":89}},"125":{"start":{"line":276,"column":12},"end":{"line":276,"column":18}},"126":{"start":{"line":278,"column":12},"end":{"line":278,"column":88}},"127":{"start":{"line":279,"column":12},"end":{"line":279,"column":18}},"128":{"start":{"line":282,"column":8},"end":{"line":290,"column":9}},"129":{"start":{"line":283,"column":28},"end":{"line":283,"column":75}},"130":{"start":{"line":284,"column":26},"end":{"line":286,"column":11}},"131":{"start":{"line":285,"column":30},"end":{"line":285,"column":54}},"132":{"start":{"line":287,"column":10},"end":{"line":289,"column":11}},"133":{"start":{"line":288,"column":12},"end":{"line":288,"column":98}},"134":{"start":{"line":292,"column":8},"end":{"line":292,"column":60}},"135":{"start":{"line":296,"column":4},"end":{"line":296,"column":16}},"136":{"start":{"line":300,"column":4},"end":{"line":306,"column":5}},"137":{"start":{"line":301,"column":23},"end":{"line":301,"column":76}},"138":{"start":{"line":302,"column":6},"end":{"line":302,"column":18}},"139":{"start":{"line":304,"column":6},"end":{"line":304,"column":56}},"140":{"start":{"line":304,"column":44},"end":{"line":304,"column":56}},"141":{"start":{"line":305,"column":6},"end":{"line":305,"column":16}},"142":{"start":{"line":310,"column":21},"end":{"line":310,"column":127}},"143":{"start":{"line":311,"column":4},"end":{"line":311,"column":22}},"144":{"start":{"line":315,"column":4},"end":{"line":315,"column":60}},"145":{"start":{"line":319,"column":21},"end":{"line":319,"column":75}},"146":{"start":{"line":320,"column":4},"end":{"line":320,"column":16}},"147":{"start":{"line":324,"column":21},"end":{"line":324,"column":95}},"148":{"start":{"line":325,"column":4},"end":{"line":325,"column":22}},"149":{"start":{"line":330,"column":4},"end":{"line":342,"column":5}},"150":{"start":{"line":331,"column":23},"end":{"line":337,"column":7}},"151":{"start":{"line":338,"column":6},"end":{"line":338,"column":18}},"152":{"start":{"line":340,"column":6},"end":{"line":340,"column":56}},"153":{"start":{"line":340,"column":44},"end":{"line":340,"column":56}},"154":{"start":{"line":341,"column":6},"end":{"line":341,"column":16}},"155":{"start":{"line":346,"column":4},"end":{"line":357,"column":5}},"156":{"start":{"line":347,"column":23},"end":{"line":352,"column":7}},"157":{"start":{"line":353,"column":6},"end":{"line":353,"column":30}},"158":{"start":{"line":355,"column":6},"end":{"line":355,"column":54}},"159":{"start":{"line":355,"column":44},"end":{"line":355,"column":54}},"160":{"start":{"line":356,"column":6},"end":{"line":356,"column":16}},"161":{"start":{"line":361,"column":21},"end":{"line":368,"column":5}},"162":{"start":{"line":369,"column":4},"end":{"line":369,"column":16}},"163":{"start":{"line":373,"column":18},"end":{"line":373,"column":20}},"164":{"start":{"line":374,"column":19},"end":{"line":374,"column":55}},"165":{"start":{"line":376,"column":4},"end":{"line":389,"column":5}},"166":{"start":{"line":377,"column":20},"end":{"line":377,"column":43}},"167":{"start":{"line":378,"column":6},"end":{"line":388,"column":7}},"168":{"start":{"line":379,"column":28},"end":{"line":379,"column":50}},"169":{"start":{"line":380,"column":8},"end":{"line":386,"column":9}},"170":{"start":{"line":382,"column":10},"end":{"line":385,"column":11}},"171":{"start":{"line":383,"column":12},"end":{"line":383,"column":30}},"172":{"start":{"line":384,"column":12},"end":{"line":384,"column":18}},"173":{"start":{"line":387,"column":8},"end":{"line":387,"column":41}},"174":{"start":{"line":387,"column":35},"end":{"line":387,"column":41}},"175":{"start":{"line":391,"column":4},"end":{"line":391,"column":17}},"176":{"start":{"line":395,"column":4},"end":{"line":406,"column":5}},"177":{"start":{"line":396,"column":23},"end":{"line":401,"column":7}},"178":{"start":{"line":402,"column":6},"end":{"line":402,"column":30}},"179":{"start":{"line":404,"column":6},"end":{"line":404,"column":54}},"180":{"start":{"line":404,"column":44},"end":{"line":404,"column":54}},"181":{"start":{"line":405,"column":6},"end":{"line":405,"column":16}},"182":{"start":{"line":410,"column":18},"end":{"line":410,"column":20}},"183":{"start":{"line":411,"column":28},"end":{"line":411,"column":69}},"184":{"start":{"line":413,"column":4},"end":{"line":429,"column":5}},"185":{"start":{"line":414,"column":21},"end":{"line":414,"column":40}},"186":{"start":{"line":415,"column":6},"end":{"line":428,"column":7}},"187":{"start":{"line":416,"column":29},"end":{"line":416,"column":46}},"188":{"start":{"line":417,"column":8},"end":{"line":426,"column":9}},"189":{"start":{"line":418,"column":23},"end":{"line":418,"column":45}},"190":{"start":{"line":419,"column":10},"end":{"line":425,"column":11}},"191":{"start":{"line":423,"column":12},"end":{"line":423,"column":27}},"192":{"start":{"line":424,"column":12},"end":{"line":424,"column":18}},"193":{"start":{"line":427,"column":8},"end":{"line":427,"column":38}},"194":{"start":{"line":427,"column":32},"end":{"line":427,"column":38}},"195":{"start":{"line":431,"column":4},"end":{"line":431,"column":17}},"196":{"start":{"line":436,"column":21},"end":{"line":436,"column":62}},"197":{"start":{"line":437,"column":4},"end":{"line":439,"column":5}},"198":{"start":{"line":438,"column":6},"end":{"line":438,"column":22}},"199":{"start":{"line":442,"column":17},"end":{"line":442,"column":47}},"200":{"start":{"line":443,"column":25},"end":{"line":443,"column":88}},"201":{"start":{"line":443,"column":42},"end":{"line":443,"column":87}},"202":{"start":{"line":444,"column":4},"end":{"line":446,"column":5}},"203":{"start":{"line":445,"column":6},"end":{"line":445,"column":26}},"204":{"start":{"line":449,"column":4},"end":{"line":466,"column":5}},"205":{"start":{"line":450,"column":6},"end":{"line":465,"column":7}},"206":{"start":{"line":451,"column":20},"end":{"line":451,"column":43}},"207":{"start":{"line":452,"column":8},"end":{"line":452,"column":27}},"208":{"start":{"line":452,"column":18},"end":{"line":452,"column":27}},"209":{"start":{"line":454,"column":25},"end":{"line":454,"column":78}},"210":{"start":{"line":455,"column":8},"end":{"line":455,"column":32}},"211":{"start":{"line":455,"column":23},"end":{"line":455,"column":32}},"212":{"start":{"line":457,"column":26},"end":{"line":457,"column":73}},"213":{"start":{"line":458,"column":24},"end":{"line":460,"column":9}},"214":{"start":{"line":459,"column":28},"end":{"line":459,"column":52}},"215":{"start":{"line":462,"column":8},"end":{"line":464,"column":9}},"216":{"start":{"line":463,"column":10},"end":{"line":463,"column":21}},"217":{"start":{"line":468,"column":4},"end":{"line":468,"column":16}}},"fnMap":{"0":{"name":"(anonymous_0)","decl":{"start":{"line":5,"column":2},"end":{"line":5,"column":3}},"loc":{"start":{"line":5,"column":16},"end":{"line":13,"column":3}},"line":5},"1":{"name":"(anonymous_1)","decl":{"start":{"line":15,"column":2},"end":{"line":15,"column":3}},"loc":{"start":{"line":15,"column":15},"end":{"line":30,"column":3}},"line":15},"2":{"name":"(anonymous_2)","decl":{"start":{"line":32,"column":2},"end":{"line":32,"column":3}},"loc":{"start":{"line":32,"column":60},"end":{"line":82,"column":3}},"line":32},"3":{"name":"(anonymous_3)","decl":{"start":{"line":84,"column":2},"end":{"line":84,"column":3}},"loc":{"start":{"line":84,"column":38},"end":{"line":95,"column":3}},"line":84},"4":{"name":"(anonymous_4)","decl":{"start":{"line":97,"column":2},"end":{"line":97,"column":3}},"loc":{"start":{"line":97,"column":34},"end":{"line":105,"column":3}},"line":97},"5":{"name":"(anonymous_5)","decl":{"start":{"line":107,"column":2},"end":{"line":107,"column":3}},"loc":{"start":{"line":107,"column":45},"end":{"line":110,"column":3}},"line":107},"6":{"name":"(anonymous_6)","decl":{"start":{"line":112,"column":2},"end":{"line":112,"column":3}},"loc":{"start":{"line":112,"column":36},"end":{"line":120,"column":3}},"line":112},"7":{"name":"(anonymous_7)","decl":{"start":{"line":122,"column":2},"end":{"line":122,"column":3}},"loc":{"start":{"line":122,"column":62},"end":{"line":135,"column":3}},"line":122},"8":{"name":"(anonymous_8)","decl":{"start":{"line":137,"column":2},"end":{"line":137,"column":3}},"loc":{"start":{"line":137,"column":32},"end":{"line":145,"column":3}},"line":137},"9":{"name":"(anonymous_9)","decl":{"start":{"line":147,"column":2},"end":{"line":147,"column":3}},"loc":{"start":{"line":147,"column":41},"end":{"line":160,"column":3}},"line":147},"10":{"name":"(anonymous_10)","decl":{"start":{"line":162,"column":2},"end":{"line":162,"column":3}},"loc":{"start":{"line":162,"column":43},"end":{"line":176,"column":3}},"line":162},"11":{"name":"(anonymous_11)","decl":{"start":{"line":178,"column":2},"end":{"line":178,"column":3}},"loc":{"start":{"line":178,"column":52},"end":{"line":192,"column":3}},"line":178},"12":{"name":"(anonymous_12)","decl":{"start":{"line":194,"column":2},"end":{"line":194,"column":3}},"loc":{"start":{"line":194,"column":51},"end":{"line":204,"column":3}},"line":194},"13":{"name":"(anonymous_13)","decl":{"start":{"line":206,"column":2},"end":{"line":206,"column":3}},"loc":{"start":{"line":206,"column":43},"end":{"line":231,"column":3}},"line":206},"14":{"name":"(anonymous_14)","decl":{"start":{"line":233,"column":2},"end":{"line":233,"column":3}},"loc":{"start":{"line":233,"column":56},"end":{"line":237,"column":3}},"line":233},"15":{"name":"(anonymous_15)","decl":{"start":{"line":239,"column":2},"end":{"line":239,"column":3}},"loc":{"start":{"line":239,"column":55},"end":{"line":259,"column":3}},"line":239},"16":{"name":"(anonymous_16)","decl":{"start":{"line":261,"column":2},"end":{"line":261,"column":3}},"loc":{"start":{"line":261,"column":59},"end":{"line":297,"column":3}},"line":261},"17":{"name":"(anonymous_17)","decl":{"start":{"line":285,"column":12},"end":{"line":285,"column":13}},"loc":{"start":{"line":285,"column":30},"end":{"line":285,"column":54}},"line":285},"18":{"name":"(anonymous_18)","decl":{"start":{"line":299,"column":2},"end":{"line":299,"column":3}},"loc":{"start":{"line":299,"column":32},"end":{"line":307,"column":3}},"line":299},"19":{"name":"(anonymous_19)","decl":{"start":{"line":309,"column":2},"end":{"line":309,"column":3}},"loc":{"start":{"line":309,"column":55},"end":{"line":312,"column":3}},"line":309},"20":{"name":"(anonymous_20)","decl":{"start":{"line":314,"column":2},"end":{"line":314,"column":3}},"loc":{"start":{"line":314,"column":35},"end":{"line":316,"column":3}},"line":314},"21":{"name":"(anonymous_21)","decl":{"start":{"line":318,"column":2},"end":{"line":318,"column":3}},"loc":{"start":{"line":318,"column":34},"end":{"line":321,"column":3}},"line":318},"22":{"name":"(anonymous_22)","decl":{"start":{"line":323,"column":2},"end":{"line":323,"column":3}},"loc":{"start":{"line":323,"column":28},"end":{"line":326,"column":3}},"line":323},"23":{"name":"(anonymous_23)","decl":{"start":{"line":329,"column":2},"end":{"line":329,"column":3}},"loc":{"start":{"line":329,"column":38},"end":{"line":343,"column":3}},"line":329},"24":{"name":"(anonymous_24)","decl":{"start":{"line":345,"column":2},"end":{"line":345,"column":3}},"loc":{"start":{"line":345,"column":34},"end":{"line":358,"column":3}},"line":345},"25":{"name":"(anonymous_25)","decl":{"start":{"line":360,"column":2},"end":{"line":360,"column":3}},"loc":{"start":{"line":360,"column":49},"end":{"line":370,"column":3}},"line":360},"26":{"name":"(anonymous_26)","decl":{"start":{"line":372,"column":2},"end":{"line":372,"column":3}},"loc":{"start":{"line":372,"column":57},"end":{"line":392,"column":3}},"line":372},"27":{"name":"(anonymous_27)","decl":{"start":{"line":394,"column":2},"end":{"line":394,"column":3}},"loc":{"start":{"line":394,"column":39},"end":{"line":407,"column":3}},"line":394},"28":{"name":"(anonymous_28)","decl":{"start":{"line":409,"column":2},"end":{"line":409,"column":3}},"loc":{"start":{"line":409,"column":62},"end":{"line":432,"column":3}},"line":409},"29":{"name":"(anonymous_29)","decl":{"start":{"line":434,"column":2},"end":{"line":434,"column":3}},"loc":{"start":{"line":434,"column":67},"end":{"line":469,"column":3}},"line":434},"30":{"name":"(anonymous_30)","decl":{"start":{"line":443,"column":35},"end":{"line":443,"column":36}},"loc":{"start":{"line":443,"column":42},"end":{"line":443,"column":87}},"line":443},"31":{"name":"(anonymous_31)","decl":{"start":{"line":459,"column":10},"end":{"line":459,"column":11}},"loc":{"start":{"line":459,"column":28},"end":{"line":459,"column":52}},"line":459}},"branchMap":{"0":{"loc":{"start":{"line":12,"column":36},"end":{"line":12,"column":71}},"type":"binary-expr","locations":[{"start":{"line":12,"column":36},"end":{"line":12,"column":56}},{"start":{"line":12,"column":60},"end":{"line":12,"column":71}}],"line":12},"1":{"loc":{"start":{"line":17,"column":4},"end":{"line":23,"column":5}},"type":"if","locations":[{"start":{"line":17,"column":4},"end":{"line":23,"column":5}},{"start":{"line":20,"column":11},"end":{"line":23,"column":5}}],"line":17},"2":{"loc":{"start":{"line":32,"column":38},"end":{"line":32,"column":58}},"type":"default-arg","locations":[{"start":{"line":32,"column":56},"end":{"line":32,"column":58}}],"line":32},"3":{"loc":{"start":{"line":49,"column":6},"end":{"line":69,"column":7}},"type":"if","locations":[{"start":{"line":49,"column":6},"end":{"line":69,"column":7}},{"start":{},"end":{}}],"line":49},"4":{"loc":{"start":{"line":53,"column":8},"end":{"line":66,"column":9}},"type":"if","locations":[{"start":{"line":53,"column":8},"end":{"line":66,"column":9}},{"start":{"line":58,"column":15},"end":{"line":66,"column":9}}],"line":53},"5":{"loc":{"start":{"line":58,"column":15},"end":{"line":66,"column":9}},"type":"if","locations":[{"start":{"line":58,"column":15},"end":{"line":66,"column":9}},{"start":{},"end":{}}],"line":58},"6":{"loc":{"start":{"line":74,"column":6},"end":{"line":77,"column":7}},"type":"if","locations":[{"start":{"line":74,"column":6},"end":{"line":77,"column":7}},{"start":{},"end":{}}],"line":74},"7":{"loc":{"start":{"line":87,"column":6},"end":{"line":89,"column":7}},"type":"if","locations":[{"start":{"line":87,"column":6},"end":{"line":89,"column":7}},{"start":{},"end":{}}],"line":87},"8":{"loc":{"start":{"line":87,"column":10},"end":{"line":87,"column":74}},"type":"binary-expr","locations":[{"start":{"line":87,"column":10},"end":{"line":87,"column":18}},{"start":{"line":87,"column":22},"end":{"line":87,"column":74}}],"line":87},"9":{"loc":{"start":{"line":91,"column":6},"end":{"line":93,"column":7}},"type":"if","locations":[{"start":{"line":91,"column":6},"end":{"line":93,"column":7}},{"start":{},"end":{}}],"line":91},"10":{"loc":{"start":{"line":102,"column":6},"end":{"line":102,"column":56}},"type":"if","locations":[{"start":{"line":102,"column":6},"end":{"line":102,"column":56}},{"start":{},"end":{}}],"line":102},"11":{"loc":{"start":{"line":117,"column":6},"end":{"line":117,"column":56}},"type":"if","locations":[{"start":{"line":117,"column":6},"end":{"line":117,"column":56}},{"start":{},"end":{}}],"line":117},"12":{"loc":{"start":{"line":142,"column":6},"end":{"line":142,"column":56}},"type":"if","locations":[{"start":{"line":142,"column":6},"end":{"line":142,"column":56}},{"start":{},"end":{}}],"line":142},"13":{"loc":{"start":{"line":173,"column":6},"end":{"line":173,"column":56}},"type":"if","locations":[{"start":{"line":173,"column":6},"end":{"line":173,"column":56}},{"start":{},"end":{}}],"line":173},"14":{"loc":{"start":{"line":209,"column":6},"end":{"line":225,"column":7}},"type":"switch","locations":[{"start":{"line":210,"column":8},"end":{"line":212,"column":16}},{"start":{"line":213,"column":8},"end":{"line":215,"column":16}},{"start":{"line":216,"column":8},"end":{"line":218,"column":16}},{"start":{"line":219,"column":8},"end":{"line":221,"column":16}},{"start":{"line":222,"column":8},"end":{"line":224,"column":22}}],"line":209},"15":{"loc":{"start":{"line":228,"column":6},"end":{"line":228,"column":56}},"type":"if","locations":[{"start":{"line":228,"column":6},"end":{"line":228,"column":56}},{"start":{},"end":{}}],"line":228},"16":{"loc":{"start":{"line":235,"column":4},"end":{"line":235,"column":28}},"type":"if","locations":[{"start":{"line":235,"column":4},"end":{"line":235,"column":28}},{"start":{},"end":{}}],"line":235},"17":{"loc":{"start":{"line":236,"column":11},"end":{"line":236,"column":46}},"type":"binary-expr","locations":[{"start":{"line":236,"column":11},"end":{"line":236,"column":41}},{"start":{"line":236,"column":45},"end":{"line":236,"column":46}}],"line":236},"18":{"loc":{"start":{"line":243,"column":4},"end":{"line":258,"column":5}},"type":"switch","locations":[{"start":{"line":244,"column":6},"end":{"line":246,"column":14}},{"start":{"line":247,"column":6},"end":{"line":249,"column":14}},{"start":{"line":250,"column":6},"end":{"line":252,"column":14}},{"start":{"line":253,"column":6},"end":{"line":255,"column":14}},{"start":{"line":256,"column":6},"end":{"line":257,"column":63}}],"line":243},"19":{"loc":{"start":{"line":262,"column":4},"end":{"line":264,"column":5}},"type":"if","locations":[{"start":{"line":262,"column":4},"end":{"line":264,"column":5}},{"start":{},"end":{}}],"line":262},"20":{"loc":{"start":{"line":262,"column":8},"end":{"line":262,"column":69}},"type":"binary-expr","locations":[{"start":{"line":262,"column":8},"end":{"line":262,"column":24}},{"start":{"line":262,"column":28},"end":{"line":262,"column":69}}],"line":262},"21":{"loc":{"start":{"line":270,"column":8},"end":{"line":280,"column":9}},"type":"switch","locations":[{"start":{"line":271,"column":10},"end":{"line":273,"column":18}},{"start":{"line":274,"column":10},"end":{"line":276,"column":18}},{"start":{"line
[...]
start":{"line":149,"column":4},"end":{"line":161,"column":5}},"72":{"start":{"line":150,"column":6},"end":{"line":160,"column":9}},"73":{"start":{"line":163,"column":20},"end":{"line":164,"column":94}},"74":{"start":{"line":166,"column":4},"end":{"line":177,"column":9}},"75":{"start":{"line":181,"column":4},"end":{"line":187,"column":5}},"76":{"start":{"line":182,"column":22},"end":{"line":182,"column":24}},"77":{"start":{"line":183,"column":6},"end":{"line":183,"column":40}},"78":{"start":{"line":184,"column":6},"end":{"line":184,"column":34}},"79":{"start":{"line":185,"column":6},"end":{"line":185,"column":16}},"80":{"start":{"line":186,"column":6},"end":{"line":186,"column":13}},"81":{"start":{"line":189,"column":4},"end":{"line":193,"column":5}},"82":{"start":{"line":190,"column":6},"end":{"line":190,"column":59}},"83":{"start":{"line":191,"column":6},"end":{"line":191,"column":20}},"84":{"start":{"line":192,"column":6},"end":{"line":192,"column":13}},"85":{"start":{"line":195,"column":4},"end":{"line":203,"column":5}},"86":{"start":{"line":196,"column":21},"end":{"line":199,"column":7}},"87":{"start":{"line":200,"column":6},"end":{"line":200,"column":65}},"88":{"start":{"line":201,"column":6},"end":{"line":201,"column":47}},"89":{"start":{"line":202,"column":6},"end":{"line":202,"column":13}},"90":{"start":{"line":205,"column":28},"end":{"line":205,"column":68}},"91":{"start":{"line":206,"column":30},"end":{"line":206,"column":72}},"92":{"start":{"line":208,"column":4},"end":{"line":214,"column":5}},"93":{"start":{"line":209,"column":6},"end":{"line":209,"column":63}},"94":{"start":{"line":210,"column":6},"end":{"line":212,"column":9}},"95":{"start":{"line":213,"column":6},"end":{"line":213,"column":13}},"96":{"start":{"line":216,"column":4},"end":{"line":216,"column":80}},"97":{"start":{"line":219,"column":26},"end":{"line":219,"column":87}},"98":{"start":{"line":222,"column":25},"end":{"line":222,"column":95}},"99":{"start":{"line":223,"column":4},"end":{"line":230,"column":5}},"100":{"start":{"line":224,"column":6},"end":{"line":224,"column":89}},"101":{"start":{"line":225,"column":6},"end":{"line":228,"column":33}},"102":{"start":{"line":229,"column":6},"end":{"line":229,"column":13}},"103":{"start":{"line":232,"column":25},"end":{"line":232,"column":56}},"104":{"start":{"line":233,"column":24},"end":{"line":233,"column":59}},"105":{"start":{"line":234,"column":23},"end":{"line":234,"column":52}},"106":{"start":{"line":236,"column":4},"end":{"line":246,"column":5}},"107":{"start":{"line":237,"column":6},"end":{"line":237,"column":102}},"108":{"start":{"line":238,"column":24},"end":{"line":238,"column":46}},"109":{"start":{"line":239,"column":23},"end":{"line":239,"column":48}},"110":{"start":{"line":240,"column":6},"end":{"line":244,"column":87}},"111":{"start":{"line":245,"column":6},"end":{"line":245,"column":13}},"112":{"start":{"line":248,"column":25},"end":{"line":248,"column":57}},"113":{"start":{"line":250,"column":4},"end":{"line":271,"column":5}},"114":{"start":{"line":251,"column":6},"end":{"line":251,"column":116}},"115":{"start":{"line":253,"column":6},"end":{"line":262,"column":7}},"116":{"start":{"line":254,"column":28},"end":{"line":254,"column":70}},"117":{"start":{"line":255,"column":8},"end":{"line":260,"column":45}},"118":{"start":{"line":261,"column":8},"end":{"line":261,"column":15}},"119":{"start":{"line":264,"column":6},"end":{"line":269,"column":33}},"120":{"start":{"line":270,"column":6},"end":{"line":270,"column":13}},"121":{"start":{"line":273,"column":4},"end":{"line":273,"column":86}},"122":{"start":{"line":275,"column":4},"end":{"line":281,"column":5}},"123":{"start":{"line":276,"column":6},"end":{"line":279,"column":33}},"124":{"start":{"line":280,"column":6},"end":{"line":280,"column":13}},"125":{"start":{"line":284,"column":4},"end":{"line":292,"column":5}},"126":{"start":{"line":285,"column":6},"end":{"line":285,"column":92}},"127":{"start":{"line":286,"column":6},"end":{"line":290,"column":42}},"128":{"start":{"line":291,"column":6},"end":{"line":291,"column":13}},"129":{"start":{"line":295,"column":4},"end":{"line":305,"column":9}},"130":{"start":{"line":297,"column":8},"end":{"line":301,"column":9}},"131":{"start":{"line":298,"column":10},"end":{"line":298,"column":86}},"132":{"start":{"line":300,"column":10},"end":{"line":300,"column":84}},"133":{"start":{"line":304,"column":8},"end":{"line":304,"column":96}},"134":{"start":{"line":308,"column":4},"end":{"line":312,"column":40}},"135":{"start":{"line":313,"column":4},"end":{"line":313,"column":86}}},"fnMap":{"0":{"name":"(anonymous_0)","decl":{"start":{"line":5,"column":2},"end":{"line":5,"column":3}},"loc":{"start":{"line":5,"column":34},"end":{"line":12,"column":3}},"line":5},"1":{"name":"(anonymous_1)","decl":{"start":{"line":14,"column":2},"end":{"line":14,"column":3}},"loc":{"start":{"line":14,"column":28},"end":{"line":16,"column":3}},"line":14},"2":{"name":"(anonymous_2)","decl":{"start":{"line":18,"column":2},"end":{"line":18,"column":3}},"loc":{"start":{"line":18,"column":16},"end":{"line":30,"column":3}},"line":18},"3":{"name":"(anonymous_3)","decl":{"start":{"line":19,"column":23},"end":{"line":19,"column":24}},"loc":{"start":{"line":19,"column":36},"end":{"line":29,"column":5}},"line":19},"4":{"name":"(anonymous_4)","decl":{"start":{"line":20,"column":38},"end":{"line":20,"column":39}},"loc":{"start":{"line":20,"column":52},"end":{"line":20,"column":80}},"line":20},"5":{"name":"(anonymous_5)","decl":{"start":{"line":25,"column":49},"end":{"line":25,"column":50}},"loc":{"start":{"line":25,"column":55},"end":{"line":28,"column":7}},"line":25},"6":{"name":"(anonymous_6)","decl":{"start":{"line":32,"column":2},"end":{"line":32,"column":3}},"loc":{"start":{"line":32,"column":15},"end":{"line":43,"column":3}},"line":32},"7":{"name":"(anonymous_7)","decl":{"start":{"line":33,"column":23},"end":{"line":33,"column":24}},"loc":{"start":{"line":33,"column":36},"end":{"line":42,"column":5}},"line":33},"8":{"name":"(anonymous_8)","decl":{"start":{"line":35,"column":26},"end":{"line":35,"column":27}},"loc":{"start":{"line":35,"column":32},"end":{"line":38,"column":9}},"line":35},"9":{"name":"(anonymous_9)","decl":{"start":{"line":45,"column":2},"end":{"line":45,"column":3}},"loc":{"start":{"line":45,"column":21},"end":{"line":47,"column":3}},"line":45},"10":{"name":"(anonymous_10)","decl":{"start":{"line":49,"column":2},"end":{"line":49,"column":3}},"loc":{"start":{"line":49,"column":30},"end":{"line":53,"column":3}},"line":49},"11":{"name":"(anonymous_11)","decl":{"start":{"line":55,"column":2},"end":{"line":55,"column":3}},"loc":{"start":{"line":55,"column":23},"end":{"line":62,"column":3}},"line":55},"12":{"name":"(anonymous_12)","decl":{"start":{"line":64,"column":2},"end":{"line":64,"column":3}},"loc":{"start":{"line":64,"column":53},"end":{"line":93,"column":3}},"line":64},"13":{"name":"(anonymous_13)","decl":{"start":{"line":95,"column":2},"end":{"line":95,"column":3}},"loc":{"start":{"line":95,"column":47},"end":{"line":104,"column":3}},"line":95},"14":{"name":"(anonymous_14)","decl":{"start":{"line":106,"column":2},"end":{"line":106,"column":3}},"loc":{"start":{"line":106,"column":116},"end":{"line":132,"column":3}},"line":106},"15":{"name":"(anonymous_15)","decl":{"start":{"line":134,"column":2},"end":{"line":134,"column":3}},"loc":{"start":{"line":134,"column":18},"end":{"line":141,"column":3}},"line":134},"16":{"name":"(anonymous_16)","decl":{"start":{"line":143,"column":2},"end":{"line":143,"column":3}},"loc":{"start":{"line":143,"column":60},"end":{"line":178,"column":3}},"line":143},"17":{"name":"(anonymous_17)","decl":{"start":{"line":180,"column":2},"end":{"line":180,"column":3}},"loc":{"start":{"line":180,"column":32},"end":{"line":314,"column":3}},"line":180},"18":{"name":"(anonymous_18)","decl":{"start":{"line":296,"column":12},"end":{"line":296,"column":13}},"loc":{"start":{"line":296,"column":23},"end":{"line":302,"column":7}},"line":296},"19":{"name":"(anonymous_19)","decl":{"start":{"line":303,"column":13},"end":{"line":303,"column":14}},"loc":{"start":{"line":303,"column":20},"end":{"line":305,"column":7}},"line":303}},"branchMap":{"0":{"loc":{"start":{"line":34,"column":6},"end":{"line":41,"column":7}},"type":"if","locations":[{"start":{"line":34,"column":6},"end":{"line":41,"column":7}},{"start":{"line":39,"column":13},"end":{"line":41,"column":7}}],"line":34},"1":{"loc":{"start":{"line":46,"column":11},"end":{"line":46,"column":25}},"type":"binary-expr","locations":[{"start":{"line":46,"column":11},"end":{"line":46,"column":18}},{"start":{"line":46,"column":22},"end":{"line":46,"column":25}}],"line":46},"2":{"loc":{"start":{"line":50,"column":19},"end":{"line":50,"column":43}},"type":"binary-expr","locations":[{"start":{"line":50,"column":19},"end":{"line":50,"column":37}},{"start":{"line":50,"column":41},"end":{"line":50,"column":43}}],"line":50},"3":{"loc":{"start":{"line":51,"column":4},"end":{"line":51,"column":71}},"type":"if","locations":[{"start":{"line":51,"column":4},"end":{"line":51,"column":71}},{"start":{},"end":{}}],"line":51},"4":{"loc":{"start":{"line":57,"column":4},"end":{"line":57,"column":72}},"type":"if","locations":[{"start":{"line":57,"column":4},"end":{"line":57,"column":72}},{"start":{},"end":{}}],"line":57},"5":{"loc":{"start":{"line":57,"column":8},"end":{"line":57,"column":58}},"type":"binary-expr","locations":[{"start":{"line":57,"column":8},"end":{"line":57,"column":33}},{"start":{"line":57,"column":37},"end":{"line":57,"column":58}}],"line":57},"6":{"loc":{"start":{"line":60,"column":4},"end":{"line":60,"column":39}},"type":"if","locations":[{"start":{"line":60,"column":4},"end":{"line":60,"column":39}},{"start":{},"end":{}}],"line":60},"7":{"loc":{"start":{"line":64,"column":31},"end":{"line":64,"column":51}},"type":"default-arg","locations":[{"start":{"line":64,"column":47},"end":{"line":64,"column":51}}],"line":64},"8":{"loc":{"start":{"line":68,"column":27},"end":{"line":68,"column":87}},"type":"binary-expr","locations":[{"start":{"line":68,"column":27},"end":{"line":68,"column":53}},{"start":{"line":68,"column":57},"end":{"line":68,"column":87}}],"line":68},"9":{"loc":{"start":{"line":69,"column":29},"end":{"line":69,"column":104}},"type":"binary-expr","locations":[{"start":{"line":69,"column":29},"end":{"line":69,"column":59}},{"start":{"line":69,"column":63},"end":{"line":69,"column":95}},{"start":{"line":69,"column":99},"end":{"line":69,"column":104}}],"line":69},"10":{"loc":{"start":{"line":71,"column":4},"end":{"line":87,"column":5}},"type":"if","locations":[{"start":{"line":71,"column":4},"end":{"line":87,"column":5}},{"start":{"line":80,"column":11},"end":{"line":87,"column":5}}],"line":71},"11":{"loc":{"start":{"line":71,"column":8},"end":{"line":71,"column":51}},"type":"binary-expr","locations":[{"start":{"line":71,"column":8},"end":{"line":71,"column":22}},{"start":{"line":71,"column":26},"end":{"line":71,"column":51}}],"line":71},"12":{"loc":{"start":{"line":73,"column":6},"end":{"line":79,"column":7}},"type":"if","locations":[{"start":{"line":73,"column":6},"end":{"line":79,"column":7}},{"start":{"line":76,"column":13},"end":{"line":79,"column":7}}],"line":73},"13":{"loc":{"start":{"line":73,"column":10},"end":{"line":73,"column":51}},"type":"binary-expr","locations":[{"start":{"line":73,"column":10},"end":{"line":73,"column":16}},{"start":{"line":73,"column":20},"end":{"line":73,"column":51}}],"line":73},"14":{"loc":{"start":{"line":80,"column":11},"end":{"line":87,"column":5}},"type":"if","locations":[{"start":{"line":80,"column":11},"end":{"line":87,"column":5}},{"start":{"line":84,"column":11},"end":{"line":87,"column":5}}],"line":80},"15":{"loc":{"start":{"line":80,"column":15},"end":{"line":80,"column":41}},"type":"binary-expr","locations":[{"start":{"line":80,"column":15},"end":{"line":80,"column":31}},{"start":{"line":80,"column":35},"end":{"line":80,"column":41}}],"line":80},"16":{"loc":{"start":{"line":97,"column":4},"end":{"line":99,"column":5}},"type":"if","locations":[{"start":{"line":97,"column":4},"end":{"line":99,"column":5}},{"start":{},"end":{}}],"line":97},"17":{"loc":{"start":{"line":97,"column":8},"end":{"line":97,"column":54}},"type":"binary-expr","locations":[{"start":{"line":97,"column":8},"end":{"line":97,"column":27}},{"start":{"line":97,"column":31},"end":{"line":97,"column":54}}],"line":97},"18":{"loc":{"start":{"line":106,"column":58},"end":{"line":106,"column":74}},"type":"default-arg","locations":[{"start":{"line":106,"column":73},"end":{"line":106,"column":74}}],"line":106},"19":{"loc":{"start":{"line":106,"column":76},"end":{"line":106,"column":92}},"type":"default-arg","locations":[{"start":{"line":106,"column":88},"end":{"line":106,"column":92}}],"line":106},"20":{"loc":{"start":{"line":106,"column":94},"end":{"line":106,"column":114}},"type":"default-arg","locations":[{"start":{"line":106,"column":110},"end":{"line":106,"column":114}}],"line":106},"21":{"loc":{"start":{"line":115,"column":4},"end":{"line":117,"column":5}},"type":"if","locations":[{"start":{"line":115,"column":4},"end":{"line":117,"column":5}},{"start":{},"end":{}}],"line":115},"22":{"loc":{"start":{"line":119,"column":4},"end":{"line":122,"column":5}},"type":"if","locations":[{"start":{"line":119,"column":4},"end":{"line":122,"column":5}},{"start":{},"end":{}}],"line":119},"23":{"loc":{"start":{"line":127,"column":4},"end":{"line":131,"column":5}},"type":"if","locations":[{"start":{"line":127,"column":4},"end":{"line":131,"column":5}},{"start":{"line":129,"column":11},"end":{"line":131,"column":5}}],"line":127},"24":{"loc":{"start":{"line":144,"column":36},"end":{"line":144,"column":65}},"type":"binary-expr","locations":[{"start":{"line":144,"column":36},"end":{"line":144,"column":48}},{"start":{"line":144,"column":52},"end":{"line":144,"column":65}}],"line":144},"25":{"loc":{"start":{"line":145,"column":36},"end":{"line":145,"column":61}},"type":"binary-expr","locations":[{"start":{"line":145,"column":36},"end":{"line":145,"column":48}},{"start":{"line":145,"column":52},"end":{"line":145,"column":61}}],"line":145},"26":{"loc":{"start":{"line":147,"column":24},"end":{"line":147,"column":103}},"type":"cond-expr","locations":[{"start":{"line":147,"column":43},"end":{"line":147,"column":98}},{"start":{"line":147,"column":101},"end":{"line":147,"column":103}}],"line":147},"27":{"loc":{"start":{"line":149,"column":4},"end":{"line":161,"column":5}},"type":"if","locations":[{"start":{"line":149,"column":4},"end":{"line":161,"column":5}},{"start":{},"end":{}}],"line":149},"28":{"loc":{"start":{"line":163,"column":20},"end":{"line":164,"column":94}},"type":"cond-expr","locations":[{"start":{"line":163,"column":41},"end":{"line":164,"column":89}},{"start":{"line":164,"column":92},"end":{"line":164,"column":94}}],"line":163},"29":{"loc":{"start":{"line":174,"column":2},"end":{"line":174,"column":110}},"type":"cond-expr","locations":[{"start":{"line":174,"column":21},"end":{"line":174,"column":105}},{"start":{"line":174,"column":108},"end":{"line":174,"column":110}}],"line":174},"30":{"loc":{"start":{"line":181,"column":4},"end":{"line":187,"column":5}},"type":"if","locations":[{"start":{"line":181,"column":4},"end":{"line":187,"column":5}},{"start":{},"end":{}}],"line":181},"31":{"loc":{"start":{"line":189,"column":4},"end":{"line":193,"column":5}},"type":"if","locations":[{"start":{"line":189,"column":4},"end":{"line":193,"column":5}},{"start":{},"end":{}}],"line":189},"32":{"loc":{"start":{"line":189,"column":8},"end":{"line":189,"column":55}},"type":"binary-expr","locations":[{"start":{"line":189,"column":8},"end":{"line":189,"column":30}},{"start":{"line":189,"column":34},"end":{"line":189,"column":55}}],"line":189},"33":{"loc":{"start":{"line":195,"column":4},"end":{"line":203,"column":5}},"type":"if","locations":[{"start":{"line":195,"column":4},"end":{"line":203,"column":5}},{"start":{},"end":{}}],"line":195},"34":{"loc":{"start":{"line":208,"column":4},"end":{"line":214,"column":5}},"type":"if","locations":[{"start":{"line":208,"column":4},"end":{"line":214,"column":5}},{"start":{},"end":{}}],"line":208},"35":{"loc":{"start":{"line":208,"column":8},"end":{"line":208,"column":46}},"type":"binary-expr","locations":[{"start":{"line":208,"column":8},"end":{"line":208,"column":24}},{"start":{"line":208,"column":28},"end":{"line":208,"column":46}}],"line":208},"36":{"loc":{"start":{"line":223,"column":4},"end":{"line":230,"column":5}},"type":"if","locations":[{"start":{"line":223,"column":4},"end":{"line":230,"column":5}},{"start":{},"end":{}}],"line":223},"37":{"loc":{"start":{"line":233,"column":24},"end":{"line":233,"column":59}},"type":"binary-expr","locations":[{"start":{"line":233,"column":24},"end":{"line":233,"column":54}},{"start":{"line":233,"column":58},"end":{"line":233,"column":59}}],"line":233},"38":{"loc":{"start":{"line":236,"column":4},"end":{"line":246,"column":5}},"type":"if","locations":[{"start":{"line":236,"column":4},"end":{"line":246,"column":5}},{"start":{},"end":{}}],"line":236},"39":{"loc":{"start":{"line":250,"column":4},"end":{"line":271,"column":5}},"type":"if","locations":[{"start":{"line":250,"column":4},"end":{"line":271,"column":5}},{"start":{},"end":{}}],"line":250},"40":{"loc":{"start":{"line":253,"column":6},"end":{"line":262,"column":7}},"type":"if","locations":[{"start":{"line":253,"column":6},"end":{"line":262,"column":7}},{"start":{},"end":{}}],"line":253},"41":{"loc":{"start":{"line":275,"column":4},"end":{"line":281,"column":5}},"type":"if","locations":[{"start":{"line":275,"column":4},"end":{"line":281,"column":5}},{"start":{},"end":{}}],"line":275},"42":{"loc":{"start":{"line":284,"column":4},"end":{"line":292,"column":5}},"type":"if","locations":[{"start":{"line":284,"column":4},"end":{"line":292,"column":5}},{"start":{},"end":{}}],"line":284},"43":{"loc":{"start":{"line":297,"column":8},"end":{"line":301,"column":9}},"type":"if","locations":[{"start":{"line":297,"column":8},"end":{"line":301,"column":9}},{"start":{"line":299,"column":15},"end":{"line":301,"column":9}}],"line":297}},"s":{"0":41,"1":41,"2":41,"3":41,"4":41,"5":41,"6":39,"7":40,"8":40,"9":38,"10":40,"11":40,"12":40,"13":40,"14":40,"15":40,"16":43,"17":43,"18":42,"19":42,"20":42,"21":1,"22":32,"23":32,"24":32,"25":24,"26":8,"27":11,"28":0,"29":11,"30":11,"31":0,"32":11,"33":33,"34":33,"35":33,"36":33,"37":2,"38":1,"39":1,"40":1,"41":31,"42":0,"43":0,"44":31,"45":33,"46":33,"47":33,"48":33,"49":30,"50":30,"51":30,"52":0,"53":32,"54":32,"55":32,"56":32,"57":11,"58":32,"59":21,"60":21,"61":32,"62":32,"63":32,"64":24,"65":8,"66":28,"67":9,"68":9,"69":9,"70":9,"71":9,"72":1,"73":8,"74":8,"75":38,"76":1,"77":1,"78":1,"79":1,"80":1,"81":37,"82":2,"83":2,"84":2,"85":35,"86":3,"87":3,"88":3,"89":3,"90":32,"91":32,"92":32,"93":2,"94":2,"95":2,"96":30,"97":30,"98":30,"99":30,"100":5,"101":5,"102":5,"103":25,"104":25,"105":25,"106":25,"107":11,"108":11,"109":11,"110":11,"111":11,"112":14,"113":14,"114":5,"115":5,"116":2,"117":2,"118":2,"119":3,"120":3,"121":9,"122":9,"123":1,"124":1,"125":8,"126":1,"127":1,"128":1,"129":7,"130":6,"131":6,"132":0,"133":1,"134":7,"135":7},"f":{"0":41,"1":39,"2":40,"3":40,"4":38,"5":40,"6":43,"7":43,"8":42,"9":32,"10":32,"11":11,"12":33,"13":30,"14":32,"15":28,"16":9,"17":38,"18":6,"19":1},"b":{"0":[42,1],"1":[32,0],"2":[32,7],"3":[24,8],"4":[0,11],"5":[11,11],"6":[0,11],"7":[1],"8":[33,33],"9":[33,33,33],"10":[2,31],"11":[33,2],"12":[1,1],"13":[2,2],"14":[0,31],"15":[31,0],"16":[30,0],"17":[30,30],"18":[2],"19":[2],"20":[2],"21":[11,21],"22":[21,11],"23":[24,8],"24":[9,0],"25":[9,0],"26":[7,2],"27":[1,8],"28":[7,1],"29":[7,1],"30":[1,37],"31":[2,35],"32":[37,36],"33":[3,32],"34":[2,30],"35":[32,31],"36":[5,25],"37":[25,0],"38":[11,14],"39":[5,9],"40":[2,3],"41":[1,8],"42":[1,7],"43":[6,0]},"inputSourceMap":null,"_coverageSchema":"1a1c01bbd47fc00a2c39e90264f33305004495a9","hash":"eb82d5bd087b338acb0180aec35ef808fc2fa038"}
}
