{"/Users/fortunm/projects/maxfortun/k8s-scale0/app/controller.js": {"path":"/Users/fortunm/projects/maxfortun/k8s-scale0/app/controller.js","statementMap":{"0":{"start":{"line":5,"column":4},"end":{"line":5,"column":19}},"1":{"start":{"line":6,"column":4},"end":{"line":6,"column":23}},"2":{"start":{"line":7,"column":4},"end":{"line":7,"column":25}},"3":{"start":{"line":8,"column":4},"end":{"line":8,"column":27}},"4":{"start":{"line":9,"column":4},"end":{"line":9,"column":66}},"5":{"start":{"line":10,"column":4},"end":{"line":10,"column":76}},"6":{"start":{"line":11,"column":4},"end":{"line":11,"column":48}},"7":{"start":{"line":12,"column":4},"end":{"line":12,"column":66}},"8":{"start":{"line":13,"column":4},"end":{"line":13,"column":68}},"9":{"start":{"line":14,"column":4},"end":{"line":14,"column":30}},"10":{"start":{"line":15,"column":4},"end":{"line":15,"column":33}},"11":{"start":{"line":16,"column":4},"end":{"line":16,"column":39}},"12":{"start":{"line":17,"column":4},"end":{"line":17,"column":34}},"13":{"start":{"line":21,"column":4},"end":{"line":21,"column":60}},"14":{"start":{"line":25,"column":4},"end":{"line":25,"column":54}},"15":{"start":{"line":25,"column":41},"end":{"line":25,"column":54}},"16":{"start":{"line":27,"column":4},"end":{"line":29,"column":5}},"17":{"start":{"line":28,"column":6},"end":{"line":28,"column":37}},"18":{"start":{"line":30,"column":4},"end":{"line":30,"column":36}},"19":{"start":{"line":31,"column":4},"end":{"line":31,"column":16}},"20":{"start":{"line":35,"column":4},"end":{"line":35,"column":42}},"21":{"start":{"line":36,"column":4},"end":{"line":36,"column":27}},"22":{"start":{"line":37,"column":4},"end":{"line":37,"column":87}},"23":{"start":{"line":37,"column":40},"end":{"line":37,"column":56}},"24":{"start":{"line":38,"column":4},"end":{"line":38,"column":87}},"25":{"start":{"line":42,"column":4},"end":{"line":45,"column":5}},"26":{"start":{"line":43,"column":6},"end":{"line":43,"column":37}},"27":{"start":{"line":44,"column":6},"end":{"line":44,"column":29}},"28":{"start":{"line":48,"column":4},"end":{"line":56,"column":5}},"29":{"start":{"line":49,"column":37},"end":{"line":49,"column":51}},"30":{"start":{"line":50,"column":6},"end":{"line":55,"column":7}},"31":{"start":{"line":51,"column":8},"end":{"line":51,"column":58}},"32":{"start":{"line":52,"column":8},"end":{"line":52,"column":80}},"33":{"start":{"line":54,"column":8},"end":{"line":54,"column":88}},"34":{"start":{"line":57,"column":4},"end":{"line":57,"column":30}},"35":{"start":{"line":59,"column":4},"end":{"line":59,"column":38}},"36":{"start":{"line":63,"column":21},"end":{"line":63,"column":59}},"37":{"start":{"line":64,"column":4},"end":{"line":88,"column":5}},"38":{"start":{"line":65,"column":28},"end":{"line":65,"column":69}},"39":{"start":{"line":66,"column":23},"end":{"line":66,"column":74}},"40":{"start":{"line":69,"column":25},"end":{"line":71,"column":7}},"41":{"start":{"line":70,"column":8},"end":{"line":70,"column":59}},"42":{"start":{"line":73,"column":6},"end":{"line":75,"column":7}},"43":{"start":{"line":74,"column":8},"end":{"line":74,"column":39}},"44":{"start":{"line":78,"column":6},"end":{"line":78,"column":48}},"45":{"start":{"line":81,"column":6},"end":{"line":81,"column":69}},"46":{"start":{"line":82,"column":6},"end":{"line":82,"column":75}},"47":{"start":{"line":83,"column":6},"end":{"line":83,"column":55}},"48":{"start":{"line":85,"column":6},"end":{"line":85,"column":53}},"49":{"start":{"line":87,"column":6},"end":{"line":87,"column":17}},"50":{"start":{"line":92,"column":32},"end":{"line":92,"column":44}},"51":{"start":{"line":93,"column":19},"end":{"line":93,"column":44}},"52":{"start":{"line":94,"column":24},"end":{"line":94,"column":54}},"53":{"start":{"line":96,"column":30},"end":{"line":101,"column":5}},"54":{"start":{"line":102,"column":4},"end":{"line":104,"column":5}},"55":{"start":{"line":103,"column":6},"end":{"line":103,"column":60}},"56":{"start":{"line":107,"column":27},"end":{"line":107,"column":81}},"57":{"start":{"line":108,"column":24},"end":{"line":110,"column":12}},"58":{"start":{"line":109,"column":43},"end":{"line":109,"column":51}},"59":{"start":{"line":111,"column":28},"end":{"line":111,"column":97}},"60":{"start":{"line":113,"column":26},"end":{"line":114,"column":51}},"61":{"start":{"line":116,"column":25},"end":{"line":117,"column":62}},"62":{"start":{"line":119,"column":28},"end":{"line":119,"column":52}},"63":{"start":{"line":122,"column":20},"end":{"line":122,"column":24}},"64":{"start":{"line":123,"column":22},"end":{"line":123,"column":26}},"65":{"start":{"line":126,"column":4},"end":{"line":138,"column":5}},"66":{"start":{"line":127,"column":6},"end":{"line":127,"column":24}},"67":{"start":{"line":128,"column":6},"end":{"line":128,"column":44}},"68":{"start":{"line":130,"column":28},"end":{"line":130,"column":94}},"69":{"start":{"line":131,"column":6},"end":{"line":137,"column":7}},"70":{"start":{"line":132,"column":8},"end":{"line":132,"column":26}},"71":{"start":{"line":133,"column":8},"end":{"line":133,"column":60}},"72":{"start":{"line":134,"column":8},"end":{"line":136,"column":9}},"73":{"start":{"line":135,"column":10},"end":{"line":135,"column":98}},"74":{"start":{"line":141,"column":4},"end":{"line":150,"column":5}},"75":{"start":{"line":142,"column":23},"end":{"line":142,"column":88}},"76":{"start":{"line":143,"column":6},"end":{"line":149,"column":7}},"77":{"start":{"line":144,"column":8},"end":{"line":144,"column":31}},"78":{"start":{"line":145,"column":8},"end":{"line":145,"column":31}},"79":{"start":{"line":146,"column":8},"end":{"line":148,"column":9}},"80":{"start":{"line":147,"column":10},"end":{"line":147,"column":117}},"81":{"start":{"line":153,"column":4},"end":{"line":163,"column":5}},"82":{"start":{"line":154,"column":26},"end":{"line":154,"column":96}},"83":{"start":{"line":154,"column":74},"end":{"line":154,"column":85}},"84":{"start":{"line":155,"column":19},"end":{"line":155,"column":78}},"85":{"start":{"line":156,"column":6},"end":{"line":162,"column":7}},"86":{"start":{"line":157,"column":8},"end":{"line":157,"column":26}},"87":{"start":{"line":158,"column":8},"end":{"line":158,"column":83}},"88":{"start":{"line":158,"column":45},"end":{"line":158,"column":78}},"89":{"start":{"line":159,"column":8},"end":{"line":161,"column":9}},"90":{"start":{"line":160,"column":10},"end":{"line":160,"column":84}},"91":{"start":{"line":165,"column":4},"end":{"line":168,"column":5}},"92":{"start":{"line":166,"column":6},"end":{"line":166,"column":92}},"93":{"start":{"line":167,"column":6},"end":{"line":167,"column":13}},"94":{"start":{"line":171,"column":28},"end":{"line":172,"column":57}},"95":{"start":{"line":174,"column":18},"end":{"line":174,"column":20}},"96":{"start":{"line":175,"column":25},"end":{"line":175,"column":27}},"97":{"start":{"line":177,"column":4},"end":{"line":187,"column":5}},"98":{"start":{"line":178,"column":6},"end":{"line":178,"column":59}},"99":{"start":{"line":178,"column":49},"end":{"line":178,"column":57}},"100":{"start":{"line":180,"column":31},"end":{"line":180,"column":92}},"101":{"start":{"line":181,"column":6},"end":{"line":186,"column":7}},"102":{"start":{"line":182,"column":8},"end":{"line":182,"column":63}},"103":{"start":{"line":182,"column":45},"end":{"line":182,"column":61}},"104":{"start":{"line":183,"column":8},"end":{"line":185,"column":9}},"105":{"start":{"line":184,"column":10},"end":{"line":184,"column":120}},"106":{"start":{"line":189,"column":4},"end":{"line":199,"column":5}},"107":{"start":{"line":190,"column":6},"end":{"line":190,"column":69}},"108":{"start":{"line":190,"column":59},"end":{"line":190,"column":67}},"109":{"start":{"line":192,"column":31},"end":{"line":192,"column":87}},"110":{"start":{"line":193,"column":6},"end":{"line":198,"column":7}},"111":{"start":{"line":194,"column":8},"end":{"line":194,"column":68}},"112":{"start":{"line":194,"column":51},"end":{"line":194,"column":66}},"113":{"start":{"line":195,"column":8},"end":{"line":197,"column":9}},"114":{"start":{"line":196,"column":10},"end":{"line":196,"column":129}},"115":{"start":{"line":201,"column":4},"end":{"line":204,"column":5}},"116":{"start":{"line":202,"column":6},"end":{"line":202,"column":102}},"117":{"start":{"line":203,"column":6},"end":{"line":203,"column":13}},"118":{"start":{"line":207,"column":4},"end":{"line":210,"column":5}},"119":{"start":{"line":208,"column":6},"end":{"line":208,"column":49}},"120":{"start":{"line":209,"column":6},"end":{"line":209,"column":59}},"121":{"start":{"line":212,"column":25},"end":{"line":212,"column":68}},"122":{"start":{"line":213,"column":19},"end":{"line":213,"column":44}},"123":{"start":{"line":214,"column":31},"end":{"line":214,"column":57}},"124":{"start":{"line":216,"column":4},"end":{"line":219,"column":5}},"125":{"start":{"line":218,"column":6},"end":{"line":218,"column":13}},"126":{"start":{"line":221,"column":4},"end":{"line":224,"column":5}},"127":{"start":{"line":222,"column":6},"end":{"line":222,"column":106}},"128":{"start":{"line":223,"column":6},"end":{"line":223,"column":127}},"129":{"start":{"line":228,"column":20},"end":{"line":228,"column":49}},"130":{"start":{"line":229,"column":4},"end":{"line":232,"column":5}},"131":{"start":{"line":230,"column":6},"end":{"line":230,"column":77}},"132":{"start":{"line":231,"column":6},"end":{"line":231,"column":13}},"133":{"start":{"line":235,"column":22},"end":{"line":235,"column":48}},"134":{"start":{"line":236,"column":26},"end":{"line":236,"column":102}},"135":{"start":{"line":237,"column":4},"end":{"line":240,"column":5}},"136":{"start":{"line":238,"column":6},"end":{"line":238,"column":104}},"137":{"start":{"line":239,"column":6},"end":{"line":239,"column":13}},"138":{"start":{"line":242,"column":21},"end":{"line":242,"column":111}},"139":{"start":{"line":243,"column":4},"end":{"line":243,"column":61}},"140":{"start":{"line":245,"column":4},"end":{"line":245,"column":34}},"141":{"start":{"line":247,"column":4},"end":{"line":379,"column":5}},"142":{"start":{"line":249,"column":37},"end":{"line":249,"column":39}},"143":{"start":{"line":250,"column":6},"end":{"line":257,"column":7}},"144":{"start":{"line":251,"column":19},"end":{"line":251,"column":70}},"145":{"start":{"line":252,"column":8},"end":{"line":256,"column":9}},"146":{"start":{"line":253,"column":10},"end":{"line":253,"column":42}},"147":{"start":{"line":255,"column":10},"end":{"line":255,"column":84}},"148":{"start":{"line":260,"column":32},"end":{"line":260,"column":34}},"149":{"start":{"line":261,"column":6},"end":{"line":268,"column":7}},"150":{"start":{"line":262,"column":22},"end":{"line":262,"column":71}},"151":{"start":{"line":263,"column":8},"end":{"line":267,"column":9}},"152":{"start":{"line":264,"column":10},"end":{"line":264,"column":40}},"153":{"start":{"line":266,"column":10},"end":{"line":266,"column":82}},"154":{"start":{"line":270,"column":6},"end":{"line":273,"column":7}},"155":{"start":{"line":271,"column":8},"end":{"line":271,"column":112}},"156":{"start":{"line":272,"column":8},"end":{"line":272,"column":15}},"157":{"start":{"line":276,"column":30},"end":{"line":279,"column":9}},"158":{"start":{"line":276,"column":64},"end":{"line":279,"column":7}},"159":{"start":{"line":281,"column":25},"end":{"line":284,"column":9}},"160":{"start":{"line":281,"column":57},"end":{"line":284,"column":7}},"161":{"start":{"line":287,"column":28},"end":{"line":293,"column":7}},"162":{"start":{"line":296,"column":25},"end":{"line":296,"column":29}},"163":{"start":{"line":297,"column":6},"end":{"line":333,"column":7}},"164":{"start":{"line":298,"column":20},"end":{"line":298,"column":70}},"165":{"start":{"line":299,"column":8},"end":{"line":302,"column":9}},"166":{"start":{"line":300,"column":10},"end":{"line":300,"column":94}},"167":{"start":{"line":301,"column":10},"end":{"line":301,"column":17}},"168":{"start":{"line":303,"column":31},"end":{"line":303,"column":54}},"169":{"start":{"line":304,"column":25},"end":{"line":304,"column":104}},"170":{"start":{"line":305,"column":32},"end":{"line":305,"column":61}},"171":{"start":{"line":307,"column":8},"end":{"line":311,"column":10}},"172":{"start":{"line":312,"column":8},"end":{"line":317,"column":10}},"173":{"start":{"line":318,"column":8},"end":{"line":318,"column":107}},"174":{"start":{"line":320,"column":13},"end":{"line":333,"column":7}},"175":{"start":{"line":321,"column":8},"end":{"line":325,"column":10}},"176":{"start":{"line":326,"column":8},"end":{"line":326,"column":74}},"177":{"start":{"line":328,"column":13},"end":{"line":333,"column":7}},"178":{"start":{"line":329,"column":8},"end":{"line":332,"column":12}},"179":{"start":{"line":329,"column":56},"end":{"line":332,"column":9}},"180":{"start":{"line":337,"column":6},"end":{"line":341,"column":7}},"181":{"start":{"line":338,"column":27},"end":{"line":338,"column":75}},"182":{"start":{"line":339,"column":8},"end":{"line":339,"column":86}},"183":{"start":{"line":340,"column":8},"end":{"line":340,"column":92}},"184":{"start":{"line":344,"column":6},"end":{"line":348,"column":7}},"185":{"start":{"line":345,"column":30},"end":{"line":345,"column":76}},"186":{"start":{"line":346,"column":8},"end":{"line":346,"column":87}},"187":{"start":{"line":347,"column":8},"end":{"line":347,"column":90}},"188":{"start":{"line":351,"column":6},"end":{"line":360,"column":7}},"189":{"start":{"line":352,"column":8},"end":{"line":352,"column":89}},"190":{"start":{"line":353,"column":24},"end":{"line":353,"column":85}},"191":{"start":{"line":354,"column":8},"end":{"line":354,"column":100}},"192":{"start":{"line":355,"column":13},"end":{"line":360,"column":7}},"193":{"start":{"line":356,"column":8},"end":{"line":359,"column":9}},"194":{"start":{"line":357,"column":10},"end":{"line":357,"column":56}},"195":{"start":{"line":358,"column":10},"end":{"line":358,"column":62}},"196":{"start":{"line":363,"column":6},"end":{"line":363,"column":82}},"197":{"start":{"line":364,"column":25},"end":{"line":364,"column":150}},"198":{"start":{"line":365,"column":6},"end":{"line":365,"column":98}},"199":{"start":{"line":367,"column":6},"end":{"line":367,"column":88}},"200":{"start":{"line":369,"column":6},"end":{"line":369,"column":86}},"201":{"start":{"line":370,"column":6},"end":{"line":372,"column":7}},"202":{"start":{"line":371,"column":8},"end":{"line":371,"column":75}},"203":{"start":{"line":373,"column":6},"end":{"line":373,"column":76}},"204":{"start":{"line":375,"column":6},"end":{"line":375,"column":17}},"205":{"start":{"line":376,"column":6},"end":{"line":376,"column":61}},"206":{"start":{"line":377,"column":6},"end":{"line":377,"column":56}},"207":{"start":{"line":378,"column":6},"end":{"line":378,"column":60}},"208":{"start":{"line":383,"column":21},"end":{"line":383,"column":51}},"209":{"start":{"line":386,"column":4},"end":{"line":410,"column":5}},"210":{"start":{"line":387,"column":6},"end":{"line":409,"column":9}},"211":{"start":{"line":389,"column":28},"end":{"line":403,"column":9}},"212":{"start":{"line":405,"column":8},"end":{"line":408,"column":10}},"213":{"start":{"line":412,"column":4},"end":{"line":412,"column":20}},"214":{"start":{"line":416,"column":21},"end":{"line":416,"column":54}},"215":{"start":{"line":419,"column":4},"end":{"line":444,"column":5}},"216":{"start":{"line":420,"column":6},"end":{"line":443,"column":9}},"217":{"start":{"line":421,"column":8},"end":{"line":442,"column":10}},"218":{"start":{"line":446,"column":4},"end":{"line":446,"column":20}},"219":{"start":{"line":450,"column":20},"end":{"line":450,"column":49}},"220":{"start":{"line":452,"column":4},"end":{"line":455,"column":5}},"221":{"start":{"line":453,"column":6},"end":{"line":453,"column":63}},"222":{"start":{"line":454,"column":6},"end":{"line":454,"column":19}},"223":{"start":{"line":458,"column":18},"end":{"line":458,"column":82}},"224":{"start":{"line":459,"column":4},"end":{"line":462,"column":5}},"225":{"start":{"line":460,"column":6},"end":{"line":460,"column":69}},"226":{"start":{"line":461,"column":6},"end":{"line":461,"column":19}},"227":{"start":{"line":465,"column":22},"end":{"line":465,"column":45}},"228":{"start":{"line":466,"column":26},"end":{"line":466,"column":102}},"229":{"start":{"line":467,"column":4},"end":{"line":470,"column":5}},"230":{"start":{"line":468,"column":6},"end":{"line":468,"column":100}},"231":{"start":{"line":469,"column":6},"end":{"line":469,"column":19}},"232":{"start":{"line":471,"column":4},"end":{"line":471,"column":61}},"233":{"start":{"line":473,"column":4},"end":{"line":473,"column":31}},"234":{"start":{"line":474,"column":22},"end":{"line":474,"column":46}},"235":{"start":{"line":475,"column":21},"end":{"line":475,"column":108}},"236":{"start":{"line":477,"column":4},"end":{"line":571,"column":5}},"237":{"start":{"line":479,"column":6},"end":{"line":514,"column":7}},"238":{"start":{"line":481,"column":31},"end":{"line":481,"column":85}},"239":{"start":{"line":482,"column":8},"end":{"line":487,"column":10}},"240":{"start":{"line":488,"column":8},"end":{"line":488,"column":147}},"241":{"start":{"line":490,"column":13},"end":{"line":514,"column":7}},"242":{"start":{"line":491,"column":8},"end":{"line":496,"column":10}},"243":{"start":{"line":497,"column":8},"end":{"line":497,"column":130}},"244":{"start":{"line":499,"column":13},"end":{"line":514,"column":7}},"245":{"start":{"line":500,"column":8},"end":{"line":513,"column":9}},"246":{"start":{"line":502,"column":25},"end":{"line":502,"column":66}},"247":{"start":{"line":503,"column":10},"end":{"line":503,"column":49}},"248":{"start":{"line":504,"column":10},"end":{"line":504,"column":37}},"249":{"start":{"line":505,"column":10},"end":{"line":505,"column":51}},"250":{"start":{"line":506,"column":10},"end":{"line":506,"column":31}},"251":{"start":{"line":507,"column":10},"end":{"line":509,"column":11}},"252":{"start":{"line":508,"column":12},"end":{"line":508,"column":99}},"253":{"start":{"line":511,"column":10},"end":{"line":511,"column":54}},"254":{"start":{"line":512,"column":10},"end":{"line":512,"column":69}},"255":{"start":{"line":517,"column":30},"end":{"line":517,"column":107}},"256":{"start":{"line":518,"column":6},"end":{"line":530,"column":7}},"257":{"start":{"line":519,"column":26},"end":{"line":519,"column":83}},"258":{"start":{"line":520,"column":8},"end":{"line":529,"column":9}},"259":{"start":{"line":522,"column":10},"end":{"line":526,"column":11}},"260":{"start":{"line":523,"column":12},"end":{"line":523,"column":42}},"261":{"start":{"line":524,"column":17},"end":{"line":526,"column":11}},"262":{"start":{"line":525,"column":12},"end":{"line":525,"column":47}},"263":{"start":{"line":527,"column":10},"end":{"line":527,"column":83}},"264":{"start":{"line":528,"column":10},"end":{"line":528,"column":78}},"265":{"start":{"line":533,"column":25},"end":{"line":533,"column":47}},"266":{"start":{"line":534,"column":6},"end":{"line":546,"column":7}},"267":{"start":{"line":535,"column":29},"end":{"line":535,"column":84}},"268":{"start":{"line":536,"column":8},"end":{"line":545,"column":9}},"269":{"start":{"line":538,"column":10},"end":{"line":542,"column":11}},"270":{"start":{"line":539,"column":12},"end":{"line":539,"column":48}},"271":{"start":{"line":540,"column":17},"end":{"line":542,"column":11}},"272":{"start":{"line":541,"column":12},"end":{"line":541,"column":55}},"273":{"start":{"line":543,"column":10},"end":{"line":543,"column":84}},"274":{"start":{"line":544,"column":10},"end":{"line":544,"column":76}},"275":{"start":{"line":549,"column":6},"end":{"line":549,"column":56}},"276":{"start":{"line":550,"column":6},"end":{"line":550,"column":69}},"277":{"start":{"line":552,"column":23},"end":{"line":552,"column":25}},"278":{"start":{"line":553,"column":6},"end":{"line":557,"column":7}},"279":{"start":{"line":554,"column":8},"end":{"line":554,"column":72}},"280":{"start":{"line":555,"column":13},"end":{"line":557,"column":7}},"281":{"start":{"line":556,"column":8},"end":{"line":556,"column":54}},"282":{"start":{"line":558,"column":6},"end":{"line":558,"column":92}},"283":{"start":{"line":560,"column":6},"end":{"line":560,"column":85}},"284":{"start":{"line":561,"column":6},"end":{"line":561,"column":18}},"285":{"start":{"line":563,"column":6},"end":{"line":563,"column":83}},"286":{"start":{"line":564,"column":6},"end":{"line":564,"column":73}},"287":{"start":{"line":565,"column":6},"end":{"line":565,"column":19}},"288":{"start":{"line":567,"column":6},"end":{"line":567,"column":17}},"289":{"start":{"line":568,"column":6},"end":{"line":568,"column":58}},"290":{"start":{"line":569,"column":6},"end":{"line":569,"column":56}},"291":{"start":{"line":570,"column":6},"end":{"line":570,"column":60}}},"fnMap":{"0":{"name":"(anonymous_0)","decl":{"start":{"line":4,"column":2},"end":{"line":4,"column":3}},"loc":{"start":{"line":4,"column":34},"end":{"line":18,"column":3}},"line":4},"1":{"name":"(anonymous_1)","decl":{"start":{"line":20,"column":2},"end":{"line":20,"column":3}},"loc":{"start":{"line":20,"column":37},"end":{"line":22,"column":3}},"line":20},"2":{"name":"(anonymous_2)","decl":{"start":{"line":24,"column":2},"end":{"line":24,"column":3}},"loc":{"start":{"line":24,"column":22},"end":{"line":32,"column":3}},"line":24},"3":{"name":"(anonymous_3)","decl":{"start":{"line":34,"column":2},"end":{"line":34,"column":3}},"loc":{"start":{"line":34,"column":16},"end":{"line":39,"column":3}},"line":34},"4":{"name":"(anonymous_4)","decl":{"start":{"line":37,"column":34},"end":{"line":37,"column":35}},"loc":{"start":{"line":37,"column":40},"end":{"line":37,"column":56}},"line":37},"5":{"name":"(anonymous_5)","decl":{"start":{"line":41,"column":2},"end":{"line":41,"column":3}},"loc":{"start":{"line":41,"column":15},"end":{"line":60,"column":3}},"line":41},"6":{"name":"(anonymous_6)","decl":{"start":{"line":62,"column":2},"end":{"line":62,"column":3}},"loc":{"start":{"line":62,"column":20},"end":{"line":89,"column":3}},"line":62},"7":{"name":"(anonymous_7)","decl":{"start":{"line":69,"column":38},"end":{"line":69,"column":39}},"loc":{"start":{"line":70,"column":8},"end":{"line":70,"column":59}},"line":70},"8":{"name":"(anonymous_8)","decl":{"start":{"line":91,"column":2},"end":{"line":91,"column":3}},"loc":{"start":{"line":91,"column":28},"end":{"line":225,"column":3}},"line":91},"9":{"name":"(anonymous_9)","decl":{"start":{"line":109,"column":38},"end":{"line":109,"column":39}},"loc":{"start":{"line":109,"column":43},"end":{"line":109,"column":51}},"line":109},"10":{"name":"(anonymous_10)","decl":{"start":{"line":154,"column":62},"end":{"line":154,"column":63}},"loc":{"start":{"line":154,"column":74},"end":{"line":154,"column":85}},"line":154},"11":{"name":"(anonymous_11)","decl":{"start":{"line":158,"column":39},"end":{"line":158,"column":40}},"loc":{"start":{"line":158,"column":45},"end":{"line":158,"column":78}},"line":158},"12":{"name":"(anonymous_12)","decl":{"start":{"line":178,"column":44},"end":{"line":178,"column":45}},"loc":{"start":{"line":178,"column":49},"end":{"line":178,"column":57}},"line":178},"13":{"name":"(anonymous_13)","decl":{"start":{"line":182,"column":39},"end":{"line":182,"column":40}},"loc":{"start":{"line":182,"column":45},"end":{"line":182,"column":61}},"line":182},"14":{"name":"(anonymous_14)","decl":{"start":{"line":190,"column":54},"end":{"line":190,"column":55}},"loc":{"start":{"line":190,"column":59},"end":{"line":190,"column":67}},"line":190},"15":{"name":"(anonymous_15)","decl":{"start":{"line":194,"column":46},"end":{"line":194,"column":47}},"loc":{"start":{"line":194,"column":51},"end":{"line":194,"column":66}},"line":194},"16":{"name":"(anonymous_16)","decl":{"start":{"line":227,"column":2},"end":{"line":227,"column":3}},"loc":{"start":{"line":227,"column":108},"end":{"line":380,"column":3}},"line":227},"17":{"name":"(anonymous_17)","decl":{"start":{"line":276,"column":57},"end":{"line":276,"column":58}},"loc":{"start":{"line":276,"column":64},"end":{"line":279,"column":7}},"line":276},"18":{"name":"(anonymous_18)","decl":{"start":{"line":281,"column":47},"end":{"line":281,"column":48}},"loc":{"start":{"line":281,"column":57},"end":{"line":284,"column":7}},"line":281},"19":{"name":"(anonymous_19)","decl":{"start":{"line":329,"column":50},"end":{"line":329,"column":51}},"loc":{"start":{"line":329,"column":56},"end":{"line":332,"column":9}},"line":329},"20":{"name":"(anonymous_20)","decl":{"start":{"line":382,"column":2},"end":{"line":382,"column":3}},"loc":{"start":{"line":382,"column":54},"end":{"line":413,"column":3}},"line":382},"21":{"name":"(anonymous_21)","decl":{"start":{"line":387,"column":50},"end":{"line":387,"column":51}},"loc":{"start":{"line":387,"column":61},"end":{"line":409,"column":7}},"line":387},"22":{"name":"(anonymous_22)","decl":{"start":{"line":415,"column":2},"end":{"line":415,"column":3}},"loc":{"start":{"line":415,"column":52},"end":{"line":447,"column":3}},"line":415},"23":{"name":"(anonymous_23)","decl":{"start":{"line":420,"column":52},"end":{"line":420,"column":53}},"loc":{"start":{"line":420,"column":62},"end":{"line":443,"column":7}},"line":420},"24":{"name":"(anonymous_24)","decl":{"start":{"line":449,"column":2},"end":{"line":449,"column":3}},"loc":{"start":{"line":449,"column":39},"end":{"line":572,"column":3}},"line":449}},"branchMap":{"0":{"loc":{"start":{"line":9,"column":29},"end":{"line":9,"column":65}},"type":"binary-expr","locations":[{"start":{"line":9,"column":29},"end":{"line":9,"column":53}},{"start":{"line":9,"column":57},"end":{"line":9,"column":65}}],"line":9},"1":{"loc":{"start":{"line":10,"column":34},"end":{"line":10,"column":75}},"type":"binary-expr","locations":[{"start":{"line":10,"column":34},"end":{"line":10,"column":63}},{"start":{"line":10,"column":67},"end":{"line":10,"column":75}}],"line":10},"2":{"loc":{"start":{"line":11,"column":22},"end":{"line":11,"column":47}},"type":"binary-expr","locations":[{"start":{"line":11,"column":22},"end":{"line":11,"column":39}},{"start":{"line":11,"column":43},"end":{"line":11,"column":47}}],"line":11},"3":{"loc":{"start":{"line":12,"column":32},"end":{"line":12,"column":65}},"type":"binary-expr","locations":[{"start":{"line":12,"column":32},"end":{"line":12,"column":59}},{"start":{"line":12,"column":63},"end":{"line":12,"column":65}}],"line":12},"4":{"loc":{"start":{"line":13,"column":32},"end":{"line":13,"column":67}},"type":"binary-expr","locations":[{"start":{"line":13,"column":32},"end":{"line":13,"column":59}},{"start":{"line":13,"column":63},"end":{"line":13,"column":67}}],"line":13},"5":{"loc":{"start":{"line":25,"column":4},"end":{"line":25,"column":54}},"type":"if","locations":[{"start":{"line":25,"column":4},"end":{"line":25,"column":54}},{"start":{},"end":{}}],"line":25},"6":{"loc":{"start":{"line":27,"column":4},"end":{"line":29,"column":5}},"type":"if","locations":[{"start":{"line":27,"column":4},"end":{"line":29,"column":5}},{"start":{},"end":{}}],"line":27},"7":{"loc":{"start":{"line":42,"column":4},"end":{"line":45,"column":5}},"type":"if","locations":[{"start":{"line":42,"column":4},"end":{"line":45,"column":5}},{"start":{},"end":{}}],"line":42},"8":{"loc":{"start":{"line":93,"column":19},"end":{"line":93,"column":44}},"type":"binary-expr","locations":[{"start":{"line":93,"column":19},"end":{"line":93,"column":38}},{"start":{"line":93,"column":42},"end":{"line":93,"column":44}}],"line":93},"9":{"loc":{"start":{"line":94,"column":24},"end":{"line":94,"column":54}},"type":"binary-expr","locations":[{"start":{"line":94,"column":24},"end":{"line":94,"column":48}},{"start":{"line":94,"column":52},"end":{"line":94,"column":54}}],"line":94},"10":{"loc":{"start":{"line":97,"column":6},"end":{"line":99,"column":37}},"type":"binary-expr","locations":[{"start":{"line":97,"column":6},"end":{"line":97,"column":57}},{"start":{"line":98,"column":6},"end":{"line":98,"column":62}},{"start":{"line":99,"column":6},"end":{"line":99,"column":37}}],"line":97},"11":{"loc":{"start":{"line":102,"column":4},"end":{"line":104,"column":5}},"type":"if","locations":[{"start":{"line":102,"column":4},"end":{"line":104,"column":5}},{"start":{},"end":{}}],"line":102},"12":{"loc":{"start":{"line":102,"column":8},"end":{"line":102,"column":69}},"type":"binary-expr","locations":[{"start":{"line":102,"column":8},"end":{"line":102,"column":41}},{"start":{"line":102,"column":45},"end":{"line":102,"column":69}}],"line":102},"13":{"loc":{"start":{"line":108,"column":24},"end":{"line":110,"column":12}},"type":"cond-expr","locations":[{"start":{"line":109,"column":8},"end":{"line":109,"column":68}},{"start":{"line":110,"column":8},"end":{"line":110,"column":12}}],"line":108},"14":{"loc":{"start":{"line":113,"column":26},"end":{"line":114,"column":51}},"type":"binary-expr","locations":[{"start":{"line":113,"column":26},"end":{"line":113,"column":66}},{"start":{"line":114,"column":6},"end":{"line":114,"column":51}}],"line":113},"15":{"loc":{"start":{"line":116,"column":25},"end":{"line":117,"column":62}},"type":"binary-expr","locations":[{"start":{"line":116,"column":25},"end":{"line":116,"column":76}},{"start":{"line":117,"column":6},"end":{"line":117,"column":62}}],"line":116},"16":{"loc":{"start":{"line":119,"column":28},"end":{"line":119,"column":52}},"type":"binary-expr","locations":[{"start":{"line":119,"column":28},"end":{"line":119,"column":46}},{"start":{"line":119,"column":50},"end":{"line":119,"column":52}}],"line":119},"17":{"loc":{"start":{"line":126,"column":4},"end":{"line":138,"column":5}},"type":"if","locations":[{"start":{"line":126,"column":4},"end":{"line":138,"column":5}},{"start":{"line":129,"column":11},"end":{"line":138,"column":5}}],"line":126},"18":{"loc":{"start":{"line":131,"column":6},"end":{"line":137,"column":7}},"type":"if","locations":[{"start":{"line":131,"column":6},"end":{"line":137,"column":7}},{"start":{},"end":{}}],"line":131},"19":{"loc":{"start":{"line":134,"column":8},"end":{"line":136,"column":9}},"type":"if","locations":[{"start":{"line":134,"column":8},"end":{"line":136,"column":9}},{"start":{},"end":{}}],"line":134},"20":{"loc":{"start":{"line":141,"column":4},"end":{"line":150,"column":5}},"type":"if","locations":[{"start":{"line":141,"column":4},"end":{"line":150,"column":5}},{"start":{},"end":{}}],"line":141},"21":{"loc":{"start":{"line":143,"column":6},"end":{"line":149,"column":7}},"type":"if","locations":[{"start":{"line":143,"column":6},"end":{"line":149,"column":7}},{"start":{},"end":{}}],"line":143},"22":{"loc":{"start":{"line":146,"column":8},"end":{"line":148,"column":9}},"type":"if","locations":[{"start":{"line":146,"column":8},"end":{"line":148,"column":9}},{"start":{},"end":{}}],"line":146},"23":{"loc":{"start":{"line":153,"column":4},"end":{"line":163,"column":5}},"type":"if","locations":[{"start":{"line":153,"column":4},"end":{"line":163,"column":5}},{"start":{},"end":{}}],"line":153},"24":{"loc":{"start":{"line":153,"column":8},"end":{"line":153,"column":61}},"type":"binary-expr","locations":[{"start":{"line":153,"column":8},"end":{"line":153,"column":18}},{"start":{"line":153,"column":22},"end":{"line":153,"column":61}}],"line":153},"25":{"loc":{"start":{"line":156,"column":6},"end":{"line":162,"column":7}},"type":"if","locations":[{"start":{"line":156,"column":6},"end":{"line":162,"column":7}},{"start":{},"end":{}}],"line":156},"26":{"loc":{"start":{"line":159,"column":8},"end":{"line":161,"column":9}},"type":"if","locations":[{"start":{"line":159,"column":8},"end":{"line":161,"column":9}},{"start":{},"end":{}}],"line":159},"27":{"loc":{"start":{"line":165,"column":4},"end":{"line":168,"column":5}},"type":"if","locations":[{"start":{"line":165,"column":4},"end":{"line":168,"column":5}},{"start":{},"end":{}}],"line":165},"28":{"loc":{"start":{"line":171,"column":28},"end":{"line":172,"column":57}},"type":"binary-expr","locations":[{"start":{"line":171,"column":28},"end":{"line":171,"column":74}},{"start":{"line":172,"column":6},"end":{"line":172,"column":57}}],"line":171},"29":{"loc":{"start":{"line":177,"column":4},"end":{"line":187,"column":5}},"type":"if","locations":[{"start":{"line":177,"column":4},"end":{"line":187,"column":5}},{"start":{"line":179,"column":11},"end":{"line":187,"column":5}}],"line":177},"30":{"loc":{"start":{"line":181,"column":6},"end":{"line":186,"column":7}},"type":"if","locations":[{"start":{"line":181,"column":6},"end":{"line":186,"column":7}},{"start":{},"end":{}}],"line":181},"31":{"loc":{"start":{"line":183,"column":8},"end":{"line":185,"column":9}},"type":"if","locations":[{"start":{"line":183,"column":8},"end":{"line":185,"column":9}},{"start":{},"end":{}}],"line":183},"32":{"loc":{"start":{"line":189,"column":4},"end":{"line":199,"column":5}},"type":"if","locations":[{"start":{"line":189,"column":4},"end":{"line":199,"column":5}},{"start":{"line":191,"column":11},"end":{"line":199,"column":5}}],"line":189},"33":{"loc":{"start":{"line":193,"column":6},"end":{"line":198,"column":7}},"type":"if","locations":[{"start":{"line":193,"column":6},"end":{"line":198,"column":7}},{"start":{},"end":{}}],"line":193},"34":{"loc":{"start":{"line":195,"column":8},"end":{"line":197,"column":9}},"type":"if","locations":[{"start":{"line":195,"column":8},"end":{"line":197,"column":9}},{"start":{},"end":{}}],"line":195},"35":{"loc":{"start":{"line":201,"column":4},"end":{"line":204,"column":5}},"type":"if","locations":[{"start":{"line":201,"column":4},"end":{"line":204,"column":5}},{"start":{},"end":{}}],"line":201},"36":{"loc":{"start":{"line":201,"column":8},"end":{"line":201,"column":59}},"type":"binary-expr","locations":[{"start":{"line":201,"column":8},"end":{"line":201,"column":28}},{"start":{"line":201,"column":32},"end":{"line":201,"column":59}}],"line":201},"37":{"loc":{"start":{"line":207,"column":4},"end":{"line":210,"column":5}},"type":"if","locations":[{"start":{"line":207,"column":4},"end":{"line":210,"column":5}},{"start":{},"end":{}}],"line":207},"38":{"loc":{"start":{"line":216,"column":4},"end":{"line":219,"column":5}},"type":"if","locations":[{"start":{"line":216,"column":4},"end":{"line":219,"column":5}},{"start":{},"end":{}}],"line":216},"39":{"loc":{"start":{"line":221,"column":4},"end":{"line":224,"column":5}},"type":"if","locations":[{"start":{"line":221,"column":4},"end":{"line":224,"column":5}},{"start":{},"end":{}}],"line":221},"40":{"loc":{"start":{"line":227,"column":91},"end":{"line":227,"column":106}},"type":"default-arg","locations":[{"start":{"line":227,"column":104},"end":{"line":227,"column":106}}],"line":227},"41":{"loc":{"start":{"line":229,"column":4},"end":{"line":232,"column":5}},"type":"if","locations":[{"start":{"line":229,"column":4},"end":{"line":232,"column":5}},{"start":{},"end":{}}],"line":229},"42":{"loc":{"start":{"line":237,"column":4},"end":{"line":240,"column":5}},"type":"if","locations":[{"start":{"line":237,"column":4},"end":{"line":240,"column":5}},{"start":{},"end":{}}],"line":237},"43":{"loc":{"start":{"line":252,"column":8},"end":{"line":256,"column":9}},"type":"if","locations":[{"start":{"line":252,"column":8},"end":{"line":256,"column":9}},{"start":{"line":254,"column":15},"end":{"line":256,"column":9}}],"line":252},"44":{"loc":{"start":{"line":263,"column":8},"end":{"line":267,"column":9}},"type":"if","locations":[{"start":{"line":263,"column":8},"end":{"line":267,"column":9}},{"start":{"line":265,"column":15},"end":{"line":267,"column":9}}],"line":263},"45":{"loc":{"start":{"line":270,"column":6},"end":{"line":273,"column":7}},"type":"if","locations":[{"start":{"line":270,"column":6},"end":{"line":273,"column":7}},{"start":{},"end":{}}],"line":270},"46":{"loc":{"start":{"line":270,"column":10},"end":{"line":270,"column":79}},"type":"binary-expr","locations":[{"start":{"line":270,"column":10},"end":{"line":270,"column":45}},{"start":{"line":270,"column":49},"end":{"line":270,"column":79}}],"line":270},"47":{"loc":{"start":{"line":278,"column":14},"end":{"line":278,"column":75}},"type":"cond-expr","locations":[{"start":{"line":278,"column":30},"end":{"line":278,"column":70}},{"start":{"line":278,"column":73},"end":{"line":278,"column":75}}],"line":278},"48":{"loc":{"start":{"line":283,"column":15},"end":{"line":283,"column":84}},"type":"cond-expr","locations":[{"start":{"line":283,"column":35},"end":{"line":283,"column":79}},{"start":{"line":283,"column":82},"end":{"line":283,"column":84}}],"line":283},"49":{"loc":{"start":{"line":291,"column":21},"end":{"line":291,"column":51}},"type":"binary-expr","locations":[{"start":{"line":291,"column":21},"end":{"line":291,"column":43}},{"start":{"line":291,"column":47},"end":{"line":291,"column":51}}],"line":291},"50":{"loc":{"start":{"line":292,"column":25},"end":{"line":292,"column":60}},"type":"binary-expr","locations":[{"start":{"line":292,"column":25},"end":{"line":292,"column":51}},{"start":{"line":292,"column":55},"end":{"line":292,"column":60}}],"line":292},"51":{"loc":{"start":{"line":297,"column":6},"end":{"line":333,"column":7}},"type":"if","locations":[{"start":{"line":297,"column":6},"end":{"line":333,"column":7}},{"start":{"line":320,"column":13},"end":{"line":333,"column":7}}],"line":297},"52":{"loc":{"start":{"line":299,"column":8},"end":{"line":302,"column":9}},"type":"if","locations":[{"start":{"line":299,"column":8},"end":{"line":302,"column":9}},{"start":{},"end":{}}],"line":299},"53":{"loc":{"start":{"line":305,"column":32},"end":{"line":305,"column":61}},"type":"binary-expr","locations":[{"start":{"line":305,"column":32},"end":{"line":305,"column":56}},{"start":{"line":305,"column":60},"end":{"line":305,"column":61}}],"line":305},"54":{"loc":{"start":{"line":320,"column":13},"end":{"line":333,"column":7}},"type":"if","locations":[{"start":{"line":320,"column":13},"end":{"line":333,"column":7}},{"start":{"line":328,"column":13},"end":{"line":333,"column":7}}],"line":320},"55":{"loc":{"start":{"line":328,"column":13},"end":{"line":333,"column":7}},"type":"if","locations":[{"start":{"line":328,"column":13},"end":{"line":333,"column":7}},{"start":{},"end":{}}],"line":328},"56":{"loc":{"start":{"line":351,"column":6},"end":{"line":360,"column":7}},"type":"if","locations":[{"start":{"line":351,"column":6},"end":{"line":360,"column":7}},{"start":{"line":355,"column":13},"end":{"line":360,"column":7}}],"line":351},"57":{"loc":{"start":{"line":351,"column":10},"end":{"line":351,"column":57}},"type":"binary-expr","locations":[{"start":{"line":351,"column":10},"end":{"line":351,"column":29}},{"start":{"line":351,"column":33},"end":{"line":351,"column":57}}],"line":351},"58":{"loc":{"start":{"line":353,"column":24},"end":{"line":353,"column":85}},"type":"cond-expr","locations":[{"start":{"line":353,"column":47},"end":{"line":353,"column":80}},{"start":{"line":353,"column":83},"end":{"line":353,"column":85}}],"line":353},"59":{"loc":{"start":{"line":355,"column":13},"end":{"line":360,"column":7}},"type":"if","locations":[{"start":{"line":355,"column":13},"end":{"line":360,"column":7}},{"start":{},"end":{}}],"line":355},"60":{"loc":{"start":{"line":364,"column":25},"end":{"line":364,"column":150}},"type":"cond-expr","locations":[{"start":{"line":364,"column":47},"end":{"line":364,"column":84}},{"start":{"line":364,"column":87},"end":{"line":364,"column":150}}],"line":364},"61":{"loc":{"start":{"line":370,"column":6},"end":{"line":372,"column":7}},"type":"if","locations":[{"start":{"line":370,"column":6},"end":{"line":372,"column":7}},{"start":{},"end":{}}],"line":370},"62":{"loc":{"start":{"line":386,"column":4},"end":{"line":410,"column":5}},"type":"if","locations":[{"start":{"line":386,"column":4},"end":{"line":410,"column":5}},{"start":{},"end":{}}],"line":386},"63":{"loc":{"start":{"line":419,"column":4},"end":{"line":444,"column":5}},"type":"if","locations":[{"start":{"line":419,"column":4},"end":{"line":444,"column":5}},{"start":{},"end":{}}],"line":419},"64":{"loc":{"start":{"line":431,"column":16},"end":{"line":431,"column":34}},"type":"binary-expr","locations":[{"start":{"line":431,"column":16},"end":{"line":431,"column":28}},{"start":{"line":431,"column":32},"end":{"line":431,"column":34}}],"line":431},"65":{"loc":{"start":{"line":452,"column":4},"end":{"line":455,"column":5}},"type":"if","locations":[{"start":{"line":452,"column":4},"end":{"line":455,"column":5}},{"start":{},"end":{}}],"line":452},"66":{"loc":{"start":{"line":459,"column":4},"end":{"line":462,"column":5}},"type":"if","locations":[{"start":{"line":459,"column":4},"end":{"line":462,"column":5}},{"start":{},"end":{}}],"line":459},"67":{"loc":{"start":{"line":467,"column":4},"end":{"line":470,"column":5}},"type":"if","locations":[{"start":{"line":467,"column":4},"end":{"line":470,"column":5}},{"start":{},"end":{}}],"line":467},"68":{"loc":{"start":{"line":474,"column":22},"end":{"line":474,"column":46}},"type":"binary-expr","locations":[{"start":{"line":474,"column":22},"end":{"line":474,"column":37}},{"start":{"line":474,"column":41},"end":{"line":474,"column":46}}],"line":474},"69":{"loc":{"start":{"line":479,"column":6},"end":{"line":514,"column":7}},"type":"if","locations":[{"start":{"line":479,"column":6},"end":{"line":514,"column":7}},{"start":{"line":490,"column":13},"end":{"line":514,"column":7}}],"line":479},"70":{"loc":{"start":{"line":479,"column":10},"end":{"line":479,"column":47}},"type":"binary-expr","locations":[{"start":{"line":479,"column":10},"end":{"line":479,"column":29}},{"start":{"line":479,"column":33},"end":{"line":479,"column":47}}],"line":479},"71":{"loc":{"start":{"line":481,"column":31},"end":{"line":481,"column":85}},"type":"binary-expr","locations":[{"start":{"line":481,"column":31},"end":{"line":481,"column":54}},{"start":{"line":481,"column":58},"end":{"line":481,"column":80}},{"start":{"line":481,"column":84},"end":{"line":481,"column":85}}],"line":481},"72":{"loc":{"start":{"line":490,"column":13},"end":{"line":514,"column":7}},"type":"if","locations":[{"start":{"line":490,"column":13},"end":{"line":514,"column":7}},{"start":{"line":499,"column":13},"end":{"line":514,"column":7}}],"line":490},"73":{"loc":{"start":{"line":490,"column":17},"end":{"line":490,"column":59}},"type":"binary-expr","locations":[{"start":{"line":490,"column":17},"end":{"line":490,"column":41}},{"start":{"line":490,"column":45},"end":{"line":490,"column":59}}],"line":490},"74":{"loc":{"start":{"line":499,"column":13},"end":{"line":514,"column":7}},"type":"if","locations":[{"start":{"line":499,"column":13},"end":{"line":514,"column":7}},{"start":{},"end":{}}],"line":499},"75":{"loc":{"start":{"line":499,"column":17},"end":{"line":499,"column":50}},"type":"binary-expr","locations":[{"start":{"line":499,"column":17},"end":{"line":499,"column":36}},{"start":{"line":499,"column":40},"end":{"line":499,"column":50}}],"line":499},"76":{"loc":{"start":{"line":507,"column":10},"end":{"line":509,"column":11}},"type":"if","locations":[{"start":{"line":507,"column":10},"end":{"line":509,"column":11}},{"start":{},"end":{}}],"line":507},"77":{"loc":{"start":{"line":517,"column":30},"end":{"line":517,"column":107}},"type":"binary-expr","locations":[{"start":{"line":517,"column":30},"end":{"line":517,"column":51}},{"start":{"line":517,"column":56},"end":{"line":517,"column":106}}],"line":517},"78":{"loc":{"start":{"line":517,"column":56},"end":{"line":517,"column":106}},"type":"cond-expr","locations":[{"start":{"line":517,"column":79},"end":{"line":517,"column":101}},{"start":{"line":517,"column":104},"end":{"line":517,"column":106}}],"line":517},"79":{"loc":{"start":{"line":520,"column":8},"end":{"line":529,"column":9}},"type":"if","locations":[{"start":{"line":520,"column":8},"end":{"line":529,"column":9}},{"start":{},"end":{}}],"line":520},"80":{"loc":{"start":{"line":522,"column":10},"end":{"line":526,"column":11}},"type":"if","locations":[{"start":{"line":522,"column":10},"end":{"line":526,"column":11}},{"start":{"line":524,"column":17},"end":{"line":526,"column":11}}],"line":522},"81":{"loc":{"start":{"line":524,"column":17},"end":{"line":526,"column":11}},"type":"if","locations":[{"start":{"line":524,"column":17},"end":{"line":526,"column":11}},{"start":{},"end":{}}],"line":524},"82":{"loc":{"start":{"line":533,"column":25},"end":{"line":533,"column":47}},"type":"binary-expr","locations":[{"start":{"line":533,"column":25},"end":{"line":533,"column":41}},{"start":{"line":533,"column":45},"end":{"line":533,"column":47}}],"line":533},"83":{"loc":{"start":{"line":536,"column":8},"end":{"line":545,"column":9}},"type":"if","locations":[{"start":{"line":536,"column":8},"end":{"line":545,"column":9}},{"start":{},"end":{}}],"line":536},"84":{"loc":{"start":{"line":538,"column":10},"end":{"line":542,"column":11}},"type":"if","locations":[{"start":{"line":538,"column":10},"end":{"line":542,"column":11}},{"start":{"line":540,"column":17},"end":{"line":542,"column":11}}],"line":538},"85":{"loc":{"start":{"line":540,"column":17},"end":{"line":542,"column":11}},"type":"if","locations":[{"start":{"line":540,"column":17},"end":{"line":542,"column":11}},{"start":{},"end":{}}],"line":540},"86":{"loc":{"start":{"line":553,"column":6},"end":{"line":557,"column":7}},"type":"if","locations":[{"start":{"line":553,"column":6},"end":{"line":557,"column":7}},{"start":{"line":555,"column":13},"end":{"line":557,"column":7}}],"line":553},"87":{"loc":{"start":{"line":555,"column":13},"end":{"line":557,"column":7}},"type":"if","locations":[{"start":{"line":555,"column":13},"end":{"line":557,"column":7}},{"start":{},"end":{}}],"line":555}},"s":{"0":60,"1":60,"2":60,"3":60,"4":60,"5":60,"6":60,"7":60,"8":60,"9":60,"10":60,"11":60,"12":60,"13":7,"14":77,"15":22,"16":55,"17":1,"18":55,"19":55,"20":2,"21":2,"22":2,"23":0,"24":2,"25":16,"26":2,"27":2,"28":16,"29":3,"30":3,"31":3,"32":2,"33":1,"34":16,"35":16,"36":23,"37":23,"38":23,"39":23,"40":22,"41":21,"42":22,"43":21,"44":22,"45":22,"46":22,"47":22,"48":1,"49":23,"50":37,"51":37,"52":37,"53":37,"54":37,"55":2,"56":37,"57":37,"58":2,"59":37,"60":37,"61":37,"62":37,"63":37,"64":37,"65":37,"66":1,"67":1,"68":36,"69":36,"70":30,"71":30,"72":30,"73":21,"74":37,"75":6,"76":6,"77":3,"78":3,"79":3,"80":2,"81":37,"82":1,"83":1,"84":1,"85":1,"86":1,"87":1,"88":2,"89":1,"90":1,"91":37,"92":2,"93":2,"94":35,"95":35,"96":35,"97":35,"98":1,"99":1,"100":34,"101":34,"102":30,"103":33,"104":30,"105":21,"106":35,"107":0,"108":0,"109":35,"110":35,"111":5,"112":5,"113":5,"114":3,"115":35,"116":1,"117":1,"118":34,"119":21,"120":21,"121":34,"122":34,"123":34,"124":34,"125":1,"126":33,"127":8,"128":8,"129":14,"130":14,"131":0,"132":0,"133":14,"134":14,"135":14,"136":0,"137":0,"138":14,"139":14,"140":14,"141":14,"142":14,"143":14,"144":13,"145":13,"146":13,"147":0,"148":14,"149":14,"150":3,"151":3,"152":3,"153":0,"154":14,"155":0,"156":0,"157":14,"158":13,"159":14,"160":3,"161":14,"162":14,"163":14,"164":11,"165":11,"166":1,"167":1,"168":10,"169":10,"170":10,"171":10,"172":10,"173":10,"174":3,"175":2,"176":2,"177":1,"178":1,"179":2,"180":13,"181":12,"182":12,"183":12,"184":13,"185":3,"186":3,"187":3,"188":13,"189":12,"190":12,"191":12,"192":1,"193":1,"194":2,"195":2,"196":13,"197":13,"198":13,"199":13,"200":0,"201":0,"202":0,"203":0,"204":14,"205":14,"206":14,"207":14,"208":13,"209":13,"210":13,"211":13,"212":13,"213":13,"214":4,"215":4,"216":4,"217":4,"218":4,"219":15,"220":15,"221":0,"222":0,"223":15,"224":15,"225":1,"226":1,"227":14,"228":14,"229":14,"230":0,"231":0,"232":14,"233":14,"234":14,"235":14,"236":14,"237":14,"238":8,"239":8,"240":7,"241":6,"242":2,"243":2,"244":4,"245":1,"246":1,"247":1,"248":1,"249":1,"250":1,"251":1,"252":1,"253":1,"254":1,"255":13,"256":13,"257":11,"258":11,"259":11,"260":5,"261":6,"262":6,"263":11,"264":11,"265":13,"266":13,"267":4,"268":4,"269":4,"270":1,"271":3,"272":3,"273":4,"274":4,"275":13,"276":13,"277":13,"278":13,"279":9,"280":4,"281":1,"282":13,"283":13,"284":13,"285":1,"286":1,"287":1,"288":14,"289":14,"290":14,"291":14},"f":{"0":60,"1":7,"2":77,"3":2,"4":0,"5":16,"6":23,"7":21,"8":37,"9":2,"10":1,"11":2,"12":1,"13":33,"14":0,"15":5,"16":14,"17":13,"18":3,"19":2,"20":13,"21":13,"22":4,"23":4,"24":15},"b":{"0":[60,60],"1":[60,60],"2":[60,60],"3":[60,60],"4":[60,60],"5":[22,55],"6":[1,54],"7":[2,14],"8":[37,0],"9":[37,0],"10":[37,32,31],"11":[2,35],"12":[37,36],"13":[1,36],"14":[37,36],"15":[37,36],"16":[37,0],"17":[1,36],"18":[30,6],"19":[21,9],"20":[6,31],"21":[3,3],"22":[2,1],"23":[1,36],"24":[37,3],"25":[1,0],"26":[1,0],"27":[2,35],"28":[35,35],"29":[1,34],"30":[30,4],"31":[21,9],"32":[0,35],"33":[5,30],"34":[3,2],"35":[1,34],"36":[35,4],"37":[21,13],"38":[1,33],"39":[8,25],"40":[6],"41":[0,14],"42":[0,14],"43":[13,0],"44":[3,0],"45":[0,14],"46":[14,2],"47":[12,1],"48":[3,0],"49":[14,14],"50":[14,14],"51":[11,3],"52":[1,10],"53":[10,0],"54":[2,1],"55":[1,0],"56":[12,1],"57":[13,3],"58":[10,2],"59":[1,0],"60":[1,12],"61":[0,0],"62":[13,0],"63":[4,0],"64":[4,3],"65":[0,15],"66":[1,14],"67":[0,14],"68":[14,0],"69":[8,6],"70":[14,11],"71":[8,0,0],"72":[2,4],"73":[6,2],"74":[1,3],"75":[4,1],"76":[1,0],"77":[13,1],"78":[1,0],"79":[11,0],"80":[5,6],"81":[6,0],"82":[13,6],"83":[4,0],"84":[1,3],"85":[3,0],"86":[9,4],"87":[1,3]},"inputSourceMap":null,"_coverageSchema":"1a1c01bbd47fc00a2c39e90264f33305004495a9","hash":"9c6162c227f2e5fe0614bc36acc82bb5283ead51"}
,"/Users/fortunm/projects/maxfortun/k8s-scale0/app/index.js": {"path":"/Users/fortunm/projects/maxfortun/k8s-scale0/app/index.js","statementMap":{"0":{"start":{"line":7,"column":2},"end":{"line":9,"column":3}},"1":{"start":{"line":8,"column":4},"end":{"line":8,"column":24}},"2":{"start":{"line":10,"column":17},"end":{"line":10,"column":36}},"3":{"start":{"line":11,"column":2},"end":{"line":14,"column":3}},"4":{"start":{"line":12,"column":4},"end":{"line":12,"column":90}},"5":{"start":{"line":13,"column":4},"end":{"line":13,"column":24}},"6":{"start":{"line":15,"column":2},"end":{"line":15,"column":16}},"7":{"start":{"line":19,"column":2},"end":{"line":19,"column":26}},"8":{"start":{"line":19,"column":14},"end":{"line":19,"column":26}},"9":{"start":{"line":20,"column":2},"end":{"line":20,"column":61}},"10":{"start":{"line":20,"column":35},"end":{"line":20,"column":43}},"11":{"start":{"line":23,"column":15},"end":{"line":52,"column":1}},"12":{"start":{"line":55,"column":2},"end":{"line":55,"column":51}},"13":{"start":{"line":56,"column":21},"end":{"line":59,"column":3}},"14":{"start":{"line":60,"column":2},"end":{"line":60,"column":62}},"15":{"start":{"line":62,"column":14},"end":{"line":62,"column":29}},"16":{"start":{"line":63,"column":2},"end":{"line":63,"column":19}},"17":{"start":{"line":65,"column":16},"end":{"line":65,"column":50}},"18":{"start":{"line":68,"column":20},"end":{"line":68,"column":58}},"19":{"start":{"line":69,"column":2},"end":{"line":71,"column":3}},"20":{"start":{"line":70,"column":4},"end":{"line":70,"column":82}},"21":{"start":{"line":73,"column":21},"end":{"line":73,"column":55}},"22":{"start":{"line":74,"column":23},"end":{"line":74,"column":59}},"23":{"start":{"line":75,"column":2},"end":{"line":75,"column":41}},"24":{"start":{"line":77,"column":2},"end":{"line":77,"column":27}},"25":{"start":{"line":78,"column":2},"end":{"line":78,"column":29}},"26":{"start":{"line":80,"column":19},"end":{"line":97,"column":3}},"27":{"start":{"line":81,"column":4},"end":{"line":81,"column":56}},"28":{"start":{"line":82,"column":29},"end":{"line":85,"column":13}},"29":{"start":{"line":83,"column":6},"end":{"line":83,"column":72}},"30":{"start":{"line":84,"column":6},"end":{"line":84,"column":22}},"31":{"start":{"line":87,"column":4},"end":{"line":96,"column":5}},"32":{"start":{"line":88,"column":6},"end":{"line":88,"column":30}},"33":{"start":{"line":89,"column":6},"end":{"line":89,"column":32}},"34":{"start":{"line":90,"column":6},"end":{"line":90,"column":37}},"35":{"start":{"line":91,"column":6},"end":{"line":91,"column":22}},"36":{"start":{"line":93,"column":6},"end":{"line":93,"column":59}},"37":{"start":{"line":94,"column":6},"end":{"line":94,"column":37}},"38":{"start":{"line":95,"column":6},"end":{"line":95,"column":22}},"39":{"start":{"line":99,"column":2},"end":{"line":99,"column":51}},"40":{"start":{"line":99,"column":30},"end":{"line":99,"column":49}},"41":{"start":{"line":100,"column":2},"end":{"line":100,"column":49}},"42":{"start":{"line":100,"column":29},"end":{"line":100,"column":47}},"43":{"start":{"line":101,"column":2},"end":{"line":104,"column":5}},"44":{"start":{"line":102,"column":4},"end":{"line":102,"column":47}},"45":{"start":{"line":103,"column":4},"end":{"line":103,"column":20}},"46":{"start":{"line":107,"column":0},"end":{"line":110,"column":3}},"47":{"start":{"line":108,"column":2},"end":{"line":108,"column":37}},"48":{"start":{"line":109,"column":2},"end":{"line":109,"column":18}}},"fnMap":{"0":{"name":"parseIntSafe","decl":{"start":{"line":6,"column":9},"end":{"line":6,"column":21}},"loc":{"start":{"line":6,"column":49},"end":{"line":16,"column":1}},"line":6},"1":{"name":"parseOriginAllowlist","decl":{"start":{"line":18,"column":9},"end":{"line":18,"column":29}},"loc":{"start":{"line":18,"column":37},"end":{"line":21,"column":1}},"line":18},"2":{"name":"(anonymous_2)","decl":{"start":{"line":20,"column":30},"end":{"line":20,"column":31}},"loc":{"start":{"line":20,"column":35},"end":{"line":20,"column":43}},"line":20},"3":{"name":"main","decl":{"start":{"line":54,"column":15},"end":{"line":54,"column":19}},"loc":{"start":{"line":54,"column":22},"end":{"line":105,"column":1}},"line":54},"4":{"name":"(anonymous_4)","decl":{"start":{"line":80,"column":19},"end":{"line":80,"column":20}},"loc":{"start":{"line":80,"column":37},"end":{"line":97,"column":3}},"line":80},"5":{"name":"(anonymous_5)","decl":{"start":{"line":82,"column":40},"end":{"line":82,"column":41}},"loc":{"start":{"line":82,"column":46},"end":{"line":85,"column":5}},"line":82},"6":{"name":"(anonymous_6)","decl":{"start":{"line":99,"column":24},"end":{"line":99,"column":25}},"loc":{"start":{"line":99,"column":30},"end":{"line":99,"column":49}},"line":99},"7":{"name":"(anonymous_7)","decl":{"start":{"line":100,"column":23},"end":{"line":100,"column":24}},"loc":{"start":{"line":100,"column":29},"end":{"line":100,"column":47}},"line":100},"8":{"name":"(anonymous_8)","decl":{"start":{"line":101,"column":35},"end":{"line":101,"column":36}},"loc":{"start":{"line":101,"column":44},"end":{"line":104,"column":3}},"line":101},"9":{"name":"(anonymous_9)","decl":{"start":{"line":107,"column":13},"end":{"line":107,"column":14}},"loc":{"start":{"line":107,"column":22},"end":{"line":110,"column":1}},"line":107}},"branchMap":{"0":{"loc":{"start":{"line":7,"column":2},"end":{"line":9,"column":3}},"type":"if","locations":[{"start":{"line":7,"column":2},"end":{"line":9,"column":3}},{"start":{},"end":{}}],"line":7},"1":{"loc":{"start":{"line":7,"column":6},"end":{"line":7,"column":59}},"type":"binary-expr","locations":[{"start":{"line":7,"column":6},"end":{"line":7,"column":25}},{"start":{"line":7,"column":29},"end":{"line":7,"column":43}},{"start":{"line":7,"column":47},"end":{"line":7,"column":59}}],"line":7},"2":{"loc":{"start":{"line":11,"column":2},"end":{"line":14,"column":3}},"type":"if","locations":[{"start":{"line":11,"column":2},"end":{"line":14,"column":3}},{"start":{},"end":{}}],"line":11},"3":{"loc":{"start":{"line":11,"column":6},"end":{"line":11,"column":40}},"type":"binary-expr","locations":[{"start":{"line":11,"column":6},"end":{"line":11,"column":26}},{"start":{"line":11,"column":30},"end":{"line":11,"column":40}}],"line":11},"4":{"loc":{"start":{"line":19,"column":2},"end":{"line":19,"column":26}},"type":"if","locations":[{"start":{"line":19,"column":2},"end":{"line":19,"column":26}},{"start":{},"end":{}}],"line":19},"5":{"loc":{"start":{"line":27,"column":15},"end":{"line":27,"column":51}},"type":"binary-expr","locations":[{"start":{"line":27,"column":15},"end":{"line":27,"column":39}},{"start":{"line":27,"column":43},"end":{"line":27,"column":51}}],"line":27},"6":{"loc":{"start":{"line":30,"column":21},"end":{"line":30,"column":64}},"type":"binary-expr","locations":[{"start":{"line":30,"column":21},"end":{"line":30,"column":52}},{"start":{"line":30,"column":56},"end":{"line":30,"column":64}}],"line":30},"7":{"loc":{"start":{"line":31,"column":26},"end":{"line":31,"column":74}},"type":"binary-expr","locations":[{"start":{"line":31,"column":26},"end":{"line":31,"column":62}},{"start":{"line":31,"column":66},"end":{"line":31,"column":74}}],"line":31},"8":{"loc":{"start":{"line":45,"column":20},"end":{"line":45,"column":69}},"type":"binary-expr","locations":[{"start":{"line":45,"column":20},"end":{"line":45,"column":50}},{"start":{"line":45,"column":54},"end":{"line":45,"column":69}}],"line":45},"9":{"loc":{"start":{"line":58,"column":18},"end":{"line":58,"column":87}},"type":"cond-expr","locations":[{"start":{"line":58,"column":40},"end":{"line":58,"column":52}},{"start":{"line":58,"column":55},"end":{"line":58,"column":87}}],"line":58},"10":{"loc":{"start":{"line":69,"column":2},"end":{"line":71,"column":3}},"type":"if","locations":[{"start":{"line":69,"column":2},"end":{"line":71,"column":3}},{"start":{},"end":{}}],"line":69}},"s":{"0":0,"1":0,"2":0,"3":0,"4":0,"5":0,"6":0,"7":0,"8":0,"9":0,"10":0,"11":0,"12":0,"13":0,"14":0,"15":0,"16":0,"17":0,"18":0,"19":0,"20":0,"21":0,"22":0,"23":0,"24":0,"25":0,"26":0,"27":0,"28":0,"29":0,"30":0,"31":0,"32":0,"33":0,"34":0,"35":0,"36":0,"37":0,"38":0,"39":0,"40":0,"41":0,"42":0,"43":0,"44":0,"45":0,"46":0,"47":0,"48":0},"f":{"0":0,"1":0,"2":0,"3":0,"4":0,"5":0,"6":0,"7":0,"8":0,"9":0},"b":{"0":[0,0],"1":[0,0,0],"2":[0,0],"3":[0,0],"4":[0,0],"5":[0,0],"6":[0,0],"7":[0,0],"8":[0,0],"9":[0,0],"10":[0,0]},"inputSourceMap":null}
,"/Users/fortunm/projects/maxfortun/k8s-scale0/app/k8s.js": {"path":"/Users/fortunm/projects/maxfortun/k8s-scale0/app/k8s.js","statementMap":{"0":{"start":{"line":6,"column":4},"end":{"line":6,"column":35}},"1":{"start":{"line":7,"column":4},"end":{"line":7,"column":24}},"2":{"start":{"line":8,"column":4},"end":{"line":8,"column":31}},"3":{"start":{"line":9,"column":4},"end":{"line":9,"column":24}},"4":{"start":{"line":10,"column":4},"end":{"line":10,"column":26}},"5":{"start":{"line":11,"column":4},"end":{"line":11,"column":32}},"6":{"start":{"line":12,"column":4},"end":{"line":12,"column":88}},"7":{"start":{"line":16,"column":31},"end":{"line":16,"column":84}},"8":{"start":{"line":17,"column":4},"end":{"line":23,"column":5}},"9":{"start":{"line":18,"column":6},"end":{"line":18,"column":32}},"10":{"start":{"line":19,"column":6},"end":{"line":19,"column":46}},"11":{"start":{"line":21,"column":6},"end":{"line":21,"column":32}},"12":{"start":{"line":22,"column":6},"end":{"line":22,"column":47}},"13":{"start":{"line":25,"column":4},"end":{"line":25,"column":56}},"14":{"start":{"line":26,"column":4},"end":{"line":26,"column":70}},"15":{"start":{"line":27,"column":4},"end":{"line":27,"column":56}},"16":{"start":{"line":28,"column":4},"end":{"line":28,"column":65}},"17":{"start":{"line":29,"column":4},"end":{"line":29,"column":72}},"18":{"start":{"line":33,"column":16},"end":{"line":33,"column":26}},"19":{"start":{"line":34,"column":18},"end":{"line":45,"column":5}},"20":{"start":{"line":47,"column":4},"end":{"line":81,"column":5}},"21":{"start":{"line":48,"column":23},"end":{"line":48,"column":59}},"22":{"start":{"line":49,"column":6},"end":{"line":69,"column":7}},"23":{"start":{"line":50,"column":26},"end":{"line":50,"column":59}},"24":{"start":{"line":51,"column":26},"end":{"line":51,"column":101}},"25":{"start":{"line":53,"column":8},"end":{"line":66,"column":9}},"26":{"start":{"line":55,"column":10},"end":{"line":55,"column":54}},"27":{"start":{"line":56,"column":10},"end":{"line":56,"column":87}},"28":{"start":{"line":57,"column":10},"end":{"line":57,"column":22}},"29":{"start":{"line":58,"column":15},"end":{"line":66,"column":9}},"30":{"start":{"line":60,"column":10},"end":{"line":60,"column":61}},"31":{"start":{"line":61,"column":10},"end":{"line":61,"column":56}},"32":{"start":{"line":62,"column":10},"end":{"line":62,"column":54}},"33":{"start":{"line":63,"column":10},"end":{"line":63,"column":63}},"34":{"start":{"line":64,"column":10},"end":{"line":64,"column":87}},"35":{"start":{"line":65,"column":10},"end":{"line":65,"column":22}},"36":{"start":{"line":68,"column":8},"end":{"line":68,"column":21}},"37":{"start":{"line":71,"column":6},"end":{"line":71,"column":73}},"38":{"start":{"line":72,"column":6},"end":{"line":72,"column":18}},"39":{"start":{"line":74,"column":6},"end":{"line":77,"column":7}},"40":{"start":{"line":76,"column":8},"end":{"line":76,"column":21}},"41":{"start":{"line":79,"column":6},"end":{"line":79,"column":126}},"42":{"start":{"line":80,"column":6},"end":{"line":80,"column":18}},"43":{"start":{"line":85,"column":4},"end":{"line":94,"column":5}},"44":{"start":{"line":86,"column":23},"end":{"line":86,"column":59}},"45":{"start":{"line":87,"column":6},"end":{"line":89,"column":7}},"46":{"start":{"line":88,"column":8},"end":{"line":88,"column":74}},"47":{"start":{"line":91,"column":6},"end":{"line":93,"column":7}},"48":{"start":{"line":92,"column":8},"end":{"line":92,"column":83}},"49":{"start":{"line":98,"column":4},"end":{"line":104,"column":5}},"50":{"start":{"line":99,"column":23},"end":{"line":99,"column":86}},"51":{"start":{"line":100,"column":6},"end":{"line":100,"column":18}},"52":{"start":{"line":102,"column":6},"end":{"line":102,"column":56}},"53":{"start":{"line":102,"column":44},"end":{"line":102,"column":56}},"54":{"start":{"line":103,"column":6},"end":{"line":103,"column":16}},"55":{"start":{"line":108,"column":21},"end":{"line":108,"column":115}},"56":{"start":{"line":109,"column":4},"end":{"line":109,"column":22}},"57":{"start":{"line":113,"column":4},"end":{"line":119,"column":5}},"58":{"start":{"line":114,"column":23},"end":{"line":114,"column":80}},"59":{"start":{"line":115,"column":6},"end":{"line":115,"column":18}},"60":{"start":{"line":117,"column":6},"end":{"line":117,"column":56}},"61":{"start":{"line":117,"column":44},"end":{"line":117,"column":56}},"62":{"start":{"line":118,"column":6},"end":{"line":118,"column":16}},"63":{"start":{"line":123,"column":21},"end":{"line":133,"column":5}},"64":{"start":{"line":134,"column":4},"end":{"line":134,"column":16}},"65":{"start":{"line":138,"column":4},"end":{"line":144,"column":5}},"66":{"start":{"line":139,"column":23},"end":{"line":139,"column":103}},"67":{"start":{"line":140,"column":6},"end":{"line":140,"column":18}},"68":{"start":{"line":142,"column":6},"end":{"line":142,"column":56}},"69":{"start":{"line":142,"column":44},"end":{"line":142,"column":56}},"70":{"start":{"line":143,"column":6},"end":{"line":143,"column":16}},"71":{"start":{"line":148,"column":21},"end":{"line":158,"column":5}},"72":{"start":{"line":159,"column":4},"end":{"line":159,"column":16}},"73":{"start":{"line":163,"column":4},"end":{"line":175,"column":5}},"74":{"start":{"line":164,"column":23},"end":{"line":170,"column":7}},"75":{"start":{"line":171,"column":6},"end":{"line":171,"column":18}},"76":{"start":{"line":173,"column":6},"end":{"line":173,"column":56}},"77":{"start":{"line":173,"column":44},"end":{"line":173,"column":56}},"78":{"start":{"line":174,"column":6},"end":{"line":174,"column":16}},"79":{"start":{"line":179,"column":21},"end":{"line":190,"column":5}},"80":{"start":{"line":191,"column":4},"end":{"line":191,"column":16}},"81":{"start":{"line":195,"column":21},"end":{"line":202,"column":5}},"82":{"start":{"line":203,"column":4},"end":{"line":203,"column":16}},"83":{"start":{"line":207,"column":4},"end":{"line":230,"column":5}},"84":{"start":{"line":209,"column":6},"end":{"line":225,"column":7}},"85":{"start":{"line":211,"column":10},"end":{"line":211,"column":84}},"86":{"start":{"line":212,"column":10},"end":{"line":212,"column":16}},"87":{"start":{"line":214,"column":10},"end":{"line":214,"column":85}},"88":{"start":{"line":215,"column":10},"end":{"line":215,"column":16}},"89":{"start":{"line":217,"column":10},"end":{"line":217,"column":84}},"90":{"start":{"line":218,"column":10},"end":{"line":218,"column":16}},"91":{"start":{"line":220,"column":10},"end":{"line":220,"column":95}},"92":{"start":{"line":221,"column":10},"end":{"line":221,"column":16}},"93":{"start":{"line":223,"column":10},"end":{"line":223,"column":57}},"94":{"start":{"line":224,"column":10},"end":{"line":224,"column":22}},"95":{"start":{"line":226,"column":6},"end":{"line":226,"column":18}},"96":{"start":{"line":228,"column":6},"end":{"line":228,"column":56}},"97":{"start":{"line":228,"column":44},"end":{"line":228,"column":56}},"98":{"start":{"line":229,"column":6},"end":{"line":229,"column":16}},"99":{"start":{"line":234,"column":21},"end":{"line":234,"column":66}},"100":{"start":{"line":235,"column":4},"end":{"line":235,"column":28}},"101":{"start":{"line":235,"column":19},"end":{"line":235,"column":28}},"102":{"start":{"line":236,"column":4},"end":{"line":236,"column":47}},"103":{"start":{"line":240,"column":18},"end":{"line":240,"column":40}},"104":{"start":{"line":241,"column":17},"end":{"line":241,"column":80}},"105":{"start":{"line":243,"column":4},"end":{"line":258,"column":5}},"106":{"start":{"line":245,"column":8},"end":{"line":245,"column":138}},"107":{"start":{"line":246,"column":8},"end":{"line":246,"column":14}},"108":{"start":{"line":248,"column":8},"end":{"line":248,"column":139}},"109":{"start":{"line":249,"column":8},"end":{"line":249,"column":14}},"110":{"start":{"line":251,"column":8},"end":{"line":251,"column":138}},"111":{"start":{"line":252,"column":8},"end":{"line":252,"column":14}},"112":{"start":{"line":254,"column":8},"end":{"line":254,"column":149}},"113":{"start":{"line":255,"column":8},"end":{"line":255,"column":14}},"114":{"start":{"line":257,"column":8},"end":{"line":257,"column":63}},"115":{"start":{"line":262,"column":4},"end":{"line":264,"column":5}},"116":{"start":{"line":263,"column":6},"end":{"line":263,"column":18}},"117":{"start":{"line":266,"column":18},"end":{"line":266,"column":61}},"118":{"start":{"line":267,"column":4},"end":{"line":294,"column":5}},"119":{"start":{"line":268,"column":6},"end":{"line":293,"column":7}},"120":{"start":{"line":269,"column":20},"end":{"line":269,"column":22}},"121":{"start":{"line":270,"column":8},"end":{"line":280,"column":9}},"122":{"start":{"line":272,"column":12},"end":{"line":272,"column":88}},"123":{"start":{"line":273,"column":12},"end":{"line":273,"column":18}},"124":{"start":{"line":275,"column":12},"end":{"line":275,"column":89}},"125":{"start":{"line":276,"column":12},"end":{"line":276,"column":18}},"126":{"start":{"line":278,"column":12},"end":{"line":278,"column":88}},"127":{"start":{"line":279,"column":12},"end":{"line":279,"column":18}},"128":{"start":{"line":282,"column":8},"end":{"line":290,"column":9}},"129":{"start":{"line":283,"column":28},"end":{"line":283,"column":75}},"130":{"start":{"line":284,"column":26},"end":{"line":286,"column":11}},"131":{"start":{"line":285,"column":30},"end":{"line":285,"column":54}},"132":{"start":{"line":287,"column":10},"end":{"line":289,"column":11}},"133":{"start":{"line":288,"column":12},"end":{"line":288,"column":98}},"134":{"start":{"line":292,"column":8},"end":{"line":292,"column":60}},"135":{"start":{"line":296,"column":4},"end":{"line":296,"column":16}},"136":{"start":{"line":300,"column":4},"end":{"line":306,"column":5}},"137":{"start":{"line":301,"column":23},"end":{"line":301,"column":76}},"138":{"start":{"line":302,"column":6},"end":{"line":302,"column":18}},"139":{"start":{"line":304,"column":6},"end":{"line":304,"column":56}},"140":{"start":{"line":304,"column":44},"end":{"line":304,"column":56}},"141":{"start":{"line":305,"column":6},"end":{"line":305,"column":16}},"142":{"start":{"line":310,"column":21},"end":{"line":310,"column":127}},"143":{"start":{"line":311,"column":4},"end":{"line":311,"column":22}},"144":{"start":{"line":315,"column":4},"end":{"line":315,"column":60}},"145":{"start":{"line":319,"column":21},"end":{"line":319,"column":75}},"146":{"start":{"line":320,"column":4},"end":{"line":320,"column":16}},"147":{"start":{"line":324,"column":21},"end":{"line":324,"column":95}},"148":{"start":{"line":325,"column":4},"end":{"line":325,"column":22}},"149":{"start":{"line":330,"column":4},"end":{"line":342,"column":5}},"150":{"start":{"line":331,"column":23},"end":{"line":337,"column":7}},"151":{"start":{"line":338,"column":6},"end":{"line":338,"column":18}},"152":{"start":{"line":340,"column":6},"end":{"line":340,"column":56}},"153":{"start":{"line":340,"column":44},"end":{"line":340,"column":56}},"154":{"start":{"line":341,"column":6},"end":{"line":341,"column":16}},"155":{"start":{"line":346,"column":4},"end":{"line":357,"column":5}},"156":{"start":{"line":347,"column":23},"end":{"line":352,"column":7}},"157":{"start":{"line":353,"column":6},"end":{"line":353,"column":30}},"158":{"start":{"line":355,"column":6},"end":{"line":355,"column":54}},"159":{"start":{"line":355,"column":44},"end":{"line":355,"column":54}},"160":{"start":{"line":356,"column":6},"end":{"line":356,"column":16}},"161":{"start":{"line":361,"column":21},"end":{"line":368,"column":5}},"162":{"start":{"line":369,"column":4},"end":{"line":369,"column":16}},"163":{"start":{"line":373,"column":18},"end":{"line":373,"column":20}},"164":{"start":{"line":374,"column":19},"end":{"line":374,"column":55}},"165":{"start":{"line":376,"column":4},"end":{"line":389,"column":5}},"166":{"start":{"line":377,"column":20},"end":{"line":377,"column":43}},"167":{"start":{"line":378,"column":6},"end":{"line":388,"column":7}},"168":{"start":{"line":379,"column":28},"end":{"line":379,"column":50}},"169":{"start":{"line":380,"column":8},"end":{"line":386,"column":9}},"170":{"start":{"line":382,"column":10},"end":{"line":385,"column":11}},"171":{"start":{"line":383,"column":12},"end":{"line":383,"column":30}},"172":{"start":{"line":384,"column":12},"end":{"line":384,"column":18}},"173":{"start":{"line":387,"column":8},"end":{"line":387,"column":41}},"174":{"start":{"line":387,"column":35},"end":{"line":387,"column":41}},"175":{"start":{"line":391,"column":4},"end":{"line":391,"column":17}},"176":{"start":{"line":395,"column":4},"end":{"line":406,"column":5}},"177":{"start":{"line":396,"column":23},"end":{"line":401,"column":7}},"178":{"start":{"line":402,"column":6},"end":{"line":402,"column":30}},"179":{"start":{"line":404,"column":6},"end":{"line":404,"column":54}},"180":{"start":{"line":404,"column":44},"end":{"line":404,"column":54}},"181":{"start":{"line":405,"column":6},"end":{"line":405,"column":16}},"182":{"start":{"line":410,"column":18},"end":{"line":410,"column":20}},"183":{"start":{"line":411,"column":28},"end":{"line":411,"column":69}},"184":{"start":{"line":413,"column":4},"end":{"line":429,"column":5}},"185":{"start":{"line":414,"column":21},"end":{"line":414,"column":40}},"186":{"start":{"line":415,"column":6},"end":{"line":428,"column":7}},"187":{"start":{"line":416,"column":29},"end":{"line":416,"column":46}},"188":{"start":{"line":417,"column":8},"end":{"line":426,"column":9}},"189":{"start":{"line":418,"column":23},"end":{"line":418,"column":45}},"190":{"start":{"line":419,"column":10},"end":{"line":425,"column":11}},"191":{"start":{"line":423,"column":12},"end":{"line":423,"column":27}},"192":{"start":{"line":424,"column":12},"end":{"line":424,"column":18}},"193":{"start":{"line":427,"column":8},"end":{"line":427,"column":38}},"194":{"start":{"line":427,"column":32},"end":{"line":427,"column":38}},"195":{"start":{"line":431,"column":4},"end":{"line":431,"column":17}},"196":{"start":{"line":436,"column":21},"end":{"line":436,"column":62}},"197":{"start":{"line":437,"column":4},"end":{"line":439,"column":5}},"198":{"start":{"line":438,"column":6},"end":{"line":438,"column":22}},"199":{"start":{"line":442,"column":17},"end":{"line":442,"column":47}},"200":{"start":{"line":443,"column":25},"end":{"line":443,"column":88}},"201":{"start":{"line":443,"column":42},"end":{"line":443,"column":87}},"202":{"start":{"line":444,"column":4},"end":{"line":446,"column":5}},"203":{"start":{"line":445,"column":6},"end":{"line":445,"column":26}},"204":{"start":{"line":449,"column":4},"end":{"line":466,"column":5}},"205":{"start":{"line":450,"column":6},"end":{"line":465,"column":7}},"206":{"start":{"line":451,"column":20},"end":{"line":451,"column":43}},"207":{"start":{"line":452,"column":8},"end":{"line":452,"column":27}},"208":{"start":{"line":452,"column":18},"end":{"line":452,"column":27}},"209":{"start":{"line":454,"column":25},"end":{"line":454,"column":78}},"210":{"start":{"line":455,"column":8},"end":{"line":455,"column":32}},"211":{"start":{"line":455,"column":23},"end":{"line":455,"column":32}},"212":{"start":{"line":457,"column":26},"end":{"line":457,"column":73}},"213":{"start":{"line":458,"column":24},"end":{"line":460,"column":9}},"214":{"start":{"line":459,"column":28},"end":{"line":459,"column":52}},"215":{"start":{"line":462,"column":8},"end":{"line":464,"column":9}},"216":{"start":{"line":463,"column":10},"end":{"line":463,"column":21}},"217":{"start":{"line":468,"column":4},"end":{"line":468,"column":16}}},"fnMap":{"0":{"name":"(anonymous_0)","decl":{"start":{"line":5,"column":2},"end":{"line":5,"column":3}},"loc":{"start":{"line":5,"column":16},"end":{"line":13,"column":3}},"line":5},"1":{"name":"(anonymous_1)","decl":{"start":{"line":15,"column":2},"end":{"line":15,"column":3}},"loc":{"start":{"line":15,"column":15},"end":{"line":30,"column":3}},"line":15},"2":{"name":"(anonymous_2)","decl":{"start":{"line":32,"column":2},"end":{"line":32,"column":3}},"loc":{"start":{"line":32,"column":60},"end":{"line":82,"column":3}},"line":32},"3":{"name":"(anonymous_3)","decl":{"start":{"line":84,"column":2},"end":{"line":84,"column":3}},"loc":{"start":{"line":84,"column":38},"end":{"line":95,"column":3}},"line":84},"4":{"name":"(anonymous_4)","decl":{"start":{"line":97,"column":2},"end":{"line":97,"column":3}},"loc":{"start":{"line":97,"column":34},"end":{"line":105,"column":3}},"line":97},"5":{"name":"(anonymous_5)","decl":{"start":{"line":107,"column":2},"end":{"line":107,"column":3}},"loc":{"start":{"line":107,"column":45},"end":{"line":110,"column":3}},"line":107},"6":{"name":"(anonymous_6)","decl":{"start":{"line":112,"column":2},"end":{"line":112,"column":3}},"loc":{"start":{"line":112,"column":36},"end":{"line":120,"column":3}},"line":112},"7":{"name":"(anonymous_7)","decl":{"start":{"line":122,"column":2},"end":{"line":122,"column":3}},"loc":{"start":{"line":122,"column":62},"end":{"line":135,"column":3}},"line":122},"8":{"name":"(anonymous_8)","decl":{"start":{"line":137,"column":2},"end":{"line":137,"column":3}},"loc":{"start":{"line":137,"column":32},"end":{"line":145,"column":3}},"line":137},"9":{"name":"(anonymous_9)","decl":{"start":{"line":147,"column":2},"end":{"line":147,"column":3}},"loc":{"start":{"line":147,"column":41},"end":{"line":160,"column":3}},"line":147},"10":{"name":"(anonymous_10)","decl":{"start":{"line":162,"column":2},"end":{"line":162,"column":3}},"loc":{"start":{"line":162,"column":43},"end":{"line":176,"column":3}},"line":162},"11":{"name":"(anonymous_11)","decl":{"start":{"line":178,"column":2},"end":{"line":178,"column":3}},"loc":{"start":{"line":178,"column":52},"end":{"line":192,"column":3}},"line":178},"12":{"name":"(anonymous_12)","decl":{"start":{"line":194,"column":2},"end":{"line":194,"column":3}},"loc":{"start":{"line":194,"column":51},"end":{"line":204,"column":3}},"line":194},"13":{"name":"(anonymous_13)","decl":{"start":{"line":206,"column":2},"end":{"line":206,"column":3}},"loc":{"start":{"line":206,"column":43},"end":{"line":231,"column":3}},"line":206},"14":{"name":"(anonymous_14)","decl":{"start":{"line":233,"column":2},"end":{"line":233,"column":3}},"loc":{"start":{"line":233,"column":56},"end":{"line":237,"column":3}},"line":233},"15":{"name":"(anonymous_15)","decl":{"start":{"line":239,"column":2},"end":{"line":239,"column":3}},"loc":{"start":{"line":239,"column":55},"end":{"line":259,"column":3}},"line":239},"16":{"name":"(anonymous_16)","decl":{"start":{"line":261,"column":2},"end":{"line":261,"column":3}},"loc":{"start":{"line":261,"column":59},"end":{"line":297,"column":3}},"line":261},"17":{"name":"(anonymous_17)","decl":{"start":{"line":285,"column":12},"end":{"line":285,"column":13}},"loc":{"start":{"line":285,"column":30},"end":{"line":285,"column":54}},"line":285},"18":{"name":"(anonymous_18)","decl":{"start":{"line":299,"column":2},"end":{"line":299,"column":3}},"loc":{"start":{"line":299,"column":32},"end":{"line":307,"column":3}},"line":299},"19":{"name":"(anonymous_19)","decl":{"start":{"line":309,"column":2},"end":{"line":309,"column":3}},"loc":{"start":{"line":309,"column":55},"end":{"line":312,"column":3}},"line":309},"20":{"name":"(anonymous_20)","decl":{"start":{"line":314,"column":2},"end":{"line":314,"column":3}},"loc":{"start":{"line":314,"column":35},"end":{"line":316,"column":3}},"line":314},"21":{"name":"(anonymous_21)","decl":{"start":{"line":318,"column":2},"end":{"line":318,"column":3}},"loc":{"start":{"line":318,"column":34},"end":{"line":321,"column":3}},"line":318},"22":{"name":"(anonymous_22)","decl":{"start":{"line":323,"column":2},"end":{"line":323,"column":3}},"loc":{"start":{"line":323,"column":28},"end":{"line":326,"column":3}},"line":323},"23":{"name":"(anonymous_23)","decl":{"start":{"line":329,"column":2},"end":{"line":329,"column":3}},"loc":{"start":{"line":329,"column":38},"end":{"line":343,"column":3}},"line":329},"24":{"name":"(anonymous_24)","decl":{"start":{"line":345,"column":2},"end":{"line":345,"column":3}},"loc":{"start":{"line":345,"column":34},"end":{"line":358,"column":3}},"line":345},"25":{"name":"(anonymous_25)","decl":{"start":{"line":360,"column":2},"end":{"line":360,"column":3}},"loc":{"start":{"line":360,"column":49},"end":{"line":370,"column":3}},"line":360},"26":{"name":"(anonymous_26)","decl":{"start":{"line":372,"column":2},"end":{"line":372,"column":3}},"loc":{"start":{"line":372,"column":57},"end":{"line":392,"column":3}},"line":372},"27":{"name":"(anonymous_27)","decl":{"start":{"line":394,"column":2},"end":{"line":394,"column":3}},"loc":{"start":{"line":394,"column":39},"end":{"line":407,"column":3}},"line":394},"28":{"name":"(anonymous_28)","decl":{"start":{"line":409,"column":2},"end":{"line":409,"column":3}},"loc":{"start":{"line":409,"column":62},"end":{"line":432,"column":3}},"line":409},"29":{"name":"(anonymous_29)","decl":{"start":{"line":434,"column":2},"end":{"line":434,"column":3}},"loc":{"start":{"line":434,"column":67},"end":{"line":469,"column":3}},"line":434},"30":{"name":"(anonymous_30)","decl":{"start":{"line":443,"column":35},"end":{"line":443,"column":36}},"loc":{"start":{"line":443,"column":42},"end":{"line":443,"column":87}},"line":443},"31":{"name":"(anonymous_31)","decl":{"start":{"line":459,"column":10},"end":{"line":459,"column":11}},"loc":{"start":{"line":459,"column":28},"end":{"line":459,"column":52}},"line":459}},"branchMap":{"0":{"loc":{"start":{"line":12,"column":36},"end":{"line":12,"column":71}},"type":"binary-expr","locations":[{"start":{"line":12,"column":36},"end":{"line":12,"column":56}},{"start":{"line":12,"column":60},"end":{"line":12,"column":71}}],"line":12},"1":{"loc":{"start":{"line":17,"column":4},"end":{"line":23,"column":5}},"type":"if","locations":[{"start":{"line":17,"column":4},"end":{"line":23,"column":5}},{"start":{"line":20,"column":11},"end":{"line":23,"column":5}}],"line":17},"2":{"loc":{"start":{"line":32,"column":38},"end":{"line":32,"column":58}},"type":"default-arg","locations":[{"start":{"line":32,"column":56},"end":{"line":32,"column":58}}],"line":32},"3":{"loc":{"start":{"line":49,"column":6},"end":{"line":69,"column":7}},"type":"if","locations":[{"start":{"line":49,"column":6},"end":{"line":69,"column":7}},{"start":{},"end":{}}],"line":49},"4":{"loc":{"start":{"line":53,"column":8},"end":{"line":66,"column":9}},"type":"if","locations":[{"start":{"line":53,"column":8},"end":{"line":66,"colum
[...]
,"end":{"line":226,"column":13}},"104":{"start":{"line":229,"column":4},"end":{"line":229,"column":80}},"105":{"start":{"line":232,"column":26},"end":{"line":232,"column":87}},"106":{"start":{"line":235,"column":25},"end":{"line":235,"column":95}},"107":{"start":{"line":236,"column":4},"end":{"line":243,"column":5}},"108":{"start":{"line":237,"column":6},"end":{"line":237,"column":89}},"109":{"start":{"line":238,"column":6},"end":{"line":241,"column":33}},"110":{"start":{"line":242,"column":6},"end":{"line":242,"column":13}},"111":{"start":{"line":245,"column":25},"end":{"line":245,"column":56}},"112":{"start":{"line":246,"column":24},"end":{"line":246,"column":59}},"113":{"start":{"line":247,"column":23},"end":{"line":247,"column":52}},"114":{"start":{"line":249,"column":4},"end":{"line":261,"column":5}},"115":{"start":{"line":250,"column":6},"end":{"line":250,"column":102}},"116":{"start":{"line":251,"column":24},"end":{"line":251,"column":46}},"117":{"start":{"line":252,"column":23},"end":{"line":252,"column":48}},"118":{"start":{"line":253,"column":6},"end":{"line":253,"column":55}},"119":{"start":{"line":254,"column":6},"end":{"line":254,"column":62}},"120":{"start":{"line":255,"column":6},"end":{"line":259,"column":87}},"121":{"start":{"line":260,"column":6},"end":{"line":260,"column":13}},"122":{"start":{"line":263,"column":25},"end":{"line":263,"column":57}},"123":{"start":{"line":265,"column":4},"end":{"line":290,"column":5}},"124":{"start":{"line":266,"column":6},"end":{"line":266,"column":116}},"125":{"start":{"line":268,"column":6},"end":{"line":279,"column":7}},"126":{"start":{"line":269,"column":28},"end":{"line":269,"column":70}},"127":{"start":{"line":270,"column":8},"end":{"line":270,"column":59}},"128":{"start":{"line":271,"column":8},"end":{"line":271,"column":64}},"129":{"start":{"line":272,"column":8},"end":{"line":277,"column":45}},"130":{"start":{"line":278,"column":8},"end":{"line":278,"column":15}},"131":{"start":{"line":281,"column":6},"end":{"line":281,"column":59}},"132":{"start":{"line":282,"column":6},"end":{"line":282,"column":62}},"133":{"start":{"line":283,"column":6},"end":{"line":288,"column":33}},"134":{"start":{"line":289,"column":6},"end":{"line":289,"column":13}},"135":{"start":{"line":292,"column":4},"end":{"line":292,"column":54}},"136":{"start":{"line":293,"column":4},"end":{"line":293,"column":86}},"137":{"start":{"line":295,"column":4},"end":{"line":301,"column":5}},"138":{"start":{"line":296,"column":6},"end":{"line":299,"column":33}},"139":{"start":{"line":300,"column":6},"end":{"line":300,"column":13}},"140":{"start":{"line":304,"column":4},"end":{"line":312,"column":5}},"141":{"start":{"line":305,"column":6},"end":{"line":305,"column":92}},"142":{"start":{"line":306,"column":6},"end":{"line":310,"column":42}},"143":{"start":{"line":311,"column":6},"end":{"line":311,"column":13}},"144":{"start":{"line":315,"column":4},"end":{"line":325,"column":9}},"145":{"start":{"line":317,"column":8},"end":{"line":321,"column":9}},"146":{"start":{"line":318,"column":10},"end":{"line":318,"column":86}},"147":{"start":{"line":320,"column":10},"end":{"line":320,"column":84}},"148":{"start":{"line":324,"column":8},"end":{"line":324,"column":96}},"149":{"start":{"line":328,"column":4},"end":{"line":328,"column":60}},"150":{"start":{"line":329,"column":4},"end":{"line":333,"column":40}},"151":{"start":{"line":334,"column":4},"end":{"line":334,"column":86}}},"fnMap":{"0":{"name":"(anonymous_0)","decl":{"start":{"line":6,"column":2},"end":{"line":6,"column":3}},"loc":{"start":{"line":6,"column":34},"end":{"line":13,"column":3}},"line":6},"1":{"name":"(anonymous_1)","decl":{"start":{"line":15,"column":2},"end":{"line":15,"column":3}},"loc":{"start":{"line":15,"column":28},"end":{"line":17,"column":3}},"line":15},"2":{"name":"(anonymous_2)","decl":{"start":{"line":19,"column":2},"end":{"line":19,"column":3}},"loc":{"start":{"line":19,"column":16},"end":{"line":31,"column":3}},"line":19},"3":{"name":"(anonymous_3)","decl":{"start":{"line":20,"column":23},"end":{"line":20,"column":24}},"loc":{"start":{"line":20,"column":36},"end":{"line":30,"column":5}},"line":20},"4":{"name":"(anonymous_4)","decl":{"start":{"line":21,"column":38},"end":{"line":21,"column":39}},"loc":{"start":{"line":21,"column":52},"end":{"line":21,"column":80}},"line":21},"5":{"name":"(anonymous_5)","decl":{"start":{"line":26,"column":49},"end":{"line":26,"column":50}},"loc":{"start":{"line":26,"column":55},"end":{"line":29,"column":7}},"line":26},"6":{"name":"(anonymous_6)","decl":{"start":{"line":33,"column":2},"end":{"line":33,"column":3}},"loc":{"start":{"line":33,"column":15},"end":{"line":44,"column":3}},"line":33},"7":{"name":"(anonymous_7)","decl":{"start":{"line":34,"column":23},"end":{"line":34,"column":24}},"loc":{"start":{"line":34,"column":36},"end":{"line":43,"column":5}},"line":34},"8":{"name":"(anonymous_8)","decl":{"start":{"line":36,"column":26},"end":{"line":36,"column":27}},"loc":{"start":{"line":36,"column":32},"end":{"line":39,"column":9}},"line":36},"9":{"name":"(anonymous_9)","decl":{"start":{"line":46,"column":2},"end":{"line":46,"column":3}},"loc":{"start":{"line":46,"column":21},"end":{"line":48,"column":3}},"line":46},"10":{"name":"(anonymous_10)","decl":{"start":{"line":50,"column":2},"end":{"line":50,"column":3}},"loc":{"start":{"line":50,"column":30},"end":{"line":54,"column":3}},"line":50},"11":{"name":"(anonymous_11)","decl":{"start":{"line":56,"column":2},"end":{"line":56,"column":3}},"loc":{"start":{"line":56,"column":23},"end":{"line":63,"column":3}},"line":56},"12":{"name":"(anonymous_12)","decl":{"start":{"line":65,"column":2},"end":{"line":65,"column":3}},"loc":{"start":{"line":65,"column":53},"end":{"line":94,"column":3}},"line":65},"13":{"name":"(anonymous_13)","decl":{"start":{"line":96,"column":2},"end":{"line":96,"column":3}},"loc":{"start":{"line":96,"column":47},"end":{"line":105,"column":3}},"line":96},"14":{"name":"(anonymous_14)","decl":{"start":{"line":107,"column":2},"end":{"line":107,"column":3}},"loc":{"start":{"line":107,"column":116},"end":{"line":133,"column":3}},"line":107},"15":{"name":"(anonymous_15)","decl":{"start":{"line":135,"column":2},"end":{"line":135,"column":3}},"loc":{"start":{"line":135,"column":18},"end":{"line":142,"column":3}},"line":135},"16":{"name":"(anonymous_16)","decl":{"start":{"line":144,"column":2},"end":{"line":144,"column":3}},"loc":{"start":{"line":144,"column":60},"end":{"line":179,"column":3}},"line":144},"17":{"name":"(anonymous_17)","decl":{"start":{"line":181,"column":2},"end":{"line":181,"column":3}},"loc":{"start":{"line":181,"column":32},"end":{"line":335,"column":3}},"line":181},"18":{"name":"(anonymous_18)","decl":{"start":{"line":316,"column":12},"end":{"line":316,"column":13}},"loc":{"start":{"line":316,"column":23},"end":{"line":322,"column":7}},"line":316},"19":{"name":"(anonymous_19)","decl":{"start":{"line":323,"column":13},"end":{"line":323,"column":14}},"loc":{"start":{"line":323,"column":20},"end":{"line":325,"column":7}},"line":323}},"branchMap":{"0":{"loc":{"start":{"line":22,"column":28},"end":{"line":22,"column":64}},"type":"binary-expr","locations":[{"start":{"line":22,"column":28},"end":{"line":22,"column":55}},{"start":{"line":22,"column":59},"end":{"line":22,"column":64}}],"line":22},"1":{"loc":{"start":{"line":23,"column":37},"end":{"line":23,"column":74}},"type":"binary-expr","locations":[{"start":{"line":23,"column":37},"end":{"line":23,"column":66}},{"start":{"line":23,"column":70},"end":{"line":23,"column":74}}],"line":23},"2":{"loc":{"start":{"line":24,"column":35},"end":{"line":24,"column":78}},"type":"binary-expr","locations":[{"start":{"line":24,"column":35},"end":{"line":24,"column":69}},{"start":{"line":24,"column":73},"end":{"line":24,"column":78}}],"line":24},"3":{"loc":{"start":{"line":35,"column":6},"end":{"line":42,"column":7}},"type":"if","locations":[{"start":{"line":35,"column":6},"end":{"line":42,"column":7}},{"start":{"line":40,"column":13},"end":{"line":42,"column":7}}],"line":35},"4":{"loc":{"start":{"line":47,"column":11},"end":{"line":47,"column":25}},"type":"binary-expr","locations":[{"start":{"line":47,"column":11},"end":{"line":47,"column":18}},{"start":{"line":47,"column":22},"end":{"line":47,"column":25}}],"line":47},"5":{"loc":{"start":{"line":51,"column":19},"end":{"line":51,"column":43}},"type":"binary-expr","locations":[{"start":{"line":51,"column":19},"end":{"line":51,"column":37}},{"start":{"line":51,"column":41},"end":{"line":51,"column":43}}],"line":51},"6":{"loc":{"start":{"line":52,"column":4},"end":{"line":52,"column":71}},"type":"if","locations":[{"start":{"line":52,"column":4},"end":{"line":52,"column":71}},{"start":{},"end":{}}],"line":52},"7":{"loc":{"start":{"line":58,"column":4},"end":{"line":58,"column":72}},"type":"if","locations":[{"start":{"line":58,"column":4},"end":{"line":58,"column":72}},{"start":{},"end":{}}],"line":58},"8":{"loc":{"start":{"line":58,"column":8},"end":{"line":58,"column":58}},"type":"binary-expr","locations":[{"start":{"line":58,"column":8},"end":{"line":58,"column":33}},{"start":{"line":58,"column":37},"end":{"line":58,"column":58}}],"line":58},"9":{"loc":{"start":{"line":61,"column":4},"end":{"line":61,"column":39}},"type":"if","locations":[{"start":{"line":61,"column":4},"end":{"line":61,"column":39}},{"start":{},"end":{}}],"line":61},"10":{"loc":{"start":{"line":65,"column":31},"end":{"line":65,"column":51}},"type":"default-arg","locations":[{"start":{"line":65,"column":47},"end":{"line":65,"column":51}}],"line":65},"11":{"loc":{"start":{"line":69,"column":27},"end":{"line":69,"column":87}},"type":"binary-expr","locations":[{"start":{"line":69,"column":27},"end":{"line":69,"column":53}},{"start":{"line":69,"column":57},"end":{"line":69,"column":87}}],"line":69},"12":{"loc":{"start":{"line":70,"column":29},"end":{"line":70,"column":104}},"type":"binary-expr","locations":[{"start":{"line":70,"column":29},"end":{"line":70,"column":59}},{"start":{"line":70,"column":63},"end":{"line":70,"column":95}},{"start":{"line":70,"column":99},"end":{"line":70,"column":104}}],"line":70},"13":{"loc":{"start":{"line":72,"column":4},"end":{"line":88,"column":5}},"type":"if","locations":[{"start":{"line":72,"column":4},"end":{"line":88,"column":5}},{"start":{"line":81,"column":11},"end":{"line":88,"column":5}}],"line":72},"14":{"loc":{"start":{"line":72,"column":8},"end":{"line":72,"column":51}},"type":"binary-expr","locations":[{"start":{"line":72,"column":8},"end":{"line":72,"column":22}},{"start":{"line":72,"column":26},"end":{"line":72,"column":51}}],"line":72},"15":{"loc":{"start":{"line":74,"column":6},"end":{"line":80,"column":7}},"type":"if","locations":[{"start":{"line":74,"column":6},"end":{"line":80,"column":7}},{"start":{"line":77,"column":13},"end":{"line":80,"column":7}}],"line":74},"16":{"loc":{"start":{"line":74,"column":10},"end":{"line":74,"column":51}},"type":"binary-expr","locations":[{"start":{"line":74,"column":10},"end":{"line":74,"column":16}},{"start":{"line":74,"column":20},"end":{"line":74,"column":51}}],"line":74},"17":{"loc":{"start":{"line":81,"column":11},"end":{"line":88,"column":5}},"type":"if","locations":[{"start":{"line":81,"column":11},"end":{"line":88,"column":5}},{"start":{"line":85,"column":11},"end":{"line":88,"column":5}}],"line":81},"18":{"loc":{"start":{"line":81,"column":15},"end":{"line":81,"column":41}},"type":"binary-expr","locations":[{"start":{"line":81,"column":15},"end":{"line":81,"column":31}},{"start":{"line":81,"column":35},"end":{"line":81,"column":41}}],"line":81},"19":{"loc":{"start":{"line":98,"column":4},"end":{"line":100,"column":5}},"type":"if","locations":[{"start":{"line":98,"column":4},"end":{"line":100,"column":5}},{"start":{},"end":{}}],"line":98},"20":{"loc":{"start":{"line":98,"column":8},"end":{"line":98,"column":54}},"type":"binary-expr","locations":[{"start":{"line":98,"column":8},"end":{"line":98,"column":27}},{"start":{"line":98,"column":31},"end":{"line":98,"column":54}}],"line":98},"21":{"loc":{"start":{"line":107,"column":58},"end":{"line":107,"column":74}},"type":"default-arg","locations":[{"start":{"line":107,"column":73},"end":{"line":107,"column":74}}],"line":107},"22":{"loc":{"start":{"line":107,"column":76},"end":{"line":107,"column":92}},"type":"default-arg","locations":[{"start":{"line":107,"column":88},"end":{"line":107,"column":92}}],"line":107},"23":{"loc":{"start":{"line":107,"column":94},"end":{"line":107,"column":114}},"type":"default-arg","locations":[{"start":{"line":107,"column":110},"end":{"line":107,"column":114}}],"line":107},"24":{"loc":{"start":{"line":116,"column":4},"end":{"line":118,"column":5}},"type":"if","locations":[{"start":{"line":116,"column":4},"end":{"line":118,"column":5}},{"start":{},"end":{}}],"line":116},"25":{"loc":{"start":{"line":120,"column":4},"end":{"line":123,"column":5}},"type":"if","locations":[{"start":{"line":120,"column":4},"end":{"line":123,"column":5}},{"start":{},"end":{}}],"line":120},"26":{"loc":{"start":{"line":128,"column":4},"end":{"line":132,"column":5}},"type":"if","locations":[{"start":{"line":128,"column":4},"end":{"line":132,"column":5}},{"start":{"line":130,"column":11},"end":{"line":132,"column":5}}],"line":128},"27":{"loc":{"start":{"line":145,"column":36},"end":{"line":145,"column":65}},"type":"binary-expr","locations":[{"start":{"line":145,"column":36},"end":{"line":145,"column":48}},{"start":{"line":145,"column":52},"end":{"line":145,"column":65}}],"line":145},"28":{"loc":{"start":{"line":146,"column":36},"end":{"line":146,"column":61}},"type":"binary-expr","locations":[{"start":{"line":146,"column":36},"end":{"line":146,"column":48}},{"start":{"line":146,"column":52},"end":{"line":146,"column":61}}],"line":146},"29":{"loc":{"start":{"line":148,"column":24},"end":{"line":148,"column":103}},"type":"cond-expr","locations":[{"start":{"line":148,"column":43},"end":{"line":148,"column":98}},{"start":{"line":148,"column":101},"end":{"line":148,"column":103}}],"line":148},"30":{"loc":{"start":{"line":150,"column":4},"end":{"line":162,"column":5}},"type":"if","locations":[{"start":{"line":150,"column":4},"end":{"line":162,"column":5}},{"start":{},"end":{}}],"line":150},"31":{"loc":{"start":{"line":164,"column":20},"end":{"line":165,"column":94}},"type":"cond-expr","locations":[{"start":{"line":164,"column":41},"end":{"line":165,"column":89}},{"start":{"line":165,"column":92},"end":{"line":165,"column":94}}],"line":164},"32":{"loc":{"start":{"line":175,"column":2},"end":{"line":175,"column":110}},"type":"cond-expr","locations":[{"start":{"line":175,"column":21},"end":{"line":175,"column":105}},{"start":{"line":175,"column":108},"end":{"line":175,"column":110}}],"line":175},"33":{"loc":{"start":{"line":182,"column":4},"end":{"line":188,"column":5}},"type":"if","locations":[{"start":{"line":182,"column":4},"end":{"line":188,"column":5}},{"start":{},"end":{}}],"line":182},"34":{"loc":{"start":{"line":190,"column":4},"end":{"line":194,"column":5}},"type":"if","locations":[{"start":{"line":190,"column":4},"end":{"line":194,"column":5}},{"start":{},"end":{}}],"line":190},"35":{"loc":{"start":{"line":190,"column":8},"end":{"line":190,"column":55}},"type":"binary-expr","locations":[{"start":{"line":190,"column":8},"end":{"line":190,"column":30}},{"start":{"line":190,"column":34},"end":{"line":190,"column":55}}],"line":190},"36":{"loc":{"start":{"line":196,"column":4},"end":{"line":204,"column":5}},"type":"if","locations":[{"start":{"line":196,"column":4},"end":{"line":204,"column":5}},{"start":{},"end":{}}],"line":196},"37":{"loc":{"start":{"line":206,"column":4},"end":{"line":216,"column":5}},"type":"if","locations":[{"start":{"line":206,"column":4},"end":{"line":216,"column":5}},{"start":{},"end":{}}],"line":206},"38":{"loc":{"start":{"line":221,"column":4},"end":{"line":227,"column":5}},"type":"if","locations":[{"start":{"line":221,"column":4},"end":{"line":227,"column":5}},{"start":{},"end":{}}],"line":221},"39":{"loc":{"start":{"line":221,"column":8},"end":{"line":221,"column":46}},"type":"binary-expr","locations":[{"start":{"line":221,"column":8},"end":{"line":221,"column":24}},{"start":{"line":221,"column":28},"end":{"line":221,"column":46}}],"line":221},"40":{"loc":{"start":{"line":236,"column":4},"end":{"line":243,"column":5}},"type":"if","locations":[{"start":{"line":236,"column":4},"end":{"line":243,"column":5}},{"start":{},"end":{}}],"line":236},"41":{"loc":{"start":{"line":246,"column":24},"end":{"line":246,"column":59}},"type":"binary-expr","locations":[{"start":{"line":246,"column":24},"end":{"line":246,"column":54}},{"start":{"line":246,"column":58},"end":{"line":246,"column":59}}],"line":246},"42":{"loc":{"start":{"line":249,"column":4},"end":{"line":261,"column":5}},"type":"if","locations":[{"start":{"line":249,"column":4},"end":{"line":261,"column":5}},{"start":{},"end":{}}],"line":249},"43":{"loc":{"start":{"line":265,"column":4},"end":{"line":290,"column":5}},"type":"if","locations":[{"start":{"line":265,"column":4},"end":{"line":290,"column":5}},{"start":{},"end":{}}],"line":265},"44":{"loc":{"start":{"line":268,"column":6},"end":{"line":279,"column":7}},"type":"if","locations":[{"start":{"line":268,"column":6},"end":{"line":279,"column":7}},{"start":{},"end":{}}],"line":268},"45":{"loc":{"start":{"line":295,"column":4},"end":{"line":301,"column":5}},"type":"if","locations":[{"start":{"line":295,"column":4},"end":{"line":301,"column":5}},{"start":{},"end":{}}],"line":295},"46":{"loc":{"start":{"line":304,"column":4},"end":{"line":312,"column":5}},"type":"if","locations":[{"start":{"line":304,"column":4},"end":{"line":312,"column":5}},{"start":{},"end":{}}],"line":304},"47":{"loc":{"start":{"line":317,"column":8},"end":{"line":321,"column":9}},"type":"if","locations":[{"start":{"line":317,"column":8},"end":{"line":321,"column":9}},{"start":{"line":319,"column":15},"end":{"line":321,"column":9}}],"line":317}},"s":{"0":44,"1":44,"2":44,"3":44,"4":44,"5":44,"6":42,"7":43,"8":43,"9":40,"10":43,"11":43,"12":43,"13":43,"14":43,"15":43,"16":46,"17":46,"18":45,"19":45,"20":45,"21":1,"22":34,"23":34,"24":34,"25":26,"26":8,"27":13,"28":0,"29":13,"30":13,"31":0,"32":13,"33":35,"34":35,"35":35,"36":35,"37":3,"38":2,"39":2,"40":1,"41":32,"42":1,"43":1,"44":31,"45":35,"46":35,"47":35,"48":35,"49":32,"50":32,"51":31,"52":1,"53":34,"54":34,"55":34,"56":34,"57":13,"58":34,"59":23,"60":23,"61":34,"62":34,"63":34,"64":26,"65":8,"66":28,"67":9,"68":9,"69":9,"70":9,"71":9,"72":1,"73":8,"74":8,"75":40,"76":1,"77":1,"78":1,"79":1,"80":1,"81":39,"82":2,"83":2,"84":2,"85":37,"86":3,"87":3,"88":3,"89":3,"90":34,"91":0,"92":0,"93":0,"94":0,"95":0,"96":0,"97":0,"98":34,"99":34,"100":34,"101":2,"102":2,"103":2,"104":32,"105":32,"106":32,"107":32,"108":5,"109":5,"110":5,"111":27,"112":27,"113":27,"114":27,"115":13,"116":13,"117":13,"118":13,"119":13,"120":13,"121":13,"122":14,"123":14,"124":5,"125":5,"126":2,"127":2,"128":2,"129":2,"130":2,"131":3,"132":3,"133":3,"134":3,"135":9,"136":9,"137":9,"138":1,"139":1,"140":8,"141":1,"142":1,"143":1,"144":7,"145":6,"146":6,"147":0,"148":1,"149":7,"150":7,"151":7},"f":{"0":44,"1":42,"2":43,"3":43,"4":40,"5":43,"6":46,"7":46,"8":45,"9":34,"10":34,"11":13,"12":35,"13":32,"14":34,"15":28,"16":9,"17":40,"18":6,"19":1},"b":{"0":[43,43],"1":[43,43],"2":[43,43],"3":[45,1],"4":[34,0],"5":[34,7],"6":[26,8],"7":[0,13],"8":[13,13],"9":[0,13],"10":[1],"11":[35,34],"12":[35,34,33],"13":[3,32],"14":[35,3],"15":[2,1],"16":[3,3],"17":[1,31],"18":[32,1],"19":[31,1],"20":[32,31],"21":[2],"22":[2],"23":[2],"24":[13,21],"25":[23,11],"26":[26,8],"27":[9,0],"28":[9,0],"29":[7,2],"30":[1,8],"31":[7,1],"32":[7,1],"33":[1,39],"34":[2,37],"35":[39,38],"36":[3,34],"37":[0,34],"38":[2,32],"39":[34,33],"40":[5,27],"41":[27,0],"42":[13,14],"43":[5,9],"44":[2,3],"45":[1,8],"46":[1,7],"47":[6,0]},"inputSourceMap":null,"_coverageSchema":"1a1c01bbd47fc00a2c39e90264f33305004495a9","hash":"a27521f18031ad3368f294e9d057cd84e708f018"}
}
