TN:
SF:controller.js
FN:2,(anonymous_0)
FN:11,(anonymous_1)
FN:14,(anonymous_2)
FN:18,(anonymous_3)
FN:26,(anonymous_4)
FN:39,(anonymous_5)
FN:54,(anonymous_6)
FN:95,(anonymous_7)
FN:99,(anonymous_8)
FN:117,(anonymous_9)
FN:121,(anonymous_10)
FN:127,(anonymous_11)
FN:131,(anonymous_12)
FN:162,(anonymous_13)
FN:242,(anonymous_14)
FN:283,(anonymous_15)
FN:288,(anonymous_16)
FN:316,(anonymous_17)
FN:321,(anonymous_18)
FN:350,(anonymous_19)
FNF:20
FNH:17
FNDA:48,(anonymous_0)
FNDA:2,(anonymous_1)
FNDA:0,(anonymous_2)
FNDA:14,(anonymous_3)
FNDA:23,(anonymous_4)
FNDA:34,(anonymous_5)
FNDA:0,(anonymous_6)
FNDA:1,(anonymous_7)
FNDA:2,(anonymous_8)
FNDA:1,(anonymous_9)
FNDA:30,(anonymous_10)
FNDA:0,(anonymous_11)
FNDA:5,(anonymous_12)
FNDA:14,(anonymous_13)
FNDA:2,(anonymous_14)
FNDA:13,(anonymous_15)
FNDA:13,(anonymous_16)
FNDA:4,(anonymous_17)
FNDA:4,(anonymous_18)
FNDA:13,(anonymous_19)
DA:3,48
DA:4,48
DA:5,48
DA:6,48
DA:7,48
DA:8,48
DA:12,2
DA:13,2
DA:14,2
DA:15,2
DA:19,14
DA:20,2
DA:21,2
DA:23,14
DA:27,23
DA:28,23
DA:29,23
DA:31,22
DA:32,21
DA:35,1
DA:40,34
DA:41,34
DA:42,34
DA:44,34
DA:52,34
DA:53,34
DA:54,0
DA:56,34
DA:58,34
DA:61,34
DA:64,34
DA:67,34
DA:68,34
DA:71,34
DA:72,1
DA:73,1
DA:75,33
DA:76,33
DA:77,27
DA:78,27
DA:79,27
DA:84,34
DA:85,6
DA:86,6
DA:87,3
DA:88,3
DA:89,3
DA:94,34
DA:95,1
DA:96,1
DA:97,1
DA:98,1
DA:99,2
DA:100,1
DA:104,34
DA:105,2
DA:106,2
DA:110,32
DA:113,32
DA:114,32
DA:116,32
DA:117,1
DA:119,31
DA:120,31
DA:121,30
DA:122,27
DA:126,32
DA:127,0
DA:129,32
DA:130,32
DA:131,5
DA:132,5
DA:136,32
DA:137,1
DA:138,1
DA:142,31
DA:143,18
DA:144,18
DA:147,31
DA:148,31
DA:149,31
DA:151,31
DA:153,1
DA:156,30
DA:157,8
DA:158,8
DA:163,14
DA:165,14
DA:166,14
DA:167,13
DA:168,13
DA:169,13
DA:174,0
DA:179,14
DA:180,14
DA:181,3
DA:182,3
DA:183,3
DA:188,0
DA:192,14
DA:193,0
DA:194,0
DA:198,14
DA:206,14
DA:207,11
DA:208,11
DA:209,1
DA:210,1
DA:212,10
DA:213,10
DA:218,10
DA:225,10
DA:228,10
DA:230,3
DA:231,2
DA:238,2
DA:239,2
DA:241,1
DA:242,2
DA:248,1
DA:249,2
DA:250,2
DA:255,13
DA:256,12
DA:257,12
DA:258,12
DA:259,12
DA:260,12
DA:265,13
DA:266,3
DA:267,3
DA:268,3
DA:269,3
DA:270,3
DA:275,13
DA:276,13
DA:277,13
DA:279,0
DA:284,13
DA:287,13
DA:288,13
DA:290,13
DA:306,13
DA:313,13
DA:317,4
DA:320,4
DA:321,4
DA:322,4
DA:347,4
DA:351,13
DA:352,13
DA:353,1
DA:354,1
DA:357,12
DA:358,12
DA:360,12
DA:361,9
DA:367,8
DA:369,3
DA:370,2
DA:376,2
DA:378,1
DA:379,1
DA:381,1
DA:382,1
DA:383,1
DA:384,1
DA:385,1
DA:386,1
DA:387,1
DA:390,1
DA:391,1
DA:396,11
DA:397,11
DA:398,10
DA:399,10
DA:400,10
DA:401,10
DA:402,10
DA:407,11
DA:408,11
DA:409,3
DA:410,3
DA:411,3
DA:412,3
DA:413,3
DA:418,11
DA:419,11
DA:421,11
DA:422,11
DA:423,6
DA:424,5
DA:425,1
DA:427,11
DA:428,11
DA:430,1
DA:431,1
LF:197
LH:190
BRDA:7,0,0,48
BRDA:7,0,1,48
BRDA:8,1,0,48
BRDA:8,1,1,48
BRDA:19,2,0,2
BRDA:19,2,1,12
BRDA:41,3,0,34
BRDA:41,3,1,0
BRDA:42,4,0,34
BRDA:42,4,1,0
BRDA:45,5,0,34
BRDA:45,5,1,31
BRDA:45,5,2,30
BRDA:53,6,0,0
BRDA:53,6,1,34
BRDA:58,7,0,34
BRDA:58,7,1,33
BRDA:61,8,0,34
BRDA:61,8,1,33
BRDA:64,9,0,34
BRDA:64,9,1,0
BRDA:71,10,0,1
BRDA:71,10,1,33
BRDA:76,11,0,27
BRDA:76,11,1,6
BRDA:84,12,0,6
BRDA:84,12,1,28
BRDA:86,13,0,3
BRDA:86,13,1,3
BRDA:94,14,0,1
BRDA:94,14,1,33
BRDA:94,15,0,34
BRDA:94,15,1,3
BRDA:97,16,0,1
BRDA:97,16,1,0
BRDA:104,17,0,2
BRDA:104,17,1,32
BRDA:110,18,0,32
BRDA:110,18,1,32
BRDA:116,19,0,1
BRDA:116,19,1,31
BRDA:120,20,0,27
BRDA:120,20,1,4
BRDA:126,21,0,0
BRDA:126,21,1,32
BRDA:130,22,0,5
BRDA:130,22,1,27
BRDA:136,23,0,1
BRDA:136,23,1,31
BRDA:136,24,0,32
BRDA:136,24,1,4
BRDA:142,25,0,18
BRDA:142,25,1,13
BRDA:151,26,0,1
BRDA:151,26,1,30
BRDA:156,27,0,8
BRDA:156,27,1,22
BRDA:162,28,0,6
BRDA:168,29,0,13
BRDA:168,29,1,0
BRDA:182,30,0,3
BRDA:182,30,1,0
BRDA:192,31,0,0
BRDA:192,31,1,14
BRDA:192,32,0,14
BRDA:192,32,1,2
BRDA:202,33,0,14
BRDA:202,33,1,14
BRDA:203,34,0,14
BRDA:203,34,1,14
BRDA:206,35,0,11
BRDA:206,35,1,3
BRDA:208,36,0,1
BRDA:208,36,1,10
BRDA:230,37,0,2
BRDA:230,37,1,1
BRDA:241,38,0,1
BRDA:241,38,1,0
BRDA:257,39,0,12
BRDA:257,39,1,0
BRDA:267,40,0,3
BRDA:267,40,1,0
BRDA:276,41,0,1
BRDA:276,41,1,12
BRDA:287,42,0,13
BRDA:287,42,1,0
BRDA:320,43,0,4
BRDA:320,43,1,0
BRDA:332,44,0,4
BRDA:332,44,1,3
BRDA:352,45,0,1
BRDA:352,45,1,12
BRDA:358,46,0,12
BRDA:358,46,1,0
BRDA:360,47,0,9
BRDA:360,47,1,3
BRDA:360,48,0,12
BRDA:360,48,1,9
BRDA:369,49,0,2
BRDA:369,49,1,1
BRDA:369,50,0,3
BRDA:369,50,1,2
BRDA:378,51,0,1
BRDA:378,51,1,0
BRDA:378,52,0,1
BRDA:378,52,1,1
BRDA:386,53,0,1
BRDA:386,53,1,0
BRDA:396,54,0,11
BRDA:396,54,1,1
BRDA:396,55,0,1
BRDA:396,55,1,0
BRDA:399,56,0,10
BRDA:399,56,1,0
BRDA:407,57,0,11
BRDA:407,57,1,5
BRDA:410,58,0,3
BRDA:410,58,1,0
BRDA:422,59,0,6
BRDA:422,59,1,5
BRDA:424,60,0,1
BRDA:424,60,1,4
BRF:122
BRH:102
end_of_record
TN:
SF:index.js
FN:6,parseIntSafe
FN:18,parseOriginAllowlist
FN:20,(anonymous_2)
FN:37,main
FN:59,(anonymous_4)
FN:66,(anonymous_5)
FN:67,(anonymous_6)
FN:70,(anonymous_7)
FNF:8
FNH:0
FNDA:0,parseIntSafe
FNDA:0,parseOriginAllowlist
FNDA:0,(anonymous_2)
FNDA:0,main
FNDA:0,(anonymous_4)
FNDA:0,(anonymous_5)
FNDA:0,(anonymous_6)
FNDA:0,(anonymous_7)
DA:7,0
DA:8,0
DA:10,0
DA:11,0
DA:12,0
DA:13,0
DA:15,0
DA:19,0
DA:20,0
DA:23,0
DA:38,0
DA:39,0
DA:41,0
DA:42,0
DA:44,0
DA:47,0
DA:48,0
DA:49,0
DA:52,0
DA:53,0
DA:54,0
DA:56,0
DA:57,0
DA:59,0
DA:60,0
DA:61,0
DA:62,0
DA:63,0
DA:66,0
DA:67,0
DA:70,0
DA:71,0
DA:72,0
LF:33
LH:0
BRDA:7,0,0,0
BRDA:7,0,1,0
BRDA:7,1,0,0
BRDA:7,1,1,0
BRDA:7,1,2,0
BRDA:11,2,0,0
BRDA:11,2,1,0
BRDA:11,3,0,0
BRDA:11,3,1,0
BRDA:19,4,0,0
BRDA:19,4,1,0
BRDA:28,5,0,0
BRDA:28,5,1,0
BRDA:31,6,0,0
BRDA:31,6,1,0
BRDA:48,7,0,0
BRDA:48,7,1,0
BRF:17
BRH:0
end_of_record
TN:
SF:k8s.js
FN:4,(anonymous_0)
FN:12,(anonymous_1)
FN:27,(anonymous_2)
FN:32,(anonymous_3)
FN:42,(anonymous_4)
FN:53,(anonymous_5)
FN:63,(anonymous_6)
FN:74,(anonymous_7)
FN:90,(anonymous_8)
FN:104,(anonymous_9)
FN:116,(anonymous_10)
FN:143,(anonymous_11)
FN:149,(anonymous_12)
FN:171,(anonymous_13)
FN:195,(anonymous_14)
FN:209,(anonymous_15)
FN:219,(anonymous_16)
FN:224,(anonymous_17)
FN:228,(anonymous_18)
FN:233,(anonymous_19)
FN:239,(anonymous_20)
FN:255,(anonymous_21)
FN:270,(anonymous_22)
FN:282,(anonymous_23)
FN:303,(anonymous_24)
FN:313,(anonymous_25)
FN:338,(anonymous_26)
FN:347,(anonymous_27)
FN:363,(anonymous_28)
FNF:29
FNH:25
FNDA:38,(anonymous_0)
FNDA:38,(anonymous_1)
FNDA:1,(anonymous_2)
FNDA:0,(anonymous_3)
FNDA:0,(anonymous_4)
FNDA:7,(anonymous_5)
FNDA:1,(anonymous_6)
FNDA:2,(anonymous_7)
FNDA:0,(anonymous_8)
FNDA:1,(anonymous_9)
FNDA:6,(anonymous_10)
FNDA:2,(anonymous_11)
FNDA:2,(anonymous_12)
FNDA:4,(anonymous_13)
FNDA:3,(anonymous_14)
FNDA:1,(anonymous_15)
FNDA:1,(anonymous_16)
FNDA:1,(anonymous_17)
FNDA:1,(anonymous_18)
FNDA:4,(anonymous_19)
FNDA:1,(anonymous_20)
FNDA:3,(anonymous_21)
FNDA:0,(anonymous_22)
FNDA:2,(anonymous_23)
FNDA:4,(anonymous_24)
FNDA:3,(anonymous_25)
FNDA:4,(anonymous_26)
FNDA:3,(anonymous_27)
FNDA:2,(anonymous_28)
DA:5,38
DA:6,38
DA:7,38
DA:8,38
DA:9,38
DA:13,38
DA:14,38
DA:15,1
DA:17,37
DA:18,37
DA:21,38
DA:22,38
DA:23,38
DA:24,38
DA:28,1
DA:29,1
DA:33,0
DA:34,0
DA:35,0
DA:37,0
DA:38,0
DA:43,0
DA:50,0
DA:54,7
DA:55,7
DA:56,2
DA:58,5
DA:59,1
DA:64,1
DA:71,1
DA:75,2
DA:76,2
DA:83,1
DA:85,1
DA:86,0
DA:91,0
DA:101,0
DA:105,1
DA:113,1
DA:117,6
DA:119,6
DA:121,4
DA:122,3
DA:124,1
DA:125,1
DA:127,0
DA:128,0
DA:130,0
DA:131,0
DA:133,1
DA:134,1
DA:136,4
DA:138,1
DA:139,0
DA:144,2
DA:145,2
DA:146,1
DA:150,2
DA:151,2
DA:153,2
DA:155,1
DA:156,1
DA:158,0
DA:159,0
DA:161,0
DA:162,0
DA:164,0
DA:165,0
DA:167,1
DA:172,4
DA:173,2
DA:176,2
DA:177,2
DA:178,3
DA:179,3
DA:180,3
DA:182,2
DA:183,2
DA:185,1
DA:186,1
DA:188,0
DA:189,0
DA:192,3
DA:193,3
DA:194,3
DA:195,3
DA:197,3
DA:198,2
DA:202,0
DA:206,0
DA:210,1
DA:211,1
DA:212,1
DA:214,0
DA:215,0
DA:220,1
DA:221,1
DA:225,1
DA:229,1
DA:230,1
DA:234,4
DA:235,4
DA:240,1
DA:241,1
DA:248,1
DA:250,0
DA:251,0
DA:256,3
DA:257,3
DA:263,2
DA:265,1
DA:266,0
DA:271,0
DA:279,0
DA:283,2
DA:284,2
DA:286,2
DA:287,2
DA:288,2
DA:289,2
DA:290,2
DA:291,2
DA:292,1
DA:293,1
DA:296,2
DA:300,2
DA:304,4
DA:310,4
DA:314,3
DA:315,3
DA:317,3
DA:318,3
DA:319,3
DA:320,3
DA:321,3
DA:322,3
DA:323,3
DA:327,2
DA:328,2
DA:331,3
DA:335,3
DA:340,4
DA:341,4
DA:342,1
DA:346,3
DA:347,3
DA:348,3
DA:349,1
DA:353,2
DA:354,1
DA:355,1
DA:356,1
DA:358,1
DA:359,1
DA:361,1
DA:362,1
DA:363,2
DA:366,1
DA:367,1
DA:372,1
LF:160
LH:128
BRDA:37,0,0,0
BRDA:37,0,1,0
BRDA:58,1,0,4
BRDA:58,1,1,1
BRDA:85,2,0,1
BRDA:85,2,1,0
BRDA:119,3,0,4
BRDA:119,3,1,1
BRDA:119,3,2,0
BRDA:119,3,3,0
BRDA:119,3,4,1
BRDA:138,4,0,1
BRDA:138,4,1,0
BRDA:145,5,0,1
BRDA:145,5,1,1
BRDA:146,6,0,1
BRDA:146,6,1,0
BRDA:153,7,0,1
BRDA:153,7,1,0
BRDA:153,7,2,0
BRDA:153,7,3,0
BRDA:153,7,4,1
BRDA:172,8,0,2
BRDA:172,8,1,2
BRDA:172,9,0,4
BRDA:172,9,1,3
BRDA:180,10,0,2
BRDA:180,10,1,1
BRDA:180,10,2,0
BRDA:193,11,0,3
BRDA:193,11,1,0
BRDA:197,12,0,2
BRDA:197,12,1,1
BRDA:198,13,0,2
BRDA:198,13,1,0
BRDA:214,14,0,0
BRDA:214,14,1,0
BRDA:250,15,0,0
BRDA:250,15,1,0
BRDA:263,16,0,2
BRDA:263,16,1,0
BRDA:265,17,0,1
BRDA:265,17,1,0
BRDA:287,18,0,2
BRDA:287,18,1,0
BRDA:289,19,0,2
BRDA:289,19,1,0
BRDA:291,20,0,1
BRDA:291,20,1,1
BRDA:291,21,0,2
BRDA:291,21,1,1
BRDA:296,22,0,1
BRDA:296,22,1,1
BRDA:310,23,0,4
BRDA:310,23,1,0
BRDA:318,24,0,3
BRDA:318,24,1,0
BRDA:320,25,0,3
BRDA:320,25,1,0
BRDA:323,26,0,2
BRDA:323,26,1,1
BRDA:323,27,0,3
BRDA:323,27,1,2
BRDA:323,27,2,2
BRDA:323,27,3,2
BRDA:331,28,0,2
BRDA:331,28,1,1
BRDA:341,29,0,1
BRDA:341,29,1,3
BRDA:348,30,0,1
BRDA:348,30,1,2
BRDA:353,31,0,1
BRDA:353,31,1,1
BRDA:353,32,0,2
BRDA:353,32,1,2
BRDA:356,33,0,0
BRDA:356,33,1,1
BRDA:359,34,0,0
BRDA:359,34,1,1
BRDA:361,35,0,1
BRDA:361,35,1,0
BRDA:366,36,0,1
BRDA:366,36,1,0
BRF:83
BRH:55
end_of_record
TN:
SF:store.js
FN:5,(anonymous_0)
FN:12,(anonymous_1)
FN:16,(anonymous_2)
FN:20,(anonymous_3)
FN:30,(anonymous_4)
FN:34,(anonymous_5)
FN:38,(anonymous_6)
FN:42,(anonymous_7)
FN:62,(anonymous_8)
FN:66,(anonymous_9)
FN:80,(anonymous_10)
FN:119,(anonymous_11)
FN:120,(anonymous_12)
FN:126,(anonymous_13)
FN:127,(anonymous_14)
FN:133,(anonymous_15)
FN:138,(anonymous_16)
FN:145,(anonymous_17)
FNF:18
FNH:17
FNDA:114,(anonymous_0)
FNDA:0,(anonymous_1)
FNDA:350,(anonymous_2)
FNDA:17,(anonymous_3)
FNDA:49,(anonymous_4)
FNDA:76,(anonymous_5)
FNDA:85,(anonymous_6)
FNDA:59,(anonymous_7)
FNDA:52,(anonymous_8)
FNDA:14,(anonymous_9)
FNDA:2,(anonymous_10)
FNDA:7,(anonymous_11)
FNDA:6,(anonymous_12)
FNDA:8,(anonymous_13)
FNDA:7,(anonymous_14)
FNDA:1,(anonymous_15)
FNDA:1,(anonymous_16)
FNDA:3,(anonymous_17)
DA:1,4
DA:2,4
DA:6,114
DA:7,114
DA:8,114
DA:9,114
DA:13,0
DA:17,350
DA:21,17
DA:22,17
DA:23,2
DA:24,2
DA:25,1
DA:27,15
DA:31,49
DA:35,76
DA:39,85
DA:43,59
DA:48,59
DA:50,59
DA:51,3
DA:52,3
DA:53,3
DA:57,1
DA:63,52
DA:67,14
DA:69,14
DA:70,1
DA:71,1
DA:75,0
DA:81,2
DA:82,0
DA:83,0
DA:86,2
DA:87,2
DA:88,2
DA:89,2
DA:91,2
DA:92,3
DA:93,3
DA:94,3
DA:96,3
DA:97,2
DA:98,2
DA:99,1
DA:100,1
DA:101,1
DA:103,1
DA:108,2
DA:109,1
DA:112,2
DA:114,0
DA:115,0
DA:120,7
DA:121,6
DA:122,6
DA:127,8
DA:128,7
DA:129,7
DA:134,1
DA:135,1
DA:139,1
DA:146,3
DA:147,2
DA:149,3
DA:150,1
LF:66
LH:60
BRDA:5,0,0,108
BRDA:5,1,0,108
BRDA:22,2,0,2
BRDA:22,2,1,15
BRDA:24,3,0,1
BRDA:24,3,1,1
BRDA:50,4,0,3
BRDA:50,4,1,56
BRDA:69,5,0,1
BRDA:69,5,1,13
BRDA:81,6,0,0
BRDA:81,6,1,2
BRDA:93,7,0,3
BRDA:93,7,1,0
BRDA:96,8,0,2
BRDA:96,8,1,1
BRDA:108,9,0,1
BRDA:108,9,1,1
BRDA:146,10,0,2
BRDA:146,10,1,1
BRDA:149,11,0,1
BRDA:149,11,1,2
BRF:22
BRH:20
end_of_record
TN:
SF:tarpit.js
FN:4,(anonymous_0)
FN:22,(anonymous_1)
FN:26,(anonymous_2)
FN:33,(anonymous_3)
FN:46,(anonymous_4)
FN:79,(anonymous_5)
FN:85,(anonymous_6)
FNF:7
FNH:7
FNDA:87,(anonymous_0)
FNDA:36,(anonymous_1)
FNDA:25,(anonymous_2)
FNDA:39,(anonymous_3)
FNDA:28,(anonymous_4)
FNDA:29,(anonymous_5)
FNDA:13,(anonymous_6)
DA:5,87
DA:6,87
DA:7,1
DA:12,1
DA:13,1
DA:15,86
DA:16,86
DA:18,87
DA:19,87
DA:23,36
DA:24,36
DA:26,21
DA:27,25
DA:28,25
DA:30,21
DA:34,39
DA:39,39
DA:40,39
DA:42,39
DA:43,39
DA:47,28
DA:49,25
DA:50,25
DA:51,21
DA:53,21
DA:54,2
DA:57,19
DA:58,19
DA:60,19
DA:61,19
DA:63,19
DA:64,4
DA:67,15
DA:68,15
DA:69,4
DA:70,4
DA:73,11
DA:75,4
DA:80,29
DA:81,29
DA:82,29
DA:86,13
LF:42
LH:42
BRDA:5,0,0,87
BRDA:5,0,1,1
BRDA:6,1,0,1
BRDA:6,1,1,86
BRDA:18,2,0,87
BRDA:18,2,1,16
BRDA:19,3,0,87
BRDA:19,3,1,30
BRDA:24,4,0,15
BRDA:24,4,1,21
BRDA:28,5,0,25
BRDA:28,5,1,0
BRDA:47,6,0,3
BRDA:47,6,1,25
BRDA:53,7,0,2
BRDA:53,7,1,19
BRDA:53,8,0,21
BRDA:53,8,1,20
BRDA:63,9,0,4
BRDA:63,9,1,15
BRDA:63,10,0,19
BRDA:63,10,1,19
BRDA:68,11,0,4
BRDA:68,11,1,11
BRDA:80,12,0,29
BRDA:80,12,1,13
BRF:26
BRH:25
end_of_record
TN:
SF:wakeup-server.js
FN:5,(anonymous_0)
FN:14,(anonymous_1)
FN:18,(anonymous_2)
FN:19,(anonymous_3)
FN:20,(anonymous_4)
FN:22,(anonymous_5)
FN:29,(anonymous_6)
FN:30,(anonymous_7)
FN:32,(anonymous_8)
FN:42,(anonymous_9)
FN:46,(anonymous_10)
FN:52,(anonymous_11)
FN:82,(anonymous_12)
FN:93,(anonymous_13)
FN:121,(anonymous_14)
FN:157,(anonymous_15)
FN:263,(anonymous_16)
FN:264,(anonymous_17)
FNF:18
FNH:18
FNDA:40,(anonymous_0)
FNDA:38,(anonymous_1)
FNDA:39,(anonymous_2)
FNDA:39,(anonymous_3)
FNDA:38,(anonymous_4)
FNDA:39,(anonymous_5)
FNDA:42,(anonymous_6)
FNDA:42,(anonymous_7)
FNDA:41,(anonymous_8)
FNDA:32,(anonymous_9)
FNDA:32,(anonymous_10)
FNDA:33,(anonymous_11)
FNDA:30,(anonymous_12)
FNDA:32,(anonymous_13)
FNDA:8,(anonymous_14)
FNDA:38,(anonymous_15)
FNDA:8,(anonymous_16)
FNDA:1,(anonymous_17)
DA:6,40
DA:7,40
DA:8,40
DA:9,40
DA:10,40
DA:11,40
DA:15,38
DA:19,39
DA:20,39
DA:22,39
DA:23,39
DA:24,39
DA:30,42
DA:31,42
DA:32,41
DA:33,41
DA:34,41
DA:37,1
DA:43,32
DA:47,32
DA:48,32
DA:49,8
DA:53,33
DA:56,33
DA:57,33
DA:59,33
DA:61,2
DA:62,1
DA:63,1
DA:66,1
DA:68,31
DA:70,0
DA:71,0
DA:74,31
DA:77,33
DA:78,33
DA:79,33
DA:83,30
DA:84,30
DA:85,30
DA:87,0
DA:94,32
DA:95,32
DA:97,32
DA:102,32
DA:103,11
DA:106,32
DA:107,19
DA:108,19
DA:111,32
DA:112,32
DA:114,32
DA:115,24
DA:117,8
DA:122,8
DA:123,8
DA:124,8
DA:126,8
DA:127,1
DA:140,7
DA:143,7
DA:158,38
DA:159,1
DA:160,1
DA:161,1
DA:162,1
DA:163,1
DA:166,37
DA:167,2
DA:168,2
DA:169,2
DA:172,35
DA:173,3
DA:177,3
DA:178,3
DA:179,3
DA:182,32
DA:183,32
DA:185,32
DA:186,2
DA:187,2
DA:190,2
DA:193,30
DA:196,30
DA:198,30
DA:199,5
DA:200,5
DA:204,5
DA:207,25
DA:208,25
DA:209,25
DA:211,25
DA:212,11
DA:213,11
DA:214,11
DA:219,11
DA:222,14
DA:224,14
DA:225,5
DA:227,5
DA:228,2
DA:229,2
DA:235,2
DA:238,3
DA:244,3
DA:247,9
DA:249,9
DA:250,1
DA:254,1
DA:257,8
DA:258,8
DA:260,8
DA:261,8
DA:264,8
DA:268,1
DA:269,1
DA:274,1
DA:277,7
DA:278,6
DA:283,6
DA:285,1
LF:121
LH:118
BRDA:31,0,0,41
BRDA:31,0,1,1
BRDA:43,1,0,32
BRDA:43,1,1,0
BRDA:47,2,0,32
BRDA:47,2,1,7
BRDA:48,3,0,24
BRDA:48,3,1,8
BRDA:52,4,0,1
BRDA:56,5,0,33
BRDA:56,5,1,33
BRDA:57,6,0,33
BRDA:57,6,1,33
BRDA:57,6,2,33
BRDA:59,7,0,2
BRDA:59,7,1,31
BRDA:59,8,0,33
BRDA:59,8,1,2
BRDA:61,9,0,1
BRDA:61,9,1,1
BRDA:61,10,0,2
BRDA:61,10,1,2
BRDA:68,11,0,0
BRDA:68,11,1,31
BRDA:68,12,0,31
BRDA:68,12,1,0
BRDA:84,13,0,30
BRDA:84,13,1,0
BRDA:84,14,0,30
BRDA:84,14,1,30
BRDA:93,15,0,2
BRDA:93,16,0,2
BRDA:93,17,0,2
BRDA:102,18,0,11
BRDA:102,18,1,21
BRDA:106,19,0,19
BRDA:106,19,1,13
BRDA:114,20,0,24
BRDA:114,20,1,8
BRDA:122,21,0,8
BRDA:122,21,1,0
BRDA:123,22,0,8
BRDA:123,22,1,0
BRDA:124,23,0,7
BRDA:124,23,1,1
BRDA:126,24,0,1
BRDA:126,24,1,7
BRDA:140,25,0,7
BRDA:140,25,1,0
BRDA:151,26,0,7
BRDA:151,26,1,0
BRDA:158,27,0,1
BRDA:158,27,1,37
BRDA:166,28,0,2
BRDA:166,28,1,35
BRDA:166,29,0,37
BRDA:166,29,1,36
BRDA:172,30,0,3
BRDA:172,30,1,32
BRDA:185,31,0,2
BRDA:185,31,1,30
BRDA:185,32,0,32
BRDA:185,32,1,31
BRDA:198,33,0,5
BRDA:198,33,1,25
BRDA:208,34,0,25
BRDA:208,34,1,0
BRDA:211,35,0,11
BRDA:211,35,1,14
BRDA:224,36,0,5
BRDA:224,36,1,9
BRDA:227,37,0,2
BRDA:227,37,1,3
BRDA:249,38,0,1
BRDA:249,38,1,8
BRDA:257,39,0,8
BRDA:257,39,1,0
BRDA:277,40,0,6
BRDA:277,40,1,1
BRF:79
BRH:69
end_of_record
