TN:
SF:controller.js
FN:2,(anonymous_0)
FN:18,(anonymous_1)
FN:22,(anonymous_2)
FN:32,(anonymous_3)
FN:35,(anonymous_4)
FN:39,(anonymous_5)
FN:60,(anonymous_6)
FN:66,(anonymous_7)
FN:81,(anonymous_8)
FN:99,(anonymous_9)
FN:144,(anonymous_10)
FN:148,(anonymous_11)
FN:168,(anonymous_12)
FN:172,(anonymous_13)
FN:180,(anonymous_14)
FN:184,(anonymous_15)
FN:217,(anonymous_16)
FN:264,(anonymous_17)
FN:269,(anonymous_18)
FN:317,(anonymous_19)
FN:366,(anonymous_20)
FN:371,(anonymous_21)
FN:399,(anonymous_22)
FN:404,(anonymous_23)
FN:433,(anonymous_24)
FNF:25
FNH:22
FNDA:54,(anonymous_0)
FNDA:7,(anonymous_1)
FNDA:63,(anonymous_2)
FNDA:2,(anonymous_3)
FNDA:0,(anonymous_4)
FNDA:16,(anonymous_5)
FNDA:23,(anonymous_6)
FNDA:21,(anonymous_7)
FNDA:34,(anonymous_8)
FNDA:0,(anonymous_9)
FNDA:1,(anonymous_10)
FNDA:2,(anonymous_11)
FNDA:1,(anonymous_12)
FNDA:30,(anonymous_13)
FNDA:0,(anonymous_14)
FNDA:5,(anonymous_15)
FNDA:14,(anonymous_16)
FNDA:13,(anonymous_17)
FNDA:3,(anonymous_18)
FNDA:2,(anonymous_19)
FNDA:13,(anonymous_20)
FNDA:13,(anonymous_21)
FNDA:4,(anonymous_22)
FNDA:4,(anonymous_23)
FNDA:15,(anonymous_24)
DA:3,54
DA:4,54
DA:5,54
DA:6,54
DA:7,54
DA:8,54
DA:9,54
DA:10,54
DA:11,54
DA:12,54
DA:13,54
DA:14,54
DA:15,54
DA:19,7
DA:23,63
DA:25,42
DA:26,0
DA:28,42
DA:29,42
DA:33,2
DA:34,2
DA:35,2
DA:36,2
DA:40,16
DA:41,2
DA:42,2
DA:46,16
DA:47,3
DA:48,3
DA:49,3
DA:50,2
DA:52,1
DA:55,16
DA:57,16
DA:61,23
DA:62,23
DA:63,23
DA:66,22
DA:67,21
DA:70,22
DA:71,21
DA:75,22
DA:77,1
DA:82,34
DA:83,34
DA:84,34
DA:86,34
DA:92,34
DA:93,0
DA:97,34
DA:98,34
DA:99,0
DA:101,34
DA:103,34
DA:106,34
DA:109,34
DA:112,34
DA:113,34
DA:116,34
DA:117,1
DA:118,1
DA:120,33
DA:121,33
DA:122,27
DA:123,27
DA:124,27
DA:125,18
DA:131,34
DA:132,6
DA:133,6
DA:134,3
DA:135,3
DA:136,3
DA:137,2
DA:143,34
DA:144,1
DA:145,1
DA:146,1
DA:147,1
DA:148,2
DA:149,1
DA:150,1
DA:155,34
DA:156,2
DA:157,2
DA:161,32
DA:164,32
DA:165,32
DA:167,32
DA:168,1
DA:170,31
DA:171,31
DA:172,30
DA:173,27
DA:174,18
DA:179,32
DA:180,0
DA:182,32
DA:183,32
DA:184,5
DA:185,5
DA:186,3
DA:191,32
DA:192,1
DA:193,1
DA:197,31
DA:198,18
DA:199,18
DA:202,31
DA:203,31
DA:204,31
DA:206,31
DA:208,1
DA:211,30
DA:212,8
DA:213,8
DA:218,14
DA:219,14
DA:220,0
DA:221,0
DA:225,14
DA:226,14
DA:227,14
DA:228,0
DA:229,0
DA:231,14
DA:233,14
DA:235,14
DA:237,14
DA:238,14
DA:239,13
DA:240,13
DA:241,13
DA:243,0
DA:248,14
DA:249,14
DA:250,3
DA:251,3
DA:252,3
DA:254,0
DA:258,14
DA:259,0
DA:260,0
DA:264,14
DA:269,14
DA:275,14
DA:284,14
DA:285,14
DA:286,11
DA:287,11
DA:288,1
DA:289,1
DA:291,10
DA:292,10
DA:293,10
DA:295,10
DA:300,10
DA:306,10
DA:308,3
DA:309,2
DA:314,2
DA:316,1
DA:317,2
DA:325,13
DA:326,12
DA:327,12
DA:328,12
DA:332,13
DA:333,3
DA:334,3
DA:335,3
DA:339,13
DA:340,12
DA:341,12
DA:342,12
DA:343,1
DA:344,1
DA:345,2
DA:346,2
DA:351,13
DA:352,13
DA:353,13
DA:355,0
DA:356,0
DA:357,0
DA:360,14
DA:361,14
DA:362,14
DA:367,13
DA:370,13
DA:371,13
DA:373,13
DA:389,13
DA:396,13
DA:400,4
DA:403,4
DA:404,4
DA:405,4
DA:430,4
DA:434,15
DA:436,15
DA:437,0
DA:438,0
DA:442,15
DA:443,15
DA:444,1
DA:445,1
DA:449,14
DA:450,14
DA:451,14
DA:452,0
DA:453,0
DA:455,14
DA:457,14
DA:459,14
DA:460,14
DA:462,14
DA:464,8
DA:465,8
DA:471,7
DA:473,6
DA:474,2
DA:480,2
DA:482,4
DA:483,1
DA:485,1
DA:486,1
DA:487,1
DA:488,1
DA:489,1
DA:490,1
DA:491,1
DA:494,1
DA:495,1
DA:500,13
DA:501,13
DA:502,11
DA:503,11
DA:505,11
DA:506,5
DA:507,6
DA:508,6
DA:510,11
DA:511,11
DA:516,13
DA:517,13
DA:518,4
DA:519,4
DA:521,4
DA:522,1
DA:523,3
DA:524,3
DA:526,4
DA:527,4
DA:532,13
DA:533,13
DA:535,13
DA:536,13
DA:537,9
DA:538,4
DA:539,1
DA:541,13
DA:542,13
DA:544,1
DA:545,1
DA:547,14
DA:548,14
DA:549,14
LF:268
LH:249
BRDA:7,0,0,54
BRDA:7,0,1,54
BRDA:8,1,0,54
BRDA:8,1,1,54
BRDA:9,2,0,54
BRDA:9,2,1,54
BRDA:10,3,0,54
BRDA:10,3,1,54
BRDA:11,4,0,54
BRDA:11,4,1,54
BRDA:23,5,0,21
BRDA:23,5,1,42
BRDA:25,6,0,0
BRDA:25,6,1,42
BRDA:40,7,0,2
BRDA:40,7,1,14
BRDA:83,8,0,34
BRDA:83,8,1,0
BRDA:84,9,0,34
BRDA:84,9,1,0
BRDA:87,10,0,34
BRDA:87,10,1,31
BRDA:87,10,2,30
BRDA:92,11,0,0
BRDA:92,11,1,34
BRDA:92,12,0,34
BRDA:92,12,1,34
BRDA:98,13,0,0
BRDA:98,13,1,34
BRDA:103,14,0,34
BRDA:103,14,1,33
BRDA:106,15,0,34
BRDA:106,15,1,33
BRDA:109,16,0,34
BRDA:109,16,1,0
BRDA:116,17,0,1
BRDA:116,17,1,33
BRDA:121,18,0,27
BRDA:121,18,1,6
BRDA:124,19,0,18
BRDA:124,19,1,9
BRDA:131,20,0,6
BRDA:131,20,1,28
BRDA:133,21,0,3
BRDA:133,21,1,3
BRDA:136,22,0,2
BRDA:136,22,1,1
BRDA:143,23,0,1
BRDA:143,23,1,33
BRDA:143,24,0,34
BRDA:143,24,1,3
BRDA:146,25,0,1
BRDA:146,25,1,0
BRDA:149,26,0,1
BRDA:149,26,1,0
BRDA:155,27,0,2
BRDA:155,27,1,32
BRDA:161,28,0,32
BRDA:161,28,1,32
BRDA:167,29,0,1
BRDA:167,29,1,31
BRDA:171,30,0,27
BRDA:171,30,1,4
BRDA:173,31,0,18
BRDA:173,31,1,9
BRDA:179,32,0,0
BRDA:179,32,1,32
BRDA:183,33,0,5
BRDA:183,33,1,27
BRDA:185,34,0,3
BRDA:185,34,1,2
BRDA:191,35,0,1
BRDA:191,35,1,31
BRDA:191,36,0,32
BRDA:191,36,1,4
BRDA:197,37,0,18
BRDA:197,37,1,13
BRDA:206,38,0,1
BRDA:206,38,1,30
BRDA:211,39,0,8
BRDA:211,39,1,22
BRDA:217,40,0,6
BRDA:219,41,0,0
BRDA:219,41,1,14
BRDA:227,42,0,0
BRDA:227,42,1,14
BRDA:240,43,0,13
BRDA:240,43,1,0
BRDA:251,44,0,3
BRDA:251,44,1,0
BRDA:258,45,0,0
BRDA:258,45,1,14
BRDA:258,46,0,14
BRDA:258,46,1,2
BRDA:266,47,0,12
BRDA:266,47,1,1
BRDA:271,48,0,3
BRDA:271,48,1,0
BRDA:279,49,0,14
BRDA:279,49,1,14
BRDA:280,50,0,14
BRDA:280,50,1,14
BRDA:285,51,0,11
BRDA:285,51,1,3
BRDA:287,52,0,1
BRDA:287,52,1,10
BRDA:293,53,0,10
BRDA:293,53,1,0
BRDA:308,54,0,2
BRDA:308,54,1,1
BRDA:316,55,0,1
BRDA:316,55,1,0
BRDA:339,56,0,12
BRDA:339,56,1,1
BRDA:339,57,0,13
BRDA:339,57,1,3
BRDA:341,58,0,10
BRDA:341,58,1,2
BRDA:343,59,0,1
BRDA:343,59,1,0
BRDA:352,60,0,1
BRDA:352,60,1,12
BRDA:356,61,0,0
BRDA:356,61,1,0
BRDA:370,62,0,13
BRDA:370,62,1,0
BRDA:403,63,0,4
BRDA:403,63,1,0
BRDA:415,64,0,4
BRDA:415,64,1,3
BRDA:436,65,0,0
BRDA:436,65,1,15
BRDA:443,66,0,1
BRDA:443,66,1,14
BRDA:451,67,0,0
BRDA:451,67,1,14
BRDA:460,68,0,14
BRDA:460,68,1,0
BRDA:462,69,0,8
BRDA:462,69,1,6
BRDA:462,70,0,14
BRDA:462,70,1,11
BRDA:464,71,0,8
BRDA:464,71,1,0
BRDA:464,71,2,0
BRDA:473,72,0,2
BRDA:473,72,1,4
BRDA:473,73,0,6
BRDA:473,73,1,2
BRDA:482,74,0,1
BRDA:482,74,1,3
BRDA:482,75,0,4
BRDA:482,75,1,1
BRDA:490,76,0,1
BRDA:490,76,1,0
BRDA:500,77,0,13
BRDA:500,77,1,1
BRDA:500,78,0,1
BRDA:500,78,1,0
BRDA:503,79,0,11
BRDA:503,79,1,0
BRDA:505,80,0,5
BRDA:505,80,1,6
BRDA:507,81,0,6
BRDA:507,81,1,0
BRDA:516,82,0,13
BRDA:516,82,1,6
BRDA:519,83,0,4
BRDA:519,83,1,0
BRDA:521,84,0,1
BRDA:521,84,1,3
BRDA:523,85,0,3
BRDA:523,85,1,0
BRDA:536,86,0,9
BRDA:536,86,1,4
BRDA:538,87,0,1
BRDA:538,87,1,3
BRF:177
BRH:144
end_of_record
TN:
SF:index.js
FN:6,parseIntSafe
FN:18,parseOriginAllowlist
FN:20,(anonymous_2)
FN:54,main
FN:80,(anonymous_4)
FN:82,(anonymous_5)
FN:99,(anonymous_6)
FN:100,(anonymous_7)
FN:101,(anonymous_8)
FN:107,(anonymous_9)
FNF:10
FNH:0
FNDA:0,parseIntSafe
FNDA:0,parseOriginAllowlist
FNDA:0,(anonymous_2)
FNDA:0,main
FNDA:0,(anonymous_4)
FNDA:0,(anonymous_5)
FNDA:0,(anonymous_6)
FNDA:0,(anonymous_7)
FNDA:0,(anonymous_8)
FNDA:0,(anonymous_9)
DA:7,0
DA:8,0
DA:10,0
DA:11,0
DA:12,0
DA:13,0
DA:15,0
DA:19,0
DA:20,0
DA:23,0
DA:55,0
DA:56,0
DA:60,0
DA:62,0
DA:63,0
DA:65,0
DA:68,0
DA:69,0
DA:70,0
DA:73,0
DA:74,0
DA:75,0
DA:77,0
DA:78,0
DA:80,0
DA:81,0
DA:82,0
DA:83,0
DA:84,0
DA:87,0
DA:88,0
DA:89,0
DA:90,0
DA:91,0
DA:93,0
DA:94,0
DA:95,0
DA:99,0
DA:100,0
DA:101,0
DA:102,0
DA:103,0
DA:107,0
DA:108,0
DA:109,0
LF:45
LH:0
BRDA:7,0,0,0
BRDA:7,0,1,0
BRDA:7,1,0,0
BRDA:7,1,1,0
BRDA:7,1,2,0
BRDA:11,2,0,0
BRDA:11,2,1,0
BRDA:11,3,0,0
BRDA:11,3,1,0
BRDA:19,4,0,0
BRDA:19,4,1,0
BRDA:27,5,0,0
BRDA:27,5,1,0
BRDA:30,6,0,0
BRDA:30,6,1,0
BRDA:31,7,0,0
BRDA:31,7,1,0
BRDA:45,8,0,0
BRDA:45,8,1,0
BRDA:58,9,0,0
BRDA:58,9,1,0
BRDA:69,10,0,0
BRDA:69,10,1,0
BRF:23
BRH:0
end_of_record
TN:
SF:k8s.js
FN:5,(anonymous_0)
FN:15,(anonymous_1)
FN:32,(anonymous_2)
FN:84,(anonymous_3)
FN:97,(anonymous_4)
FN:107,(anonymous_5)
FN:112,(anonymous_6)
FN:122,(anonymous_7)
FN:137,(anonymous_8)
FN:147,(anonymous_9)
FN:162,(anonymous_10)
FN:178,(anonymous_11)
FN:194,(anonymous_12)
FN:206,(anonymous_13)
FN:233,(anonymous_14)
FN:239,(anonymous_15)
FN:261,(anonymous_16)
FN:285,(anonymous_17)
FN:299,(anonymous_18)
FN:309,(anonymous_19)
FN:314,(anonymous_20)
FN:318,(anonymous_21)
FN:323,(anonymous_22)
FN:329,(anonymous_23)
FN:345,(anonymous_24)
FN:360,(anonymous_25)
FN:372,(anonymous_26)
FN:394,(anonymous_27)
FN:409,(anonymous_28)
FN:434,(anonymous_29)
FN:443,(anonymous_30)
FN:459,(anonymous_31)
FNF:32
FNH:28
FNDA:48,(anonymous_0)
FNDA:48,(anonymous_1)
FNDA:5,(anonymous_2)
FNDA:3,(anonymous_3)
FNDA:10,(anonymous_4)
FNDA:1,(anonymous_5)
FNDA:0,(anonymous_6)
FNDA:0,(anonymous_7)
FNDA:7,(anonymous_8)
FNDA:1,(anonymous_9)
FNDA:2,(anonymous_10)
FNDA:0,(anonymous_11)
FNDA:1,(anonymous_12)
FNDA:6,(anonymous_13)
FNDA:2,(anonymous_14)
FNDA:2,(anonymous_15)
FNDA:4,(anonymous_16)
FNDA:3,(anonymous_17)
FNDA:1,(anonymous_18)
FNDA:1,(anonymous_19)
FNDA:1,(anonymous_20)
FNDA:1,(anonymous_21)
FNDA:4,(anonymous_22)
FNDA:1,(anonymous_23)
FNDA:3,(anonymous_24)
FNDA:0,(anonymous_25)
FNDA:2,(anonymous_26)
FNDA:4,(anonymous_27)
FNDA:3,(anonymous_28)
FNDA:4,(anonymous_29)
FNDA:3,(anonymous_30)
FNDA:2,(anonymous_31)
DA:6,48
DA:7,48
DA:8,48
DA:9,48
DA:10,48
DA:11,48
DA:12,48
DA:16,48
DA:17,48
DA:18,1
DA:19,1
DA:21,47
DA:22,47
DA:25,48
DA:26,48
DA:27,48
DA:28,48
DA:29,48
DA:33,5
DA:34,5
DA:47,5
DA:48,5
DA:49,5
DA:50,3
DA:51,3
DA:53,3
DA:55,1
DA:56,1
DA:57,1
DA:58,2
DA:60,1
DA:61,1
DA:62,1
DA:63,1
DA:64,1
DA:65,1
DA:68,1
DA:71,2
DA:72,1
DA:74,1
DA:76,1
DA:79,0
DA:80,0
DA:85,3
DA:86,3
DA:87,3
DA:88,1
DA:91,0
DA:92,0
DA:98,10
DA:99,10
DA:100,6
DA:102,4
DA:103,0
DA:108,1
DA:109,1
DA:113,0
DA:114,0
DA:115,0
DA:117,0
DA:118,0
DA:123,0
DA:134,0
DA:138,7
DA:139,7
DA:140,2
DA:142,5
DA:143,1
DA:148,1
DA:159,1
DA:163,2
DA:164,2
DA:171,1
DA:173,1
DA:174,0
DA:179,0
DA:191,0
DA:195,1
DA:203,1
DA:207,6
DA:209,6
DA:211,4
DA:212,3
DA:214,1
DA:215,1
DA:217,0
DA:218,0
DA:220,0
DA:221,0
DA:223,1
DA:224,1
DA:226,4
DA:228,1
DA:229,0
DA:234,2
DA:235,2
DA:236,1
DA:240,2
DA:241,2
DA:243,2
DA:245,1
DA:246,1
DA:248,0
DA:249,0
DA:251,0
DA:252,0
DA:254,0
DA:255,0
DA:257,1
DA:262,4
DA:263,2
DA:266,2
DA:267,2
DA:268,3
DA:269,3
DA:270,3
DA:272,2
DA:273,2
DA:275,1
DA:276,1
DA:278,0
DA:279,0
DA:282,3
DA:283,3
DA:284,3
DA:285,3
DA:287,3
DA:288,2
DA:292,0
DA:296,0
DA:300,1
DA:301,1
DA:302,1
DA:304,0
DA:305,0
DA:310,1
DA:311,1
DA:315,1
DA:319,1
DA:320,1
DA:324,4
DA:325,4
DA:330,1
DA:331,1
DA:338,1
DA:340,0
DA:341,0
DA:346,3
DA:347,3
DA:353,2
DA:355,1
DA:356,0
DA:361,0
DA:369,0
DA:373,2
DA:374,2
DA:376,2
DA:377,2
DA:378,2
DA:379,2
DA:380,2
DA:382,2
DA:383,1
DA:384,1
DA:387,2
DA:391,2
DA:395,4
DA:396,4
DA:402,4
DA:404,0
DA:405,0
DA:410,3
DA:411,3
DA:413,3
DA:414,3
DA:415,3
DA:416,3
DA:417,3
DA:418,3
DA:419,3
DA:423,2
DA:424,2
DA:427,3
DA:431,3
DA:436,4
DA:437,4
DA:438,1
DA:442,3
DA:443,3
DA:444,3
DA:445,1
DA:449,2
DA:450,1
DA:451,1
DA:452,1
DA:454,1
DA:455,1
DA:457,1
DA:458,1
DA:459,2
DA:462,1
DA:463,1
DA:468,1
LF:203
LH:164
BRDA:12,0,0,48
BRDA:12,0,1,48
BRDA:17,1,0,1
BRDA:17,1,1,47
BRDA:32,2,0,0
BRDA:49,3,0,3
BRDA:49,3,1,2
BRDA:53,4,0,1
BRDA:53,4,1,2
BRDA:58,5,0,1
BRDA:58,5,1,1
BRDA:74,6,0,1
BRDA:74,6,1,0
BRDA:87,7,0,1
BRDA:87,7,1,2
BRDA:87,8,0,3
BRDA:87,8,1,2
BRDA:91,9,0,0
BRDA:91,9,1,0
BRDA:102,10,0,4
BRDA:102,10,1,0
BRDA:117,11,0,0
BRDA:117,11,1,0
BRDA:142,12,0,4
BRDA:142,12,1,1
BRDA:173,13,0,1
BRDA:173,13,1,0
BRDA:209,14,0,4
BRDA:209,14,1,1
BRDA:209,14,2,0
BRDA:209,14,3,0
BRDA:209,14,4,1
BRDA:228,15,0,1
BRDA:228,15,1,0
BRDA:235,16,0,1
BRDA:235,16,1,1
BRDA:236,17,0,1
BRDA:236,17,1,0
BRDA:243,18,0,1
BRDA:243,18,1,0
BRDA:243,18,2,0
BRDA:243,18,3,0
BRDA:243,18,4,1
BRDA:262,19,0,2
BRDA:262,19,1,2
BRDA:262,20,0,4
BRDA:262,20,1,3
BRDA:270,21,0,2
BRDA:270,21,1,1
BRDA:270,21,2,0
BRDA:283,22,0,3
BRDA:283,22,1,0
BRDA:287,23,0,2
BRDA:287,23,1,1
BRDA:288,24,0,2
BRDA:288,24,1,0
BRDA:304,25,0,0
BRDA:304,25,1,0
BRDA:340,26,0,0
BRDA:340,26,1,0
BRDA:353,27,0,2
BRDA:353,27,1,0
BRDA:355,28,0,1
BRDA:355,28,1,0
BRDA:377,29,0,2
BRDA:377,29,1,0
BRDA:379,30,0,2
BRDA:379,30,1,0
BRDA:382,31,0,1
BRDA:382,31,1,1
BRDA:382,32,0,2
BRDA:382,32,1,1
BRDA:382,32,2,1
BRDA:387,33,0,1
BRDA:387,33,1,1
BRDA:402,34,0,4
BRDA:402,34,1,0
BRDA:404,35,0,0
BRDA:404,35,1,0
BRDA:414,36,0,3
BRDA:414,36,1,0
BRDA:416,37,0,3
BRDA:416,37,1,0
BRDA:419,38,0,2
BRDA:419,38,1,1
BRDA:419,39,0,3
BRDA:419,39,1,2
BRDA:419,39,2,2
BRDA:419,39,3,2
BRDA:427,40,0,2
BRDA:427,40,1,1
BRDA:437,41,0,1
BRDA:437,41,1,3
BRDA:444,42,0,1
BRDA:444,42,1,2
BRDA:449,43,0,1
BRDA:449,43,1,1
BRDA:449,44,0,2
BRDA:449,44,1,2
BRDA:452,45,0,0
BRDA:452,45,1,1
BRDA:455,46,0,0
BRDA:455,46,1,1
BRDA:457,47,0,1
BRDA:457,47,1,0
BRDA:462,48,0,1
BRDA:462,48,1,0
BRF:107
BRH:72
end_of_record
TN:
SF:store.js
FN:5,(anonymous_0)
FN:12,(anonymous_1)
FN:16,(anonymous_2)
FN:20,(anonymous_3)
FN:30,(anonymous_4)
FN:34,(anonymous_5)
FN:38,(anonymous_6)
FN:42,(anonymous_7)
FN:52,(anonymous_8)
FN:56,(anonymous_9)
FN:75,(anonymous_10)
FN:88,(anonymous_11)
FN:112,(anonymous_12)
FN:116,(anonymous_13)
FN:130,(anonymous_14)
FN:144,(anonymous_15)
FN:183,(anonymous_16)
FN:184,(anonymous_17)
FN:190,(anonymous_18)
FN:191,(anonymous_19)
FN:197,(anonymous_20)
FN:202,(anonymous_21)
FN:209,(anonymous_22)
FNF:23
FNH:20
FNDA:122,(anonymous_0)
FNDA:0,(anonymous_1)
FNDA:357,(anonymous_2)
FNDA:17,(anonymous_3)
FNDA:51,(anonymous_4)
FNDA:76,(anonymous_5)
FNDA:0,(anonymous_6)
FNDA:22,(anonymous_7)
FNDA:55,(anonymous_8)
FNDA:30,(anonymous_9)
FNDA:0,(anonymous_10)
FNDA:60,(anonymous_11)
FNDA:39,(anonymous_12)
FNDA:15,(anonymous_13)
FNDA:16,(anonymous_14)
FNDA:2,(anonymous_15)
FNDA:7,(anonymous_16)
FNDA:6,(anonymous_17)
FNDA:8,(anonymous_18)
FNDA:7,(anonymous_19)
FNDA:1,(anonymous_20)
FNDA:1,(anonymous_21)
FNDA:3,(anonymous_22)
DA:1,4
DA:2,4
DA:6,122
DA:7,122
DA:8,122
DA:9,122
DA:13,0
DA:17,357
DA:21,17
DA:22,17
DA:23,2
DA:24,2
DA:25,1
DA:27,15
DA:31,51
DA:35,76
DA:39,0
DA:44,22
DA:45,22
DA:46,19
DA:47,0
DA:53,55
DA:57,30
DA:58,25
DA:61,5
DA:62,0
DA:63,0
DA:64,0
DA:65,0
DA:66,0
DA:72,5
DA:76,0
DA:77,0
DA:78,0
DA:79,0
DA:80,0
DA:81,0
DA:83,0
DA:84,0
DA:89,60
DA:94,60
DA:96,60
DA:97,3
DA:98,3
DA:100,3
DA:101,0
DA:103,3
DA:107,1
DA:113,39
DA:117,15
DA:118,15
DA:121,1
DA:122,0
DA:123,0
DA:124,0
DA:127,1
DA:131,16
DA:133,16
DA:134,1
DA:135,1
DA:139,0
DA:145,2
DA:146,0
DA:147,0
DA:150,2
DA:151,2
DA:152,2
DA:153,2
DA:155,2
DA:156,3
DA:157,3
DA:158,3
DA:160,3
DA:161,2
DA:162,2
DA:163,1
DA:164,1
DA:165,1
DA:167,1
DA:172,2
DA:173,1
DA:176,2
DA:178,0
DA:179,0
DA:184,7
DA:185,6
DA:186,6
DA:191,8
DA:192,7
DA:193,7
DA:198,1
DA:199,1
DA:203,1
DA:210,3
DA:211,2
DA:213,3
DA:214,1
LF:97
LH:72
BRDA:5,0,0,116
BRDA:5,1,0,116
BRDA:22,2,0,2
BRDA:22,2,1,15
BRDA:24,3,0,1
BRDA:24,3,1,1
BRDA:46,4,0,0
BRDA:46,4,1,19
BRDA:57,5,0,25
BRDA:57,5,1,5
BRDA:61,6,0,0
BRDA:61,6,1,5
BRDA:64,7,0,0
BRDA:64,7,1,0
BRDA:77,8,0,0
BRDA:77,8,1,0
BRDA:79,9,0,0
BRDA:79,9,1,0
BRDA:96,10,0,3
BRDA:96,10,1,57
BRDA:100,11,0,0
BRDA:100,11,1,3
BRDA:118,12,0,14
BRDA:118,12,1,1
BRDA:121,13,0,0
BRDA:121,13,1,1
BRDA:123,14,0,0
BRDA:123,14,1,0
BRDA:133,15,0,1
BRDA:133,15,1,15
BRDA:145,16,0,0
BRDA:145,16,1,2
BRDA:157,17,0,3
BRDA:157,17,1,0
BRDA:160,18,0,2
BRDA:160,18,1,1
BRDA:172,19,0,1
BRDA:172,19,1,1
BRDA:210,20,0,2
BRDA:210,20,1,1
BRDA:213,21,0,1
BRDA:213,21,1,2
BRF:42
BRH:28
end_of_record
TN:
SF:tarpit.js
FN:4,(anonymous_0)
FN:24,(anonymous_1)
FN:28,(anonymous_2)
FN:35,(anonymous_3)
FN:48,(anonymous_4)
FN:85,(anonymous_5)
FN:92,(anonymous_6)
FNF:7
FNH:7
FNDA:89,(anonymous_0)
FNDA:36,(anonymous_1)
FNDA:25,(anonymous_2)
FNDA:40,(anonymous_3)
FNDA:29,(anonymous_4)
FNDA:29,(anonymous_5)
FNDA:13,(anonymous_6)
DA:5,89
DA:6,89
DA:7,1
DA:12,1
DA:13,1
DA:15,88
DA:16,88
DA:18,89
DA:19,89
DA:20,89
DA:21,89
DA:25,36
DA:26,36
DA:28,21
DA:29,25
DA:30,25
DA:32,21
DA:36,40
DA:41,40
DA:42,40
DA:44,40
DA:45,40
DA:49,29
DA:51,26
DA:52,26
DA:53,22
DA:55,22
DA:56,2
DA:59,20
DA:60,20
DA:62,20
DA:63,20
DA:65,20
DA:66,4
DA:69,16
DA:70,16
DA:71,4
DA:72,4
DA:75,12
DA:76,1
DA:79,11
DA:81,4
DA:87,29
DA:88,29
DA:89,29
DA:93,13
DA:94,2
DA:97,11
LF:48
LH:48
BRDA:5,0,0,89
BRDA:5,0,1,1
BRDA:6,1,0,1
BRDA:6,1,1,88
BRDA:18,2,0,89
BRDA:18,2,1,16
BRDA:19,3,0,89
BRDA:19,3,1,31
BRDA:20,4,0,89
BRDA:20,4,1,89
BRDA:21,5,0,89
BRDA:21,5,1,88
BRDA:26,6,0,15
BRDA:26,6,1,21
BRDA:30,7,0,25
BRDA:30,7,1,0
BRDA:49,8,0,3
BRDA:49,8,1,26
BRDA:55,9,0,2
BRDA:55,9,1,20
BRDA:55,10,0,22
BRDA:55,10,1,21
BRDA:65,11,0,4
BRDA:65,11,1,16
BRDA:65,12,0,20
BRDA:65,12,1,20
BRDA:70,13,0,4
BRDA:70,13,1,12
BRDA:75,14,0,1
BRDA:75,14,1,11
BRDA:87,15,0,29
BRDA:87,15,1,13
BRDA:92,16,0,2
BRDA:93,17,0,2
BRDA:93,17,1,11
BRF:35
BRH:34
end_of_record
TN:
SF:wakeup-server.js
FN:5,(anonymous_0)
FN:14,(anonymous_1)
FN:18,(anonymous_2)
FN:19,(anonymous_3)
FN:20,(anonymous_4)
FN:25,(anonymous_5)
FN:32,(anonymous_6)
FN:33,(anonymous_7)
FN:35,(anonymous_8)
FN:45,(anonymous_9)
FN:49,(anonymous_10)
FN:55,(anonymous_11)
FN:64,(anonymous_12)
FN:95,(anonymous_13)
FN:106,(anonymous_14)
FN:134,(anonymous_15)
FN:143,(anonymous_16)
FN:180,(anonymous_17)
FN:296,(anonymous_18)
FN:303,(anonymous_19)
FNF:20
FNH:20
FNDA:41,(anonymous_0)
FNDA:39,(anonymous_1)
FNDA:40,(anonymous_2)
FNDA:40,(anonymous_3)
FNDA:38,(anonymous_4)
FNDA:40,(anonymous_5)
FNDA:43,(anonymous_6)
FNDA:43,(anonymous_7)
FNDA:42,(anonymous_8)
FNDA:32,(anonymous_9)
FNDA:32,(anonymous_10)
FNDA:11,(anonymous_11)
FNDA:33,(anonymous_12)
FNDA:30,(anonymous_13)
FNDA:32,(anonymous_14)
FNDA:28,(anonymous_15)
FNDA:9,(anonymous_16)
FNDA:38,(anonymous_17)
FNDA:6,(anonymous_18)
FNDA:1,(anonymous_19)
DA:6,41
DA:7,41
DA:8,41
DA:9,41
DA:10,41
DA:11,41
DA:15,39
DA:19,40
DA:20,40
DA:21,40
DA:22,40
DA:23,40
DA:25,40
DA:26,40
DA:27,40
DA:33,43
DA:34,43
DA:35,42
DA:36,42
DA:37,42
DA:40,1
DA:46,32
DA:50,32
DA:51,32
DA:52,8
DA:57,11
DA:59,11
DA:60,11
DA:61,11
DA:65,33
DA:68,33
DA:69,33
DA:71,33
DA:73,2
DA:74,1
DA:75,1
DA:78,1
DA:80,31
DA:82,0
DA:83,0
DA:86,31
DA:89,33
DA:90,33
DA:91,33
DA:92,33
DA:96,30
DA:97,30
DA:98,30
DA:100,0
DA:107,32
DA:108,32
DA:110,32
DA:115,32
DA:116,11
DA:119,32
DA:120,21
DA:121,21
DA:124,32
DA:125,32
DA:127,32
DA:128,24
DA:130,8
DA:135,28
DA:144,9
DA:145,9
DA:146,9
DA:147,9
DA:149,9
DA:150,1
DA:163,8
DA:166,8
DA:181,38
DA:182,1
DA:183,1
DA:184,1
DA:185,1
DA:186,1
DA:189,37
DA:190,2
DA:191,2
DA:192,2
DA:195,35
DA:196,3
DA:200,3
DA:201,3
DA:202,3
DA:205,32
DA:206,32
DA:208,32
DA:209,2
DA:210,2
DA:213,2
DA:216,30
DA:219,30
DA:222,30
DA:223,30
DA:224,5
DA:225,5
DA:229,5
DA:232,25
DA:233,25
DA:234,25
DA:236,25
DA:237,11
DA:238,11
DA:239,11
DA:240,11
DA:245,11
DA:248,14
DA:250,14
DA:251,5
DA:253,5
DA:254,2
DA:255,2
DA:261,2
DA:264,3
DA:270,3
DA:273,9
DA:275,9
DA:276,1
DA:280,1
DA:284,8
DA:285,1
DA:286,1
DA:291,1
DA:295,7
DA:297,6
DA:298,6
DA:300,0
DA:304,1
DA:308,7
DA:313,7
LF:132
LH:128
BRDA:21,0,0,40
BRDA:21,0,1,40
BRDA:22,1,0,40
BRDA:22,1,1,40
BRDA:23,2,0,40
BRDA:23,2,1,40
BRDA:34,3,0,42
BRDA:34,3,1,1
BRDA:46,4,0,32
BRDA:46,4,1,0
BRDA:50,5,0,32
BRDA:50,5,1,7
BRDA:51,6,0,24
BRDA:51,6,1,8
BRDA:57,7,0,0
BRDA:57,7,1,11
BRDA:57,8,0,11
BRDA:57,8,1,11
BRDA:60,9,0,0
BRDA:60,9,1,11
BRDA:64,10,0,1
BRDA:68,11,0,33
BRDA:68,11,1,33
BRDA:69,12,0,33
BRDA:69,12,1,33
BRDA:69,12,2,33
BRDA:71,13,0,2
BRDA:71,13,1,31
BRDA:71,14,0,33
BRDA:71,14,1,2
BRDA:73,15,0,1
BRDA:73,15,1,1
BRDA:73,16,0,2
BRDA:73,16,1,2
BRDA:80,17,0,0
BRDA:80,17,1,31
BRDA:80,18,0,31
BRDA:80,18,1,0
BRDA:97,19,0,30
BRDA:97,19,1,0
BRDA:97,20,0,30
BRDA:97,20,1,30
BRDA:106,21,0,2
BRDA:106,22,0,2
BRDA:106,23,0,2
BRDA:115,24,0,11
BRDA:115,24,1,21
BRDA:119,25,0,21
BRDA:119,25,1,11
BRDA:127,26,0,24
BRDA:127,26,1,8
BRDA:144,27,0,9
BRDA:144,27,1,0
BRDA:145,28,0,9
BRDA:145,28,1,0
BRDA:147,29,0,7
BRDA:147,29,1,2
BRDA:149,30,0,1
BRDA:149,30,1,8
BRDA:163,31,0,7
BRDA:163,31,1,1
BRDA:174,32,0,7
BRDA:174,32,1,1
BRDA:181,33,0,1
BRDA:181,33,1,37
BRDA:189,34,0,2
BRDA:189,34,1,35
BRDA:189,35,0,37
BRDA:189,35,1,36
BRDA:195,36,0,3
BRDA:195,36,1,32
BRDA:208,37,0,2
BRDA:208,37,1,30
BRDA:208,38,0,32
BRDA:208,38,1,31
BRDA:223,39,0,5
BRDA:223,39,1,25
BRDA:233,40,0,25
BRDA:233,40,1,0
BRDA:236,41,0,11
BRDA:236,41,1,14
BRDA:250,42,0,5
BRDA:250,42,1,9
BRDA:253,43,0,2
BRDA:253,43,1,3
BRDA:275,44,0,1
BRDA:275,44,1,8
BRDA:284,45,0,1
BRDA:284,45,1,7
BRDA:297,46,0,6
BRDA:297,46,1,0
BRF:91
BRH:81
end_of_record
